<?xml version="1.0" encoding="UTF-8"?>
<testng-results skipped="0" failed="2" total="2" passed="0">
  <reporter-output>
  </reporter-output>
  <suite name="Default suite" duration-ms="7694" started-at="2019-05-07T10:39:00Z" finished-at="2019-05-07T10:39:07Z">
    <groups>
    </groups>
    <test name="Default test" duration-ms="7694" started-at="2019-05-07T10:39:00Z" finished-at="2019-05-07T10:39:07Z">
      <class name="com.travelex.automation.api.duedil.FCPAdpaterScreening">
        <test-method status="PASS" signature="beforeClass()[pri:0, instance:com.travelex.automation.api.duedil.FCPAdpaterScreening@e45f292]" name="beforeClass" is-config="true" duration-ms="61" started-at="2019-05-07T16:09:00Z" finished-at="2019-05-07T16:09:00Z">
          <reporter-output>
          </reporter-output>
        </test-method> <!-- beforeClass -->
        <test-method status="FAIL" signature="duedilScreeningApiTest(java.lang.String, java.lang.String, java.lang.String, java.lang.String, java.lang.String, java.lang.String, java.lang.String, java.lang.String, java.lang.String, java.lang.String, java.lang.String)[pri:0, instance:com.travelex.automation.api.duedil.FCPAdpaterScreening@e45f292]" name="duedilScreeningApiTest" duration-ms="5162" started-at="2019-05-07T16:09:01Z" data-provider="DuedilScreeningApiDataProvider" finished-at="2019-05-07T16:09:06Z">
          <params>
            <param index="0">
              <value>
                <![CDATA[6.0]]>
              </value>
            </param>
            <param index="1">
              <value>
                <![CDATA[Martha J KING]]>
              </value>
            </param>
            <param index="2">
              <value>
                <![CDATA[NULL]]>
              </value>
            </param>
            <param index="3">
              <value>
                <![CDATA[Frankfort]]>
              </value>
            </param>
            <param index="4">
              <value>
                <![CDATA[Kentucky]]>
              </value>
            </param>
            <param index="5">
              <value>
                <![CDATA[USA]]>
              </value>
            </param>
            <param index="6">
              <value>
                <![CDATA[05/05/1987]]>
              </value>
            </param>
            <param index="7">
              <value>
                <![CDATA[NULL]]>
              </value>
            </param>
            <param index="8">
              <value>
                <![CDATA[PEPSD]]>
              </value>
            </param>
            <param index="9">
              <value>
                <![CDATA[HIT]]>
              </value>
            </param>
            <param index="10">
              <value>
                <![CDATA[Martha Jane KING]]>
              </value>
            </param>
          </params>
          <exception class="java.lang.AssertionError">
            <message>
              <![CDATA[Martha Jane KING not found in the hit response object expected [true] but found [false]]]>
            </message>
            <full-stacktrace>
              <![CDATA[java.lang.AssertionError: Martha Jane KING not found in the hit response object expected [true] but found [false]
	at org.testng.Assert.fail(Assert.java:94)
	at org.testng.Assert.failNotEquals(Assert.java:494)
	at org.testng.Assert.assertTrue(Assert.java:42)
	at com.travelex.automation.api.methods.ExecuteApiMethods_FCP.executePostMethodForFCPAdapter(ExecuteApiMethods_FCP.java:129)
	at com.travelex.automation.api.duedil.FCPAdpaterScreening.duedilScreeningApiTest(FCPAdpaterScreening.java:136)
	at sun.reflect.NativeMethodAccessorImpl.invoke0(Native Method)
	at sun.reflect.NativeMethodAccessorImpl.invoke(Unknown Source)
	at sun.reflect.DelegatingMethodAccessorImpl.invoke(Unknown Source)
	at java.lang.reflect.Method.invoke(Unknown Source)
	at org.testng.internal.MethodInvocationHelper.invokeMethod(MethodInvocationHelper.java:85)
	at org.testng.internal.Invoker.invokeMethod(Invoker.java:696)
	at org.testng.internal.Invoker.invokeTestMethod(Invoker.java:882)
	at org.testng.internal.Invoker.invokeTestMethods(Invoker.java:1189)
	at org.testng.internal.TestMethodWorker.invokeTestMethods(TestMethodWorker.java:124)
	at org.testng.internal.TestMethodWorker.run(TestMethodWorker.java:108)
	at org.testng.TestRunner.privateRun(TestRunner.java:767)
	at org.testng.TestRunner.run(TestRunner.java:617)
	at org.testng.SuiteRunner.runTest(SuiteRunner.java:348)
	at org.testng.SuiteRunner.runSequentially(SuiteRunner.java:343)
	at org.testng.SuiteRunner.privateRun(SuiteRunner.java:305)
	at org.testng.SuiteRunner.run(SuiteRunner.java:254)
	at org.testng.SuiteRunnerWorker.runSuite(SuiteRunnerWorker.java:52)
	at org.testng.SuiteRunnerWorker.run(SuiteRunnerWorker.java:86)
	at org.testng.TestNG.runSuitesSequentially(TestNG.java:1224)
	at org.testng.TestNG.runSuitesLocally(TestNG.java:1149)
	at org.testng.TestNG.run(TestNG.java:1057)
	at org.testng.remote.AbstractRemoteTestNG.run(AbstractRemoteTestNG.java:114)
	at org.testng.remote.RemoteTestNG.initAndRun(RemoteTestNG.java:251)
	at org.testng.remote.RemoteTestNG.main(RemoteTestNG.java:77)
]]>
            </full-stacktrace>
          </exception> <!-- java.lang.AssertionError -->
          <reporter-output>
          </reporter-output>
        </test-method> <!-- duedilScreeningApiTest -->
        <test-method status="FAIL" signature="duedilScreeningApiTest(java.lang.String, java.lang.String, java.lang.String, java.lang.String, java.lang.String, java.lang.String, java.lang.String, java.lang.String, java.lang.String, java.lang.String, java.lang.String)[pri:0, instance:com.travelex.automation.api.duedil.FCPAdpaterScreening@e45f292]" name="duedilScreeningApiTest" duration-ms="1064" started-at="2019-05-07T16:09:06Z" data-provider="DuedilScreeningApiDataProvider" finished-at="2019-05-07T16:09:07Z">
          <params>
            <param index="0">
              <value>
                <![CDATA[173.0]]>
              </value>
            </param>
            <param index="1">
              <value>
                <![CDATA[Eissa Jaan HAJI ABDUL QAYOOUM]]>
              </value>
            </param>
            <param index="2">
              <value>
                <![CDATA[NULL]]>
              </value>
            </param>
            <param index="3">
              <value>
                <![CDATA[Mumbai]]>
              </value>
            </param>
            <param index="4">
              <value>
                <![CDATA[Maharashtra]]>
              </value>
            </param>
            <param index="5">
              <value>
                <![CDATA[INDIA]]>
              </value>
            </param>
            <param index="6">
              <value>
                <![CDATA[08/23/1686]]>
              </value>
            </param>
            <param index="7">
              <value>
                <![CDATA[NULL]]>
              </value>
            </param>
            <param index="8">
              <value>
                <![CDATA[UKSANCTIONSD]]>
              </value>
            </param>
            <param index="9">
              <value>
                <![CDATA[NO HIT]]>
              </value>
            </param>
            <param index="10">
              <value>
                <![CDATA[Eissa Jan HAJI ABDUL QAYOUM]]>
              </value>
            </param>
          </params>
          <exception class="java.lang.AssertionError">
            <message>
              <![CDATA[No Hit was expected but HIT FOUND expected [true] but found [false]]]>
            </message>
            <full-stacktrace>
              <![CDATA[java.lang.AssertionError: No Hit was expected but HIT FOUND expected [true] but found [false]
	at org.testng.Assert.fail(Assert.java:94)
	at org.testng.Assert.failNotEquals(Assert.java:494)
	at org.testng.Assert.assertTrue(Assert.java:42)
	at com.travelex.automation.api.methods.ExecuteApiMethods_FCP.executePostMethodForFCPAdapter(ExecuteApiMethods_FCP.java:140)
	at com.travelex.automation.api.duedil.FCPAdpaterScreening.duedilScreeningApiTest(FCPAdpaterScreening.java:136)
	at sun.reflect.NativeMethodAccessorImpl.invoke0(Native Method)
	at sun.reflect.NativeMethodAccessorImpl.invoke(Unknown Source)
	at sun.reflect.DelegatingMethodAccessorImpl.invoke(Unknown Source)
	at java.lang.reflect.Method.invoke(Unknown Source)
	at org.testng.internal.MethodInvocationHelper.invokeMethod(MethodInvocationHelper.java:85)
	at org.testng.internal.Invoker.invokeMethod(Invoker.java:696)
	at org.testng.internal.Invoker.invokeTestMethod(Invoker.java:882)
	at org.testng.internal.Invoker.invokeTestMethods(Invoker.java:1189)
	at org.testng.internal.TestMethodWorker.invokeTestMethods(TestMethodWorker.java:124)
	at org.testng.internal.TestMethodWorker.run(TestMethodWorker.java:108)
	at org.testng.TestRunner.privateRun(TestRunner.java:767)
	at org.testng.TestRunner.run(TestRunner.java:617)
	at org.testng.SuiteRunner.runTest(SuiteRunner.java:348)
	at org.testng.SuiteRunner.runSequentially(SuiteRunner.java:343)
	at org.testng.SuiteRunner.privateRun(SuiteRunner.java:305)
	at org.testng.SuiteRunner.run(SuiteRunner.java:254)
	at org.testng.SuiteRunnerWorker.runSuite(SuiteRunnerWorker.java:52)
	at org.testng.SuiteRunnerWorker.run(SuiteRunnerWorker.java:86)
	at org.testng.TestNG.runSuitesSequentially(TestNG.java:1224)
	at org.testng.TestNG.runSuitesLocally(TestNG.java:1149)
	at org.testng.TestNG.run(TestNG.java:1057)
	at org.testng.remote.AbstractRemoteTestNG.run(AbstractRemoteTestNG.java:114)
	at org.testng.remote.RemoteTestNG.initAndRun(RemoteTestNG.java:251)
	at org.testng.remote.RemoteTestNG.main(RemoteTestNG.java:77)
]]>
            </full-stacktrace>
          </exception> <!-- java.lang.AssertionError -->
          <reporter-output>
          </reporter-output>
        </test-method> <!-- duedilScreeningApiTest -->
      </class> <!-- com.travelex.automation.api.duedil.FCPAdpaterScreening -->
    </test> <!-- Default test -->
  </suite> <!-- Default suite -->
</testng-results>
