<?xml version="1.0" encoding="UTF-8"?>
<!-- Generated by org.testng.reporters.JUnitReportReporter -->
<testsuite hostname="IN-MU-LT-J27309" name="com.travelex.automation.api.duedil.FCPAdpaterScreening" tests="400" failures="0" timestamp="7 May 2019 09:48:18 GMT" time="949.072" errors="52">
  <testcase name="duedilScreeningApiTest" time="2.435" classname="com.travelex.automation.api.duedil.FCPAdpaterScreening"/>
  <testcase name="duedilScreeningApiTest" time="2.757" classname="com.travelex.automation.api.duedil.FCPAdpaterScreening"/>
  <testcase name="duedilScreeningApiTest" time="2.448" classname="com.travelex.automation.api.duedil.FCPAdpaterScreening"/>
  <testcase name="duedilScreeningApiTest" time="2.185" classname="com.travelex.automation.api.duedil.FCPAdpaterScreening"/>
  <testcase name="duedilScreeningApiTest" time="2.129" classname="com.travelex.automation.api.duedil.FCPAdpaterScreening"/>
  <testcase name="duedilScreeningApiTest" time="2.491" classname="com.travelex.automation.api.duedil.FCPAdpaterScreening"/>
  <testcase name="duedilScreeningApiTest" time="2.363" classname="com.travelex.automation.api.duedil.FCPAdpaterScreening"/>
  <testcase name="duedilScreeningApiTest" time="2.113" classname="com.travelex.automation.api.duedil.FCPAdpaterScreening"/>
  <testcase name="duedilScreeningApiTest" time="7.937" classname="com.travelex.automation.api.duedil.FCPAdpaterScreening"/>
  <testcase name="duedilScreeningApiTest" time="2.213" classname="com.travelex.automation.api.duedil.FCPAdpaterScreening"/>
  <testcase name="duedilScreeningApiTest" time="2.362" classname="com.travelex.automation.api.duedil.FCPAdpaterScreening"/>
  <testcase name="duedilScreeningApiTest" time="2.522" classname="com.travelex.automation.api.duedil.FCPAdpaterScreening"/>
  <testcase name="duedilScreeningApiTest" time="2.100" classname="com.travelex.automation.api.duedil.FCPAdpaterScreening"/>
  <testcase name="duedilScreeningApiTest" time="2.480" classname="com.travelex.automation.api.duedil.FCPAdpaterScreening"/>
  <testcase name="duedilScreeningApiTest" time="2.163" classname="com.travelex.automation.api.duedil.FCPAdpaterScreening"/>
  <testcase name="duedilScreeningApiTest" time="2.539" classname="com.travelex.automation.api.duedil.FCPAdpaterScreening"/>
  <testcase name="duedilScreeningApiTest" time="2.284" classname="com.travelex.automation.api.duedil.FCPAdpaterScreening"/>
  <testcase name="duedilScreeningApiTest" time="8.474" classname="com.travelex.automation.api.duedil.FCPAdpaterScreening"/>
  <testcase name="duedilScreeningApiTest" time="2.298" classname="com.travelex.automation.api.duedil.FCPAdpaterScreening"/>
  <testcase name="duedilScreeningApiTest" time="2.401" classname="com.travelex.automation.api.duedil.FCPAdpaterScreening"/>
  <testcase name="duedilScreeningApiTest" time="2.476" classname="com.travelex.automation.api.duedil.FCPAdpaterScreening"/>
  <testcase name="duedilScreeningApiTest" time="2.462" classname="com.travelex.automation.api.duedil.FCPAdpaterScreening"/>
  <testcase name="duedilScreeningApiTest" time="2.308" classname="com.travelex.automation.api.duedil.FCPAdpaterScreening"/>
  <testcase name="duedilScreeningApiTest" time="2.125" classname="com.travelex.automation.api.duedil.FCPAdpaterScreening"/>
  <testcase name="duedilScreeningApiTest" time="2.182" classname="com.travelex.automation.api.duedil.FCPAdpaterScreening"/>
  <testcase name="duedilScreeningApiTest" time="2.661" classname="com.travelex.automation.api.duedil.FCPAdpaterScreening">
    <error type="java.lang.AssertionError" message="Hit was expected but NO HIT FOUND expected [true] but found [false]">
      <![CDATA[java.lang.AssertionError: Hit was expected but NO HIT FOUND expected [true] but found [false]
	at org.testng.Assert.fail(Assert.java:94)
	at org.testng.Assert.failNotEquals(Assert.java:494)
	at org.testng.Assert.assertTrue(Assert.java:42)
	at com.travelex.automation.api.methods.ExecuteApiMethods_FCP.executePostMethodForFCPAdapter(ExecuteApiMethods_FCP.java:99)
	at com.travelex.automation.api.duedil.FCPAdpaterScreening.duedilScreeningApiTest(FCPAdpaterScreening.java:136)
	at sun.reflect.GeneratedMethodAccessor59.invoke(Unknown Source)
	at sun.reflect.DelegatingMethodAccessorImpl.invoke(Unknown Source)
	at java.lang.reflect.Method.invoke(Unknown Source)
	at org.testng.internal.MethodInvocationHelper.invokeMethod(MethodInvocationHelper.java:85)
	at org.testng.internal.Invoker.invokeMethod(Invoker.java:696)
	at org.testng.internal.Invoker.invokeTestMethod(Invoker.java:882)
	at org.testng.internal.Invoker.invokeTestMethods(Invoker.java:1189)
	at org.testng.internal.TestMethodWorker.invokeTestMethods(TestMethodWorker.java:124)
	at org.testng.internal.TestMethodWorker.run(TestMethodWorker.java:108)
	at org.testng.TestRunner.privateRun(TestRunner.java:767)
	at org.testng.TestRunner.run(TestRunner.java:617)
	at org.testng.SuiteRunner.runTest(SuiteRunner.java:348)
	at org.testng.SuiteRunner.runSequentially(SuiteRunner.java:343)
	at org.testng.SuiteRunner.privateRun(SuiteRunner.java:305)
	at org.testng.SuiteRunner.run(SuiteRunner.java:254)
	at org.testng.SuiteRunnerWorker.runSuite(SuiteRunnerWorker.java:52)
	at org.testng.SuiteRunnerWorker.run(SuiteRunnerWorker.java:86)
	at org.testng.TestNG.runSuitesSequentially(TestNG.java:1224)
	at org.testng.TestNG.runSuitesLocally(TestNG.java:1149)
	at org.testng.TestNG.run(TestNG.java:1057)
	at org.testng.remote.AbstractRemoteTestNG.run(AbstractRemoteTestNG.java:114)
	at org.testng.remote.RemoteTestNG.initAndRun(RemoteTestNG.java:251)
	at org.testng.remote.RemoteTestNG.main(RemoteTestNG.java:77)
]]>
    </error>
  </testcase> <!-- duedilScreeningApiTest -->
  <testcase name="duedilScreeningApiTest" time="2.258" classname="com.travelex.automation.api.duedil.FCPAdpaterScreening"/>
  <testcase name="duedilScreeningApiTest" time="1.992" classname="com.travelex.automation.api.duedil.FCPAdpaterScreening"/>
  <testcase name="duedilScreeningApiTest" time="2.481" classname="com.travelex.automation.api.duedil.FCPAdpaterScreening"/>
  <testcase name="duedilScreeningApiTest" time="1.900" classname="com.travelex.automation.api.duedil.FCPAdpaterScreening">
    <error type="java.lang.AssertionError" message="Hit was expected but NO HIT FOUND expected [true] but found [false]">
      <![CDATA[java.lang.AssertionError: Hit was expected but NO HIT FOUND expected [true] but found [false]
	at org.testng.Assert.fail(Assert.java:94)
	at org.testng.Assert.failNotEquals(Assert.java:494)
	at org.testng.Assert.assertTrue(Assert.java:42)
	at com.travelex.automation.api.methods.ExecuteApiMethods_FCP.executePostMethodForFCPAdapter(ExecuteApiMethods_FCP.java:99)
	at com.travelex.automation.api.duedil.FCPAdpaterScreening.duedilScreeningApiTest(FCPAdpaterScreening.java:136)
	at sun.reflect.GeneratedMethodAccessor59.invoke(Unknown Source)
	at sun.reflect.DelegatingMethodAccessorImpl.invoke(Unknown Source)
	at java.lang.reflect.Method.invoke(Unknown Source)
	at org.testng.internal.MethodInvocationHelper.invokeMethod(MethodInvocationHelper.java:85)
	at org.testng.internal.Invoker.invokeMethod(Invoker.java:696)
	at org.testng.internal.Invoker.invokeTestMethod(Invoker.java:882)
	at org.testng.internal.Invoker.invokeTestMethods(Invoker.java:1189)
	at org.testng.internal.TestMethodWorker.invokeTestMethods(TestMethodWorker.java:124)
	at org.testng.internal.TestMethodWorker.run(TestMethodWorker.java:108)
	at org.testng.TestRunner.privateRun(TestRunner.java:767)
	at org.testng.TestRunner.run(TestRunner.java:617)
	at org.testng.SuiteRunner.runTest(SuiteRunner.java:348)
	at org.testng.SuiteRunner.runSequentially(SuiteRunner.java:343)
	at org.testng.SuiteRunner.privateRun(SuiteRunner.java:305)
	at org.testng.SuiteRunner.run(SuiteRunner.java:254)
	at org.testng.SuiteRunnerWorker.runSuite(SuiteRunnerWorker.java:52)
	at org.testng.SuiteRunnerWorker.run(SuiteRunnerWorker.java:86)
	at org.testng.TestNG.runSuitesSequentially(TestNG.java:1224)
	at org.testng.TestNG.runSuitesLocally(TestNG.java:1149)
	at org.testng.TestNG.run(TestNG.java:1057)
	at org.testng.remote.AbstractRemoteTestNG.run(AbstractRemoteTestNG.java:114)
	at org.testng.remote.RemoteTestNG.initAndRun(RemoteTestNG.java:251)
	at org.testng.remote.RemoteTestNG.main(RemoteTestNG.java:77)
]]>
    </error>
  </testcase> <!-- duedilScreeningApiTest -->
  <testcase name="duedilScreeningApiTest" time="2.262" classname="com.travelex.automation.api.duedil.FCPAdpaterScreening"/>
  <testcase name="duedilScreeningApiTest" time="2.283" classname="com.travelex.automation.api.duedil.FCPAdpaterScreening"/>
  <testcase name="duedilScreeningApiTest" time="1.836" classname="com.travelex.automation.api.duedil.FCPAdpaterScreening"/>
  <testcase name="duedilScreeningApiTest" time="2.180" classname="com.travelex.automation.api.duedil.FCPAdpaterScreening"/>
  <testcase name="duedilScreeningApiTest" time="2.584" classname="com.travelex.automation.api.duedil.FCPAdpaterScreening"/>
  <testcase name="duedilScreeningApiTest" time="2.179" classname="com.travelex.automation.api.duedil.FCPAdpaterScreening"/>
  <testcase name="duedilScreeningApiTest" time="2.656" classname="com.travelex.automation.api.duedil.FCPAdpaterScreening"/>
  <testcase name="duedilScreeningApiTest" time="2.054" classname="com.travelex.automation.api.duedil.FCPAdpaterScreening"/>
  <testcase name="duedilScreeningApiTest" time="2.046" classname="com.travelex.automation.api.duedil.FCPAdpaterScreening"/>
  <testcase name="duedilScreeningApiTest" time="2.291" classname="com.travelex.automation.api.duedil.FCPAdpaterScreening"/>
  <testcase name="duedilScreeningApiTest" time="2.207" classname="com.travelex.automation.api.duedil.FCPAdpaterScreening">
    <error type="java.lang.AssertionError" message="No Hit was expected but HIT FOUND expected [true] but found [false]">
      <![CDATA[java.lang.AssertionError: No Hit was expected but HIT FOUND expected [true] but found [false]
	at org.testng.Assert.fail(Assert.java:94)
	at org.testng.Assert.failNotEquals(Assert.java:494)
	at org.testng.Assert.assertTrue(Assert.java:42)
	at com.travelex.automation.api.methods.ExecuteApiMethods_FCP.executePostMethodForFCPAdapter(ExecuteApiMethods_FCP.java:140)
	at com.travelex.automation.api.duedil.FCPAdpaterScreening.duedilScreeningApiTest(FCPAdpaterScreening.java:136)
	at sun.reflect.GeneratedMethodAccessor59.invoke(Unknown Source)
	at sun.reflect.DelegatingMethodAccessorImpl.invoke(Unknown Source)
	at java.lang.reflect.Method.invoke(Unknown Source)
	at org.testng.internal.MethodInvocationHelper.invokeMethod(MethodInvocationHelper.java:85)
	at org.testng.internal.Invoker.invokeMethod(Invoker.java:696)
	at org.testng.internal.Invoker.invokeTestMethod(Invoker.java:882)
	at org.testng.internal.Invoker.invokeTestMethods(Invoker.java:1189)
	at org.testng.internal.TestMethodWorker.invokeTestMethods(TestMethodWorker.java:124)
	at org.testng.internal.TestMethodWorker.run(TestMethodWorker.java:108)
	at org.testng.TestRunner.privateRun(TestRunner.java:767)
	at org.testng.TestRunner.run(TestRunner.java:617)
	at org.testng.SuiteRunner.runTest(SuiteRunner.java:348)
	at org.testng.SuiteRunner.runSequentially(SuiteRunner.java:343)
	at org.testng.SuiteRunner.privateRun(SuiteRunner.java:305)
	at org.testng.SuiteRunner.run(SuiteRunner.java:254)
	at org.testng.SuiteRunnerWorker.runSuite(SuiteRunnerWorker.java:52)
	at org.testng.SuiteRunnerWorker.run(SuiteRunnerWorker.java:86)
	at org.testng.TestNG.runSuitesSequentially(TestNG.java:1224)
	at org.testng.TestNG.runSuitesLocally(TestNG.java:1149)
	at org.testng.TestNG.run(TestNG.java:1057)
	at org.testng.remote.AbstractRemoteTestNG.run(AbstractRemoteTestNG.java:114)
	at org.testng.remote.RemoteTestNG.initAndRun(RemoteTestNG.java:251)
	at org.testng.remote.RemoteTestNG.main(RemoteTestNG.java:77)
]]>
    </error>
  </testcase> <!-- duedilScreeningApiTest -->
  <testcase name="duedilScreeningApiTest" time="2.359" classname="com.travelex.automation.api.duedil.FCPAdpaterScreening"/>
  <testcase name="duedilScreeningApiTest" time="5.177" classname="com.travelex.automation.api.duedil.FCPAdpaterScreening"/>
  <testcase name="duedilScreeningApiTest" time="2.238" classname="com.travelex.automation.api.duedil.FCPAdpaterScreening"/>
  <testcase name="duedilScreeningApiTest" time="2.545" classname="com.travelex.automation.api.duedil.FCPAdpaterScreening"/>
  <testcase name="duedilScreeningApiTest" time="3.326" classname="com.travelex.automation.api.duedil.FCPAdpaterScreening">
    <error type="java.lang.AssertionError" message="Hit was expected but NO HIT FOUND expected [true] but found [false]">
      <![CDATA[java.lang.AssertionError: Hit was expected but NO HIT FOUND expected [true] but found [false]
	at org.testng.Assert.fail(Assert.java:94)
	at org.testng.Assert.failNotEquals(Assert.java:494)
	at org.testng.Assert.assertTrue(Assert.java:42)
	at com.travelex.automation.api.methods.ExecuteApiMethods_FCP.executePostMethodForFCPAdapter(ExecuteApiMethods_FCP.java:99)
	at com.travelex.automation.api.duedil.FCPAdpaterScreening.duedilScreeningApiTest(FCPAdpaterScreening.java:136)
	at sun.reflect.GeneratedMethodAccessor59.invoke(Unknown Source)
	at sun.reflect.DelegatingMethodAccessorImpl.invoke(Unknown Source)
	at java.lang.reflect.Method.invoke(Unknown Source)
	at org.testng.internal.MethodInvocationHelper.invokeMethod(MethodInvocationHelper.java:85)
	at org.testng.internal.Invoker.invokeMethod(Invoker.java:696)
	at org.testng.internal.Invoker.invokeTestMethod(Invoker.java:882)
	at org.testng.internal.Invoker.invokeTestMethods(Invoker.java:1189)
	at org.testng.internal.TestMethodWorker.invokeTestMethods(TestMethodWorker.java:124)
	at org.testng.internal.TestMethodWorker.run(TestMethodWorker.java:108)
	at org.testng.TestRunner.privateRun(TestRunner.java:767)
	at org.testng.TestRunner.run(TestRunner.java:617)
	at org.testng.SuiteRunner.runTest(SuiteRunner.java:348)
	at org.testng.SuiteRunner.runSequentially(SuiteRunner.java:343)
	at org.testng.SuiteRunner.privateRun(SuiteRunner.java:305)
	at org.testng.SuiteRunner.run(SuiteRunner.java:254)
	at org.testng.SuiteRunnerWorker.runSuite(SuiteRunnerWorker.java:52)
	at org.testng.SuiteRunnerWorker.run(SuiteRunnerWorker.java:86)
	at org.testng.TestNG.runSuitesSequentially(TestNG.java:1224)
	at org.testng.TestNG.runSuitesLocally(TestNG.java:1149)
	at org.testng.TestNG.run(TestNG.java:1057)
	at org.testng.remote.AbstractRemoteTestNG.run(AbstractRemoteTestNG.java:114)
	at org.testng.remote.RemoteTestNG.initAndRun(RemoteTestNG.java:251)
	at org.testng.remote.RemoteTestNG.main(RemoteTestNG.java:77)
]]>
    </error>
  </testcase> <!-- duedilScreeningApiTest -->
  <testcase name="duedilScreeningApiTest" time="1.725" classname="com.travelex.automation.api.duedil.FCPAdpaterScreening"/>
  <testcase name="duedilScreeningApiTest" time="2.064" classname="com.travelex.automation.api.duedil.FCPAdpaterScreening"/>
  <testcase name="duedilScreeningApiTest" time="2.385" classname="com.travelex.automation.api.duedil.FCPAdpaterScreening"/>
  <testcase name="duedilScreeningApiTest" time="1.768" classname="com.travelex.automation.api.duedil.FCPAdpaterScreening"/>
  <testcase name="duedilScreeningApiTest" time="2.122" classname="com.travelex.automation.api.duedil.FCPAdpaterScreening">
    <error type="java.lang.AssertionError" message="Hit was expected but NO HIT FOUND expected [true] but found [false]">
      <![CDATA[java.lang.AssertionError: Hit was expected but NO HIT FOUND expected [true] but found [false]
	at org.testng.Assert.fail(Assert.java:94)
	at org.testng.Assert.failNotEquals(Assert.java:494)
	at org.testng.Assert.assertTrue(Assert.java:42)
	at com.travelex.automation.api.methods.ExecuteApiMethods_FCP.executePostMethodForFCPAdapter(ExecuteApiMethods_FCP.java:99)
	at com.travelex.automation.api.duedil.FCPAdpaterScreening.duedilScreeningApiTest(FCPAdpaterScreening.java:136)
	at sun.reflect.GeneratedMethodAccessor59.invoke(Unknown Source)
	at sun.reflect.DelegatingMethodAccessorImpl.invoke(Unknown Source)
	at java.lang.reflect.Method.invoke(Unknown Source)
	at org.testng.internal.MethodInvocationHelper.invokeMethod(MethodInvocationHelper.java:85)
	at org.testng.internal.Invoker.invokeMethod(Invoker.java:696)
	at org.testng.internal.Invoker.invokeTestMethod(Invoker.java:882)
	at org.testng.internal.Invoker.invokeTestMethods(Invoker.java:1189)
	at org.testng.internal.TestMethodWorker.invokeTestMethods(TestMethodWorker.java:124)
	at org.testng.internal.TestMethodWorker.run(TestMethodWorker.java:108)
	at org.testng.TestRunner.privateRun(TestRunner.java:767)
	at org.testng.TestRunner.run(TestRunner.java:617)
	at org.testng.SuiteRunner.runTest(SuiteRunner.java:348)
	at org.testng.SuiteRunner.runSequentially(SuiteRunner.java:343)
	at org.testng.SuiteRunner.privateRun(SuiteRunner.java:305)
	at org.testng.SuiteRunner.run(SuiteRunner.java:254)
	at org.testng.SuiteRunnerWorker.runSuite(SuiteRunnerWorker.java:52)
	at org.testng.SuiteRunnerWorker.run(SuiteRunnerWorker.java:86)
	at org.testng.TestNG.runSuitesSequentially(TestNG.java:1224)
	at org.testng.TestNG.runSuitesLocally(TestNG.java:1149)
	at org.testng.TestNG.run(TestNG.java:1057)
	at org.testng.remote.AbstractRemoteTestNG.run(AbstractRemoteTestNG.java:114)
	at org.testng.remote.RemoteTestNG.initAndRun(RemoteTestNG.java:251)
	at org.testng.remote.RemoteTestNG.main(RemoteTestNG.java:77)
]]>
    </error>
  </testcase> <!-- duedilScreeningApiTest -->
  <testcase name="duedilScreeningApiTest" time="1.797" classname="com.travelex.automation.api.duedil.FCPAdpaterScreening"/>
  <testcase name="duedilScreeningApiTest" time="2.389" classname="com.travelex.automation.api.duedil.FCPAdpaterScreening"/>
  <testcase name="duedilScreeningApiTest" time="1.954" classname="com.travelex.automation.api.duedil.FCPAdpaterScreening"/>
  <testcase name="duedilScreeningApiTest" time="2.286" classname="com.travelex.automation.api.duedil.FCPAdpaterScreening"/>
  <testcase name="duedilScreeningApiTest" time="2.242" classname="com.travelex.automation.api.duedil.FCPAdpaterScreening"/>
  <testcase name="duedilScreeningApiTest" time="2.717" classname="com.travelex.automation.api.duedil.FCPAdpaterScreening"/>
  <testcase name="duedilScreeningApiTest" time="2.313" classname="com.travelex.automation.api.duedil.FCPAdpaterScreening"/>
  <testcase name="duedilScreeningApiTest" time="2.201" classname="com.travelex.automation.api.duedil.FCPAdpaterScreening"/>
  <testcase name="duedilScreeningApiTest" time="1.772" classname="com.travelex.automation.api.duedil.FCPAdpaterScreening"/>
  <testcase name="duedilScreeningApiTest" time="2.284" classname="com.travelex.automation.api.duedil.FCPAdpaterScreening"/>
  <testcase name="duedilScreeningApiTest" time="2.842" classname="com.travelex.automation.api.duedil.FCPAdpaterScreening">
    <error type="java.lang.AssertionError" message="Sa&#039;ad Muhammad Yunis AL-AHMAD not found in the hit response object expected [true] but found [false]">
      <![CDATA[java.lang.AssertionError: Sa'ad Muhammad Yunis AL-AHMAD not found in the hit response object expected [true] but found [false]
	at org.testng.Assert.fail(Assert.java:94)
	at org.testng.Assert.failNotEquals(Assert.java:494)
	at org.testng.Assert.assertTrue(Assert.java:42)
	at com.travelex.automation.api.methods.ExecuteApiMethods_FCP.executePostMethodForFCPAdapter(ExecuteApiMethods_FCP.java:129)
	at com.travelex.automation.api.duedil.FCPAdpaterScreening.duedilScreeningApiTest(FCPAdpaterScreening.java:136)
	at sun.reflect.GeneratedMethodAccessor59.invoke(Unknown Source)
	at sun.reflect.DelegatingMethodAccessorImpl.invoke(Unknown Source)
	at java.lang.reflect.Method.invoke(Unknown Source)
	at org.testng.internal.MethodInvocationHelper.invokeMethod(MethodInvocationHelper.java:85)
	at org.testng.internal.Invoker.invokeMethod(Invoker.java:696)
	at org.testng.internal.Invoker.invokeTestMethod(Invoker.java:882)
	at org.testng.internal.Invoker.invokeTestMethods(Invoker.java:1189)
	at org.testng.internal.TestMethodWorker.invokeTestMethods(TestMethodWorker.java:124)
	at org.testng.internal.TestMethodWorker.run(TestMethodWorker.java:108)
	at org.testng.TestRunner.privateRun(TestRunner.java:767)
	at org.testng.TestRunner.run(TestRunner.java:617)
	at org.testng.SuiteRunner.runTest(SuiteRunner.java:348)
	at org.testng.SuiteRunner.runSequentially(SuiteRunner.java:343)
	at org.testng.SuiteRunner.privateRun(SuiteRunner.java:305)
	at org.testng.SuiteRunner.run(SuiteRunner.java:254)
	at org.testng.SuiteRunnerWorker.runSuite(SuiteRunnerWorker.java:52)
	at org.testng.SuiteRunnerWorker.run(SuiteRunnerWorker.java:86)
	at org.testng.TestNG.runSuitesSequentially(TestNG.java:1224)
	at org.testng.TestNG.runSuitesLocally(TestNG.java:1149)
	at org.testng.TestNG.run(TestNG.java:1057)
	at org.testng.remote.AbstractRemoteTestNG.run(AbstractRemoteTestNG.java:114)
	at org.testng.remote.RemoteTestNG.initAndRun(RemoteTestNG.java:251)
	at org.testng.remote.RemoteTestNG.main(RemoteTestNG.java:77)
]]>
    </error>
  </testcase> <!-- duedilScreeningApiTest -->
  <testcase name="duedilScreeningApiTest" time="2.000" classname="com.travelex.automation.api.duedil.FCPAdpaterScreening"/>
  <testcase name="duedilScreeningApiTest" time="2.469" classname="com.travelex.automation.api.duedil.FCPAdpaterScreening"/>
  <testcase name="duedilScreeningApiTest" time="2.030" classname="com.travelex.automation.api.duedil.FCPAdpaterScreening">
    <error type="java.lang.AssertionError" message="Hit was expected but NO HIT FOUND expected [true] but found [false]">
      <![CDATA[java.lang.AssertionError: Hit was expected but NO HIT FOUND expected [true] but found [false]
	at org.testng.Assert.fail(Assert.java:94)
	at org.testng.Assert.failNotEquals(Assert.java:494)
	at org.testng.Assert.assertTrue(Assert.java:42)
	at com.travelex.automation.api.methods.ExecuteApiMethods_FCP.executePostMethodForFCPAdapter(ExecuteApiMethods_FCP.java:99)
	at com.travelex.automation.api.duedil.FCPAdpaterScreening.duedilScreeningApiTest(FCPAdpaterScreening.java:136)
	at sun.reflect.GeneratedMethodAccessor59.invoke(Unknown Source)
	at sun.reflect.DelegatingMethodAccessorImpl.invoke(Unknown Source)
	at java.lang.reflect.Method.invoke(Unknown Source)
	at org.testng.internal.MethodInvocationHelper.invokeMethod(MethodInvocationHelper.java:85)
	at org.testng.internal.Invoker.invokeMethod(Invoker.java:696)
	at org.testng.internal.Invoker.invokeTestMethod(Invoker.java:882)
	at org.testng.internal.Invoker.invokeTestMethods(Invoker.java:1189)
	at org.testng.internal.TestMethodWorker.invokeTestMethods(TestMethodWorker.java:124)
	at org.testng.internal.TestMethodWorker.run(TestMethodWorker.java:108)
	at org.testng.TestRunner.privateRun(TestRunner.java:767)
	at org.testng.TestRunner.run(TestRunner.java:617)
	at org.testng.SuiteRunner.runTest(SuiteRunner.java:348)
	at org.testng.SuiteRunner.runSequentially(SuiteRunner.java:343)
	at org.testng.SuiteRunner.privateRun(SuiteRunner.java:305)
	at org.testng.SuiteRunner.run(SuiteRunner.java:254)
	at org.testng.SuiteRunnerWorker.runSuite(SuiteRunnerWorker.java:52)
	at org.testng.SuiteRunnerWorker.run(SuiteRunnerWorker.java:86)
	at org.testng.TestNG.runSuitesSequentially(TestNG.java:1224)
	at org.testng.TestNG.runSuitesLocally(TestNG.java:1149)
	at org.testng.TestNG.run(TestNG.java:1057)
	at org.testng.remote.AbstractRemoteTestNG.run(AbstractRemoteTestNG.java:114)
	at org.testng.remote.RemoteTestNG.initAndRun(RemoteTestNG.java:251)
	at org.testng.remote.RemoteTestNG.main(RemoteTestNG.java:77)
]]>
    </error>
  </testcase> <!-- duedilScreeningApiTest -->
  <testcase name="duedilScreeningApiTest" time="2.149" classname="com.travelex.automation.api.duedil.FCPAdpaterScreening">
    <error type="java.lang.AssertionError" message="No Hit was expected but HIT FOUND expected [true] but found [false]">
      <![CDATA[java.lang.AssertionError: No Hit was expected but HIT FOUND expected [true] but found [false]
	at org.testng.Assert.fail(Assert.java:94)
	at org.testng.Assert.failNotEquals(Assert.java:494)
	at org.testng.Assert.assertTrue(Assert.java:42)
	at com.travelex.automation.api.methods.ExecuteApiMethods_FCP.executePostMethodForFCPAdapter(ExecuteApiMethods_FCP.java:140)
	at com.travelex.automation.api.duedil.FCPAdpaterScreening.duedilScreeningApiTest(FCPAdpaterScreening.java:136)
	at sun.reflect.GeneratedMethodAccessor59.invoke(Unknown Source)
	at sun.reflect.DelegatingMethodAccessorImpl.invoke(Unknown Source)
	at java.lang.reflect.Method.invoke(Unknown Source)
	at org.testng.internal.MethodInvocationHelper.invokeMethod(MethodInvocationHelper.java:85)
	at org.testng.internal.Invoker.invokeMethod(Invoker.java:696)
	at org.testng.internal.Invoker.invokeTestMethod(Invoker.java:882)
	at org.testng.internal.Invoker.invokeTestMethods(Invoker.java:1189)
	at org.testng.internal.TestMethodWorker.invokeTestMethods(TestMethodWorker.java:124)
	at org.testng.internal.TestMethodWorker.run(TestMethodWorker.java:108)
	at org.testng.TestRunner.privateRun(TestRunner.java:767)
	at org.testng.TestRunner.run(TestRunner.java:617)
	at org.testng.SuiteRunner.runTest(SuiteRunner.java:348)
	at org.testng.SuiteRunner.runSequentially(SuiteRunner.java:343)
	at org.testng.SuiteRunner.privateRun(SuiteRunner.java:305)
	at org.testng.SuiteRunner.run(SuiteRunner.java:254)
	at org.testng.SuiteRunnerWorker.runSuite(SuiteRunnerWorker.java:52)
	at org.testng.SuiteRunnerWorker.run(SuiteRunnerWorker.java:86)
	at org.testng.TestNG.runSuitesSequentially(TestNG.java:1224)
	at org.testng.TestNG.runSuitesLocally(TestNG.java:1149)
	at org.testng.TestNG.run(TestNG.java:1057)
	at org.testng.remote.AbstractRemoteTestNG.run(AbstractRemoteTestNG.java:114)
	at org.testng.remote.RemoteTestNG.initAndRun(RemoteTestNG.java:251)
	at org.testng.remote.RemoteTestNG.main(RemoteTestNG.java:77)
]]>
    </error>
  </testcase> <!-- duedilScreeningApiTest -->
  <testcase name="duedilScreeningApiTest" time="2.456" classname="com.travelex.automation.api.duedil.FCPAdpaterScreening"/>
  <testcase name="duedilScreeningApiTest" time="2.145" classname="com.travelex.automation.api.duedil.FCPAdpaterScreening"/>
  <testcase name="duedilScreeningApiTest" time="2.305" classname="com.travelex.automation.api.duedil.FCPAdpaterScreening"/>
  <testcase name="duedilScreeningApiTest" time="3.096" classname="com.travelex.automation.api.duedil.FCPAdpaterScreening"/>
  <testcase name="duedilScreeningApiTest" time="2.312" classname="com.travelex.automation.api.duedil.FCPAdpaterScreening"/>
  <testcase name="duedilScreeningApiTest" time="2.030" classname="com.travelex.automation.api.duedil.FCPAdpaterScreening"/>
  <testcase name="duedilScreeningApiTest" time="2.285" classname="com.travelex.automation.api.duedil.FCPAdpaterScreening"/>
  <testcase name="duedilScreeningApiTest" time="2.069" classname="com.travelex.automation.api.duedil.FCPAdpaterScreening"/>
  <testcase name="duedilScreeningApiTest" time="2.175" classname="com.travelex.automation.api.duedil.FCPAdpaterScreening"/>
  <testcase name="duedilScreeningApiTest" time="2.244" classname="com.travelex.automation.api.duedil.FCPAdpaterScreening"/>
  <testcase name="duedilScreeningApiTest" time="2.295" classname="com.travelex.automation.api.duedil.FCPAdpaterScreening"/>
  <testcase name="duedilScreeningApiTest" time="2.365" classname="com.travelex.automation.api.duedil.FCPAdpaterScreening"/>
  <testcase name="duedilScreeningApiTest" time="1.762" classname="com.travelex.automation.api.duedil.FCPAdpaterScreening">
    <error type="java.lang.AssertionError" message="Hit was expected but NO HIT FOUND expected [true] but found [false]">
      <![CDATA[java.lang.AssertionError: Hit was expected but NO HIT FOUND expected [true] but found [false]
	at org.testng.Assert.fail(Assert.java:94)
	at org.testng.Assert.failNotEquals(Assert.java:494)
	at org.testng.Assert.assertTrue(Assert.java:42)
	at com.travelex.automation.api.methods.ExecuteApiMethods_FCP.executePostMethodForFCPAdapter(ExecuteApiMethods_FCP.java:99)
	at com.travelex.automation.api.duedil.FCPAdpaterScreening.duedilScreeningApiTest(FCPAdpaterScreening.java:136)
	at sun.reflect.GeneratedMethodAccessor59.invoke(Unknown Source)
	at sun.reflect.DelegatingMethodAccessorImpl.invoke(Unknown Source)
	at java.lang.reflect.Method.invoke(Unknown Source)
	at org.testng.internal.MethodInvocationHelper.invokeMethod(MethodInvocationHelper.java:85)
	at org.testng.internal.Invoker.invokeMethod(Invoker.java:696)
	at org.testng.internal.Invoker.invokeTestMethod(Invoker.java:882)
	at org.testng.internal.Invoker.invokeTestMethods(Invoker.java:1189)
	at org.testng.internal.TestMethodWorker.invokeTestMethods(TestMethodWorker.java:124)
	at org.testng.internal.TestMethodWorker.run(TestMethodWorker.java:108)
	at org.testng.TestRunner.privateRun(TestRunner.java:767)
	at org.testng.TestRunner.run(TestRunner.java:617)
	at org.testng.SuiteRunner.runTest(SuiteRunner.java:348)
	at org.testng.SuiteRunner.runSequentially(SuiteRunner.java:343)
	at org.testng.SuiteRunner.privateRun(SuiteRunner.java:305)
	at org.testng.SuiteRunner.run(SuiteRunner.java:254)
	at org.testng.SuiteRunnerWorker.runSuite(SuiteRunnerWorker.java:52)
	at org.testng.SuiteRunnerWorker.run(SuiteRunnerWorker.java:86)
	at org.testng.TestNG.runSuitesSequentially(TestNG.java:1224)
	at org.testng.TestNG.runSuitesLocally(TestNG.java:1149)
	at org.testng.TestNG.run(TestNG.java:1057)
	at org.testng.remote.AbstractRemoteTestNG.run(AbstractRemoteTestNG.java:114)
	at org.testng.remote.RemoteTestNG.initAndRun(RemoteTestNG.java:251)
	at org.testng.remote.RemoteTestNG.main(RemoteTestNG.java:77)
]]>
    </error>
  </testcase> <!-- duedilScreeningApiTest -->
  <testcase name="duedilScreeningApiTest" time="2.238" classname="com.travelex.automation.api.duedil.FCPAdpaterScreening"/>
  <testcase name="duedilScreeningApiTest" time="2.117" classname="com.travelex.automation.api.duedil.FCPAdpaterScreening"/>
  <testcase name="duedilScreeningApiTest" time="2.551" classname="com.travelex.automation.api.duedil.FCPAdpaterScreening"/>
  <testcase name="duedilScreeningApiTest" time="2.625" classname="com.travelex.automation.api.duedil.FCPAdpaterScreening"/>
  <testcase name="duedilScreeningApiTest" time="2.244" classname="com.travelex.automation.api.duedil.FCPAdpaterScreening"/>
  <testcase name="duedilScreeningApiTest" time="2.012" classname="com.travelex.automation.api.duedil.FCPAdpaterScreening"/>
  <testcase name="duedilScreeningApiTest" time="2.477" classname="com.travelex.automation.api.duedil.FCPAdpaterScreening"/>
  <testcase name="duedilScreeningApiTest" time="2.373" classname="com.travelex.automation.api.duedil.FCPAdpaterScreening"/>
  <testcase name="duedilScreeningApiTest" time="2.352" classname="com.travelex.automation.api.duedil.FCPAdpaterScreening"/>
  <testcase name="duedilScreeningApiTest" time="1.962" classname="com.travelex.automation.api.duedil.FCPAdpaterScreening"/>
  <testcase name="duedilScreeningApiTest" time="2.308" classname="com.travelex.automation.api.duedil.FCPAdpaterScreening"/>
  <testcase name="duedilScreeningApiTest" time="2.176" classname="com.travelex.automation.api.duedil.FCPAdpaterScreening"/>
  <testcase name="duedilScreeningApiTest" time="2.111" classname="com.travelex.automation.api.duedil.FCPAdpaterScreening">
    <error type="java.lang.AssertionError" message="No Hit was expected but HIT FOUND expected [true] but found [false]">
      <![CDATA[java.lang.AssertionError: No Hit was expected but HIT FOUND expected [true] but found [false]
	at org.testng.Assert.fail(Assert.java:94)
	at org.testng.Assert.failNotEquals(Assert.java:494)
	at org.testng.Assert.assertTrue(Assert.java:42)
	at com.travelex.automation.api.methods.ExecuteApiMethods_FCP.executePostMethodForFCPAdapter(ExecuteApiMethods_FCP.java:140)
	at com.travelex.automation.api.duedil.FCPAdpaterScreening.duedilScreeningApiTest(FCPAdpaterScreening.java:136)
	at sun.reflect.GeneratedMethodAccessor59.invoke(Unknown Source)
	at sun.reflect.DelegatingMethodAccessorImpl.invoke(Unknown Source)
	at java.lang.reflect.Method.invoke(Unknown Source)
	at org.testng.internal.MethodInvocationHelper.invokeMethod(MethodInvocationHelper.java:85)
	at org.testng.internal.Invoker.invokeMethod(Invoker.java:696)
	at org.testng.internal.Invoker.invokeTestMethod(Invoker.java:882)
	at org.testng.internal.Invoker.invokeTestMethods(Invoker.java:1189)
	at org.testng.internal.TestMethodWorker.invokeTestMethods(TestMethodWorker.java:124)
	at org.testng.internal.TestMethodWorker.run(TestMethodWorker.java:108)
	at org.testng.TestRunner.privateRun(TestRunner.java:767)
	at org.testng.TestRunner.run(TestRunner.java:617)
	at org.testng.SuiteRunner.runTest(SuiteRunner.java:348)
	at org.testng.SuiteRunner.runSequentially(SuiteRunner.java:343)
	at org.testng.SuiteRunner.privateRun(SuiteRunner.java:305)
	at org.testng.SuiteRunner.run(SuiteRunner.java:254)
	at org.testng.SuiteRunnerWorker.runSuite(SuiteRunnerWorker.java:52)
	at org.testng.SuiteRunnerWorker.run(SuiteRunnerWorker.java:86)
	at org.testng.TestNG.runSuitesSequentially(TestNG.java:1224)
	at org.testng.TestNG.runSuitesLocally(TestNG.java:1149)
	at org.testng.TestNG.run(TestNG.java:1057)
	at org.testng.remote.AbstractRemoteTestNG.run(AbstractRemoteTestNG.java:114)
	at org.testng.remote.RemoteTestNG.initAndRun(RemoteTestNG.java:251)
	at org.testng.remote.RemoteTestNG.main(RemoteTestNG.java:77)
]]>
    </error>
  </testcase> <!-- duedilScreeningApiTest -->
  <testcase name="duedilScreeningApiTest" time="2.502" classname="com.travelex.automation.api.duedil.FCPAdpaterScreening"/>
  <testcase name="duedilScreeningApiTest" time="2.262" classname="com.travelex.automation.api.duedil.FCPAdpaterScreening"/>
  <testcase name="duedilScreeningApiTest" time="2.247" classname="com.travelex.automation.api.duedil.FCPAdpaterScreening"/>
  <testcase name="duedilScreeningApiTest" time="2.277" classname="com.travelex.automation.api.duedil.FCPAdpaterScreening">
    <error type="java.lang.AssertionError" message="Hit was expected but NO HIT FOUND expected [true] but found [false]">
      <![CDATA[java.lang.AssertionError: Hit was expected but NO HIT FOUND expected [true] but found [false]
	at org.testng.Assert.fail(Assert.java:94)
	at org.testng.Assert.failNotEquals(Assert.java:494)
	at org.testng.Assert.assertTrue(Assert.java:42)
	at com.travelex.automation.api.methods.ExecuteApiMethods_FCP.executePostMethodForFCPAdapter(ExecuteApiMethods_FCP.java:99)
	at com.travelex.automation.api.duedil.FCPAdpaterScreening.duedilScreeningApiTest(FCPAdpaterScreening.java:136)
	at sun.reflect.GeneratedMethodAccessor59.invoke(Unknown Source)
	at sun.reflect.DelegatingMethodAccessorImpl.invoke(Unknown Source)
	at java.lang.reflect.Method.invoke(Unknown Source)
	at org.testng.internal.MethodInvocationHelper.invokeMethod(MethodInvocationHelper.java:85)
	at org.testng.internal.Invoker.invokeMethod(Invoker.java:696)
	at org.testng.internal.Invoker.invokeTestMethod(Invoker.java:882)
	at org.testng.internal.Invoker.invokeTestMethods(Invoker.java:1189)
	at org.testng.internal.TestMethodWorker.invokeTestMethods(TestMethodWorker.java:124)
	at org.testng.internal.TestMethodWorker.run(TestMethodWorker.java:108)
	at org.testng.TestRunner.privateRun(TestRunner.java:767)
	at org.testng.TestRunner.run(TestRunner.java:617)
	at org.testng.SuiteRunner.runTest(SuiteRunner.java:348)
	at org.testng.SuiteRunner.runSequentially(SuiteRunner.java:343)
	at org.testng.SuiteRunner.privateRun(SuiteRunner.java:305)
	at org.testng.SuiteRunner.run(SuiteRunner.java:254)
	at org.testng.SuiteRunnerWorker.runSuite(SuiteRunnerWorker.java:52)
	at org.testng.SuiteRunnerWorker.run(SuiteRunnerWorker.java:86)
	at org.testng.TestNG.runSuitesSequentially(TestNG.java:1224)
	at org.testng.TestNG.runSuitesLocally(TestNG.java:1149)
	at org.testng.TestNG.run(TestNG.java:1057)
	at org.testng.remote.AbstractRemoteTestNG.run(AbstractRemoteTestNG.java:114)
	at org.testng.remote.RemoteTestNG.initAndRun(RemoteTestNG.java:251)
	at org.testng.remote.RemoteTestNG.main(RemoteTestNG.java:77)
]]>
    </error>
  </testcase> <!-- duedilScreeningApiTest -->
  <testcase name="duedilScreeningApiTest" time="1.919" classname="com.travelex.automation.api.duedil.FCPAdpaterScreening"/>
  <testcase name="duedilScreeningApiTest" time="2.378" classname="com.travelex.automation.api.duedil.FCPAdpaterScreening"/>
  <testcase name="duedilScreeningApiTest" time="2.188" classname="com.travelex.automation.api.duedil.FCPAdpaterScreening"/>
  <testcase name="duedilScreeningApiTest" time="2.588" classname="com.travelex.automation.api.duedil.FCPAdpaterScreening"/>
  <testcase name="duedilScreeningApiTest" time="1.993" classname="com.travelex.automation.api.duedil.FCPAdpaterScreening"/>
  <testcase name="duedilScreeningApiTest" time="2.318" classname="com.travelex.automation.api.duedil.FCPAdpaterScreening"/>
  <testcase name="duedilScreeningApiTest" time="2.313" classname="com.travelex.automation.api.duedil.FCPAdpaterScreening"/>
  <testcase name="duedilScreeningApiTest" time="2.341" classname="com.travelex.automation.api.duedil.FCPAdpaterScreening"/>
  <testcase name="duedilScreeningApiTest" time="2.551" classname="com.travelex.automation.api.duedil.FCPAdpaterScreening"/>
  <testcase name="duedilScreeningApiTest" time="2.280" classname="com.travelex.automation.api.duedil.FCPAdpaterScreening"/>
  <testcase name="duedilScreeningApiTest" time="2.143" classname="com.travelex.automation.api.duedil.FCPAdpaterScreening"/>
  <testcase name="duedilScreeningApiTest" time="2.593" classname="com.travelex.automation.api.duedil.FCPAdpaterScreening"/>
  <testcase name="duedilScreeningApiTest" time="2.115" classname="com.travelex.automation.api.duedil.FCPAdpaterScreening"/>
  <testcase name="duedilScreeningApiTest" time="2.519" classname="com.travelex.automation.api.duedil.FCPAdpaterScreening"/>
  <testcase name="duedilScreeningApiTest" time="2.122" classname="com.travelex.automation.api.duedil.FCPAdpaterScreening"/>
  <testcase name="duedilScreeningApiTest" time="2.030" classname="com.travelex.automation.api.duedil.FCPAdpaterScreening"/>
  <testcase name="duedilScreeningApiTest" time="2.304" classname="com.travelex.automation.api.duedil.FCPAdpaterScreening"/>
  <testcase name="duedilScreeningApiTest" time="2.282" classname="com.travelex.automation.api.duedil.FCPAdpaterScreening">
    <error type="java.lang.AssertionError" message="Martha Jane KING not found in the hit response object expected [true] but found [false]">
      <![CDATA[java.lang.AssertionError: Martha Jane KING not found in the hit response object expected [true] but found [false]
	at org.testng.Assert.fail(Assert.java:94)
	at org.testng.Assert.failNotEquals(Assert.java:494)
	at org.testng.Assert.assertTrue(Assert.java:42)
	at com.travelex.automation.api.methods.ExecuteApiMethods_FCP.executePostMethodForFCPAdapter(ExecuteApiMethods_FCP.java:129)
	at com.travelex.automation.api.duedil.FCPAdpaterScreening.duedilScreeningApiTest(FCPAdpaterScreening.java:136)
	at sun.reflect.NativeMethodAccessorImpl.invoke0(Native Method)
	at sun.reflect.NativeMethodAccessorImpl.invoke(Unknown Source)
	at sun.reflect.DelegatingMethodAccessorImpl.invoke(Unknown Source)
	at java.lang.reflect.Method.invoke(Unknown Source)
	at org.testng.internal.MethodInvocationHelper.invokeMethod(MethodInvocationHelper.java:85)
	at org.testng.internal.Invoker.invokeMethod(Invoker.java:696)
	at org.testng.internal.Invoker.invokeTestMethod(Invoker.java:882)
	at org.testng.internal.Invoker.invokeTestMethods(Invoker.java:1189)
	at org.testng.internal.TestMethodWorker.invokeTestMethods(TestMethodWorker.java:124)
	at org.testng.internal.TestMethodWorker.run(TestMethodWorker.java:108)
	at org.testng.TestRunner.privateRun(TestRunner.java:767)
	at org.testng.TestRunner.run(TestRunner.java:617)
	at org.testng.SuiteRunner.runTest(SuiteRunner.java:348)
	at org.testng.SuiteRunner.runSequentially(SuiteRunner.java:343)
	at org.testng.SuiteRunner.privateRun(SuiteRunner.java:305)
	at org.testng.SuiteRunner.run(SuiteRunner.java:254)
	at org.testng.SuiteRunnerWorker.runSuite(SuiteRunnerWorker.java:52)
	at org.testng.SuiteRunnerWorker.run(SuiteRunnerWorker.java:86)
	at org.testng.TestNG.runSuitesSequentially(TestNG.java:1224)
	at org.testng.TestNG.runSuitesLocally(TestNG.java:1149)
	at org.testng.TestNG.run(TestNG.java:1057)
	at org.testng.remote.AbstractRemoteTestNG.run(AbstractRemoteTestNG.java:114)
	at org.testng.remote.RemoteTestNG.initAndRun(RemoteTestNG.java:251)
	at org.testng.remote.RemoteTestNG.main(RemoteTestNG.java:77)
]]>
    </error>
  </testcase> <!-- duedilScreeningApiTest -->
  <testcase name="duedilScreeningApiTest" time="1.218" classname="com.travelex.automation.api.duedil.FCPAdpaterScreening">
    <error type="java.lang.AssertionError" message="No Hit was expected but HIT FOUND expected [true] but found [false]">
      <![CDATA[java.lang.AssertionError: No Hit was expected but HIT FOUND expected [true] but found [false]
	at org.testng.Assert.fail(Assert.java:94)
	at org.testng.Assert.failNotEquals(Assert.java:494)
	at org.testng.Assert.assertTrue(Assert.java:42)
	at com.travelex.automation.api.methods.ExecuteApiMethods_FCP.executePostMethodForFCPAdapter(ExecuteApiMethods_FCP.java:140)
	at com.travelex.automation.api.duedil.FCPAdpaterScreening.duedilScreeningApiTest(FCPAdpaterScreening.java:136)
	at sun.reflect.GeneratedMethodAccessor59.invoke(Unknown Source)
	at sun.reflect.DelegatingMethodAccessorImpl.invoke(Unknown Source)
	at java.lang.reflect.Method.invoke(Unknown Source)
	at org.testng.internal.MethodInvocationHelper.invokeMethod(MethodInvocationHelper.java:85)
	at org.testng.internal.Invoker.invokeMethod(Invoker.java:696)
	at org.testng.internal.Invoker.invokeTestMethod(Invoker.java:882)
	at org.testng.internal.Invoker.invokeTestMethods(Invoker.java:1189)
	at org.testng.internal.TestMethodWorker.invokeTestMethods(TestMethodWorker.java:124)
	at org.testng.internal.TestMethodWorker.run(TestMethodWorker.java:108)
	at org.testng.TestRunner.privateRun(TestRunner.java:767)
	at org.testng.TestRunner.run(TestRunner.java:617)
	at org.testng.SuiteRunner.runTest(SuiteRunner.java:348)
	at org.testng.SuiteRunner.runSequentially(SuiteRunner.java:343)
	at org.testng.SuiteRunner.privateRun(SuiteRunner.java:305)
	at org.testng.SuiteRunner.run(SuiteRunner.java:254)
	at org.testng.SuiteRunnerWorker.runSuite(SuiteRunnerWorker.java:52)
	at org.testng.SuiteRunnerWorker.run(SuiteRunnerWorker.java:86)
	at org.testng.TestNG.runSuitesSequentially(TestNG.java:1224)
	at org.testng.TestNG.runSuitesLocally(TestNG.java:1149)
	at org.testng.TestNG.run(TestNG.java:1057)
	at org.testng.remote.AbstractRemoteTestNG.run(AbstractRemoteTestNG.java:114)
	at org.testng.remote.RemoteTestNG.initAndRun(RemoteTestNG.java:251)
	at org.testng.remote.RemoteTestNG.main(RemoteTestNG.java:77)
]]>
    </error>
  </testcase> <!-- duedilScreeningApiTest -->
  <testcase name="duedilScreeningApiTest" time="2.483" classname="com.travelex.automation.api.duedil.FCPAdpaterScreening"/>
  <testcase name="duedilScreeningApiTest" time="2.286" classname="com.travelex.automation.api.duedil.FCPAdpaterScreening"/>
  <testcase name="duedilScreeningApiTest" time="1.965" classname="com.travelex.automation.api.duedil.FCPAdpaterScreening"/>
  <testcase name="duedilScreeningApiTest" time="2.222" classname="com.travelex.automation.api.duedil.FCPAdpaterScreening"/>
  <testcase name="duedilScreeningApiTest" time="2.370" classname="com.travelex.automation.api.duedil.FCPAdpaterScreening"/>
  <testcase name="duedilScreeningApiTest" time="2.407" classname="com.travelex.automation.api.duedil.FCPAdpaterScreening"/>
  <testcase name="duedilScreeningApiTest" time="2.429" classname="com.travelex.automation.api.duedil.FCPAdpaterScreening"/>
  <testcase name="duedilScreeningApiTest" time="2.384" classname="com.travelex.automation.api.duedil.FCPAdpaterScreening"/>
  <testcase name="duedilScreeningApiTest" time="2.049" classname="com.travelex.automation.api.duedil.FCPAdpaterScreening"/>
  <testcase name="duedilScreeningApiTest" time="2.253" classname="com.travelex.automation.api.duedil.FCPAdpaterScreening"/>
  <testcase name="duedilScreeningApiTest" time="1.958" classname="com.travelex.automation.api.duedil.FCPAdpaterScreening">
    <error type="java.lang.AssertionError" message="Hit was expected but NO HIT FOUND expected [true] but found [false]">
      <![CDATA[java.lang.AssertionError: Hit was expected but NO HIT FOUND expected [true] but found [false]
	at org.testng.Assert.fail(Assert.java:94)
	at org.testng.Assert.failNotEquals(Assert.java:494)
	at org.testng.Assert.assertTrue(Assert.java:42)
	at com.travelex.automation.api.methods.ExecuteApiMethods_FCP.executePostMethodForFCPAdapter(ExecuteApiMethods_FCP.java:99)
	at com.travelex.automation.api.duedil.FCPAdpaterScreening.duedilScreeningApiTest(FCPAdpaterScreening.java:136)
	at sun.reflect.GeneratedMethodAccessor59.invoke(Unknown Source)
	at sun.reflect.DelegatingMethodAccessorImpl.invoke(Unknown Source)
	at java.lang.reflect.Method.invoke(Unknown Source)
	at org.testng.internal.MethodInvocationHelper.invokeMethod(MethodInvocationHelper.java:85)
	at org.testng.internal.Invoker.invokeMethod(Invoker.java:696)
	at org.testng.internal.Invoker.invokeTestMethod(Invoker.java:882)
	at org.testng.internal.Invoker.invokeTestMethods(Invoker.java:1189)
	at org.testng.internal.TestMethodWorker.invokeTestMethods(TestMethodWorker.java:124)
	at org.testng.internal.TestMethodWorker.run(TestMethodWorker.java:108)
	at org.testng.TestRunner.privateRun(TestRunner.java:767)
	at org.testng.TestRunner.run(TestRunner.java:617)
	at org.testng.SuiteRunner.runTest(SuiteRunner.java:348)
	at org.testng.SuiteRunner.runSequentially(SuiteRunner.java:343)
	at org.testng.SuiteRunner.privateRun(SuiteRunner.java:305)
	at org.testng.SuiteRunner.run(SuiteRunner.java:254)
	at org.testng.SuiteRunnerWorker.runSuite(SuiteRunnerWorker.java:52)
	at org.testng.SuiteRunnerWorker.run(SuiteRunnerWorker.java:86)
	at org.testng.TestNG.runSuitesSequentially(TestNG.java:1224)
	at org.testng.TestNG.runSuitesLocally(TestNG.java:1149)
	at org.testng.TestNG.run(TestNG.java:1057)
	at org.testng.remote.AbstractRemoteTestNG.run(AbstractRemoteTestNG.java:114)
	at org.testng.remote.RemoteTestNG.initAndRun(RemoteTestNG.java:251)
	at org.testng.remote.RemoteTestNG.main(RemoteTestNG.java:77)
]]>
    </error>
  </testcase> <!-- duedilScreeningApiTest -->
  <testcase name="duedilScreeningApiTest" time="2.326" classname="com.travelex.automation.api.duedil.FCPAdpaterScreening"/>
  <testcase name="duedilScreeningApiTest" time="2.339" classname="com.travelex.automation.api.duedil.FCPAdpaterScreening"/>
  <testcase name="duedilScreeningApiTest" time="2.145" classname="com.travelex.automation.api.duedil.FCPAdpaterScreening"/>
  <testcase name="duedilScreeningApiTest" time="1.639" classname="com.travelex.automation.api.duedil.FCPAdpaterScreening"/>
  <testcase name="duedilScreeningApiTest" time="2.524" classname="com.travelex.automation.api.duedil.FCPAdpaterScreening"/>
  <testcase name="duedilScreeningApiTest" time="1.995" classname="com.travelex.automation.api.duedil.FCPAdpaterScreening"/>
  <testcase name="duedilScreeningApiTest" time="2.082" classname="com.travelex.automation.api.duedil.FCPAdpaterScreening"/>
  <testcase name="duedilScreeningApiTest" time="2.193" classname="com.travelex.automation.api.duedil.FCPAdpaterScreening"/>
  <testcase name="duedilScreeningApiTest" time="2.053" classname="com.travelex.automation.api.duedil.FCPAdpaterScreening"/>
  <testcase name="duedilScreeningApiTest" time="2.156" classname="com.travelex.automation.api.duedil.FCPAdpaterScreening"/>
  <testcase name="duedilScreeningApiTest" time="2.183" classname="com.travelex.automation.api.duedil.FCPAdpaterScreening">
    <error type="java.lang.AssertionError" message="Hit was expected but NO HIT FOUND expected [true] but found [false]">
      <![CDATA[java.lang.AssertionError: Hit was expected but NO HIT FOUND expected [true] but found [false]
	at org.testng.Assert.fail(Assert.java:94)
	at org.testng.Assert.failNotEquals(Assert.java:494)
	at org.testng.Assert.assertTrue(Assert.java:42)
	at com.travelex.automation.api.methods.ExecuteApiMethods_FCP.executePostMethodForFCPAdapter(ExecuteApiMethods_FCP.java:99)
	at com.travelex.automation.api.duedil.FCPAdpaterScreening.duedilScreeningApiTest(FCPAdpaterScreening.java:136)
	at sun.reflect.GeneratedMethodAccessor59.invoke(Unknown Source)
	at sun.reflect.DelegatingMethodAccessorImpl.invoke(Unknown Source)
	at java.lang.reflect.Method.invoke(Unknown Source)
	at org.testng.internal.MethodInvocationHelper.invokeMethod(MethodInvocationHelper.java:85)
	at org.testng.internal.Invoker.invokeMethod(Invoker.java:696)
	at org.testng.internal.Invoker.invokeTestMethod(Invoker.java:882)
	at org.testng.internal.Invoker.invokeTestMethods(Invoker.java:1189)
	at org.testng.internal.TestMethodWorker.invokeTestMethods(TestMethodWorker.java:124)
	at org.testng.internal.TestMethodWorker.run(TestMethodWorker.java:108)
	at org.testng.TestRunner.privateRun(TestRunner.java:767)
	at org.testng.TestRunner.run(TestRunner.java:617)
	at org.testng.SuiteRunner.runTest(SuiteRunner.java:348)
	at org.testng.SuiteRunner.runSequentially(SuiteRunner.java:343)
	at org.testng.SuiteRunner.privateRun(SuiteRunner.java:305)
	at org.testng.SuiteRunner.run(SuiteRunner.java:254)
	at org.testng.SuiteRunnerWorker.runSuite(SuiteRunnerWorker.java:52)
	at org.testng.SuiteRunnerWorker.run(SuiteRunnerWorker.java:86)
	at org.testng.TestNG.runSuitesSequentially(TestNG.java:1224)
	at org.testng.TestNG.runSuitesLocally(TestNG.java:1149)
	at org.testng.TestNG.run(TestNG.java:1057)
	at org.testng.remote.AbstractRemoteTestNG.run(AbstractRemoteTestNG.java:114)
	at org.testng.remote.RemoteTestNG.initAndRun(RemoteTestNG.java:251)
	at org.testng.remote.RemoteTestNG.main(RemoteTestNG.java:77)
]]>
    </error>
  </testcase> <!-- duedilScreeningApiTest -->
  <testcase name="duedilScreeningApiTest" time="2.467" classname="com.travelex.automation.api.duedil.FCPAdpaterScreening"/>
  <testcase name="duedilScreeningApiTest" time="2.272" classname="com.travelex.automation.api.duedil.FCPAdpaterScreening"/>
  <testcase name="duedilScreeningApiTest" time="2.371" classname="com.travelex.automation.api.duedil.FCPAdpaterScreening"/>
  <testcase name="duedilScreeningApiTest" time="2.006" classname="com.travelex.automation.api.duedil.FCPAdpaterScreening"/>
  <testcase name="duedilScreeningApiTest" time="2.267" classname="com.travelex.automation.api.duedil.FCPAdpaterScreening"/>
  <testcase name="duedilScreeningApiTest" time="2.165" classname="com.travelex.automation.api.duedil.FCPAdpaterScreening"/>
  <testcase name="duedilScreeningApiTest" time="2.049" classname="com.travelex.automation.api.duedil.FCPAdpaterScreening"/>
  <testcase name="duedilScreeningApiTest" time="1.830" classname="com.travelex.automation.api.duedil.FCPAdpaterScreening"/>
  <testcase name="duedilScreeningApiTest" time="2.270" classname="com.travelex.automation.api.duedil.FCPAdpaterScreening"/>
  <testcase name="duedilScreeningApiTest" time="2.427" classname="com.travelex.automation.api.duedil.FCPAdpaterScreening"/>
  <testcase name="duedilScreeningApiTest" time="3.166" classname="com.travelex.automation.api.duedil.FCPAdpaterScreening"/>
  <testcase name="duedilScreeningApiTest" time="2.573" classname="com.travelex.automation.api.duedil.FCPAdpaterScreening"/>
  <testcase name="duedilScreeningApiTest" time="2.408" classname="com.travelex.automation.api.duedil.FCPAdpaterScreening"/>
  <testcase name="duedilScreeningApiTest" time="2.318" classname="com.travelex.automation.api.duedil.FCPAdpaterScreening"/>
  <testcase name="duedilScreeningApiTest" time="2.279" classname="com.travelex.automation.api.duedil.FCPAdpaterScreening"/>
  <testcase name="duedilScreeningApiTest" time="2.474" classname="com.travelex.automation.api.duedil.FCPAdpaterScreening"/>
  <testcase name="duedilScreeningApiTest" time="2.252" classname="com.travelex.automation.api.duedil.FCPAdpaterScreening"/>
  <testcase name="duedilScreeningApiTest" time="2.247" classname="com.travelex.automation.api.duedil.FCPAdpaterScreening"/>
  <testcase name="duedilScreeningApiTest" time="2.212" classname="com.travelex.automation.api.duedil.FCPAdpaterScreening"/>
  <testcase name="duedilScreeningApiTest" time="2.279" classname="com.travelex.automation.api.duedil.FCPAdpaterScreening"/>
  <testcase name="duedilScreeningApiTest" time="2.358" classname="com.travelex.automation.api.duedil.FCPAdpaterScreening"/>
  <testcase name="duedilScreeningApiTest" time="2.341" classname="com.travelex.automation.api.duedil.FCPAdpaterScreening"/>
  <testcase name="duedilScreeningApiTest" time="2.698" classname="com.travelex.automation.api.duedil.FCPAdpaterScreening"/>
  <testcase name="duedilScreeningApiTest" time="2.047" classname="com.travelex.automation.api.duedil.FCPAdpaterScreening"/>
  <testcase name="duedilScreeningApiTest" time="2.577" classname="com.travelex.automation.api.duedil.FCPAdpaterScreening"/>
  <testcase name="duedilScreeningApiTest" time="2.403" classname="com.travelex.automation.api.duedil.FCPAdpaterScreening"/>
  <testcase name="duedilScreeningApiTest" time="2.207" classname="com.travelex.automation.api.duedil.FCPAdpaterScreening"/>
  <testcase name="duedilScreeningApiTest" time="2.368" classname="com.travelex.automation.api.duedil.FCPAdpaterScreening"/>
  <testcase name="duedilScreeningApiTest" time="1.840" classname="com.travelex.automation.api.duedil.FCPAdpaterScreening"/>
  <testcase name="duedilScreeningApiTest" time="2.005" classname="com.travelex.automation.api.duedil.FCPAdpaterScreening"/>
  <testcase name="duedilScreeningApiTest" time="2.339" classname="com.travelex.automation.api.duedil.FCPAdpaterScreening"/>
  <testcase name="duedilScreeningApiTest" time="2.244" classname="com.travelex.automation.api.duedil.FCPAdpaterScreening"/>
  <testcase name="duedilScreeningApiTest" time="3.398" classname="com.travelex.automation.api.duedil.FCPAdpaterScreening"/>
  <testcase name="duedilScreeningApiTest" time="2.336" classname="com.travelex.automation.api.duedil.FCPAdpaterScreening"/>
  <testcase name="duedilScreeningApiTest" time="2.082" classname="com.travelex.automation.api.duedil.FCPAdpaterScreening"/>
  <testcase name="duedilScreeningApiTest" time="2.208" classname="com.travelex.automation.api.duedil.FCPAdpaterScreening"/>
  <testcase name="duedilScreeningApiTest" time="5.064" classname="com.travelex.automation.api.duedil.FCPAdpaterScreening"/>
  <testcase name="duedilScreeningApiTest" time="2.120" classname="com.travelex.automation.api.duedil.FCPAdpaterScreening"/>
  <testcase name="duedilScreeningApiTest" time="2.355" classname="com.travelex.automation.api.duedil.FCPAdpaterScreening"/>
  <testcase name="duedilScreeningApiTest" time="2.267" classname="com.travelex.automation.api.duedil.FCPAdpaterScreening"/>
  <testcase name="duedilScreeningApiTest" time="2.200" classname="com.travelex.automation.api.duedil.FCPAdpaterScreening"/>
  <testcase name="duedilScreeningApiTest" time="1.770" classname="com.travelex.automation.api.duedil.FCPAdpaterScreening"/>
  <testcase name="duedilScreeningApiTest" time="2.427" classname="com.travelex.automation.api.duedil.FCPAdpaterScreening"/>
  <testcase name="duedilScreeningApiTest" time="2.071" classname="com.travelex.automation.api.duedil.FCPAdpaterScreening"/>
  <testcase name="duedilScreeningApiTest" time="2.110" classname="com.travelex.automation.api.duedil.FCPAdpaterScreening"/>
  <testcase name="duedilScreeningApiTest" time="1.858" classname="com.travelex.automation.api.duedil.FCPAdpaterScreening"/>
  <testcase name="duedilScreeningApiTest" time="2.234" classname="com.travelex.automation.api.duedil.FCPAdpaterScreening"/>
  <testcase name="duedilScreeningApiTest" time="2.289" classname="com.travelex.automation.api.duedil.FCPAdpaterScreening"/>
  <testcase name="duedilScreeningApiTest" time="2.286" classname="com.travelex.automation.api.duedil.FCPAdpaterScreening"/>
  <testcase name="duedilScreeningApiTest" time="2.158" classname="com.travelex.automation.api.duedil.FCPAdpaterScreening"/>
  <testcase name="duedilScreeningApiTest" time="2.336" classname="com.travelex.automation.api.duedil.FCPAdpaterScreening"/>
  <testcase name="duedilScreeningApiTest" time="2.092" classname="com.travelex.automation.api.duedil.FCPAdpaterScreening"/>
  <testcase name="duedilScreeningApiTest" time="1.783" classname="com.travelex.automation.api.duedil.FCPAdpaterScreening"/>
  <testcase name="duedilScreeningApiTest" time="2.436" classname="com.travelex.automation.api.duedil.FCPAdpaterScreening"/>
  <testcase name="duedilScreeningApiTest" time="2.384" classname="com.travelex.automation.api.duedil.FCPAdpaterScreening">
    <error type="java.lang.AssertionError" message="No Hit was expected but HIT FOUND expected [true] but found [false]">
      <![CDATA[java.lang.AssertionError: No Hit was expected but HIT FOUND expected [true] but found [false]
	at org.testng.Assert.fail(Assert.java:94)
	at org.testng.Assert.failNotEquals(Assert.java:494)
	at org.testng.Assert.assertTrue(Assert.java:42)
	at com.travelex.automation.api.methods.ExecuteApiMethods_FCP.executePostMethodForFCPAdapter(ExecuteApiMethods_FCP.java:140)
	at com.travelex.automation.api.duedil.FCPAdpaterScreening.duedilScreeningApiTest(FCPAdpaterScreening.java:136)
	at sun.reflect.GeneratedMethodAccessor59.invoke(Unknown Source)
	at sun.reflect.DelegatingMethodAccessorImpl.invoke(Unknown Source)
	at java.lang.reflect.Method.invoke(Unknown Source)
	at org.testng.internal.MethodInvocationHelper.invokeMethod(MethodInvocationHelper.java:85)
	at org.testng.internal.Invoker.invokeMethod(Invoker.java:696)
	at org.testng.internal.Invoker.invokeTestMethod(Invoker.java:882)
	at org.testng.internal.Invoker.invokeTestMethods(Invoker.java:1189)
	at org.testng.internal.TestMethodWorker.invokeTestMethods(TestMethodWorker.java:124)
	at org.testng.internal.TestMethodWorker.run(TestMethodWorker.java:108)
	at org.testng.TestRunner.privateRun(TestRunner.java:767)
	at org.testng.TestRunner.run(TestRunner.java:617)
	at org.testng.SuiteRunner.runTest(SuiteRunner.java:348)
	at org.testng.SuiteRunner.runSequentially(SuiteRunner.java:343)
	at org.testng.SuiteRunner.privateRun(SuiteRunner.java:305)
	at org.testng.SuiteRunner.run(SuiteRunner.java:254)
	at org.testng.SuiteRunnerWorker.runSuite(SuiteRunnerWorker.java:52)
	at org.testng.SuiteRunnerWorker.run(SuiteRunnerWorker.java:86)
	at org.testng.TestNG.runSuitesSequentially(TestNG.java:1224)
	at org.testng.TestNG.runSuitesLocally(TestNG.java:1149)
	at org.testng.TestNG.run(TestNG.java:1057)
	at org.testng.remote.AbstractRemoteTestNG.run(AbstractRemoteTestNG.java:114)
	at org.testng.remote.RemoteTestNG.initAndRun(RemoteTestNG.java:251)
	at org.testng.remote.RemoteTestNG.main(RemoteTestNG.java:77)
]]>
    </error>
  </testcase> <!-- duedilScreeningApiTest -->
  <testcase name="duedilScreeningApiTest" time="1.843" classname="com.travelex.automation.api.duedil.FCPAdpaterScreening">
    <error type="java.lang.AssertionError" message="Hit was expected but NO HIT FOUND expected [true] but found [false]">
      <![CDATA[java.lang.AssertionError: Hit was expected but NO HIT FOUND expected [true] but found [false]
	at org.testng.Assert.fail(Assert.java:94)
	at org.testng.Assert.failNotEquals(Assert.java:494)
	at org.testng.Assert.assertTrue(Assert.java:42)
	at com.travelex.automation.api.methods.ExecuteApiMethods_FCP.executePostMethodForFCPAdapter(ExecuteApiMethods_FCP.java:99)
	at com.travelex.automation.api.duedil.FCPAdpaterScreening.duedilScreeningApiTest(FCPAdpaterScreening.java:136)
	at sun.reflect.GeneratedMethodAccessor59.invoke(Unknown Source)
	at sun.reflect.DelegatingMethodAccessorImpl.invoke(Unknown Source)
	at java.lang.reflect.Method.invoke(Unknown Source)
	at org.testng.internal.MethodInvocationHelper.invokeMethod(MethodInvocationHelper.java:85)
	at org.testng.internal.Invoker.invokeMethod(Invoker.java:696)
	at org.testng.internal.Invoker.invokeTestMethod(Invoker.java:882)
	at org.testng.internal.Invoker.invokeTestMethods(Invoker.java:1189)
	at org.testng.internal.TestMethodWorker.invokeTestMethods(TestMethodWorker.java:124)
	at org.testng.internal.TestMethodWorker.run(TestMethodWorker.java:108)
	at org.testng.TestRunner.privateRun(TestRunner.java:767)
	at org.testng.TestRunner.run(TestRunner.java:617)
	at org.testng.SuiteRunner.runTest(SuiteRunner.java:348)
	at org.testng.SuiteRunner.runSequentially(SuiteRunner.java:343)
	at org.testng.SuiteRunner.privateRun(SuiteRunner.java:305)
	at org.testng.SuiteRunner.run(SuiteRunner.java:254)
	at org.testng.SuiteRunnerWorker.runSuite(SuiteRunnerWorker.java:52)
	at org.testng.SuiteRunnerWorker.run(SuiteRunnerWorker.java:86)
	at org.testng.TestNG.runSuitesSequentially(TestNG.java:1224)
	at org.testng.TestNG.runSuitesLocally(TestNG.java:1149)
	at org.testng.TestNG.run(TestNG.java:1057)
	at org.testng.remote.AbstractRemoteTestNG.run(AbstractRemoteTestNG.java:114)
	at org.testng.remote.RemoteTestNG.initAndRun(RemoteTestNG.java:251)
	at org.testng.remote.RemoteTestNG.main(RemoteTestNG.java:77)
]]>
    </error>
  </testcase> <!-- duedilScreeningApiTest -->
  <testcase name="duedilScreeningApiTest" time="2.222" classname="com.travelex.automation.api.duedil.FCPAdpaterScreening"/>
  <testcase name="duedilScreeningApiTest" time="2.349" classname="com.travelex.automation.api.duedil.FCPAdpaterScreening"/>
  <testcase name="duedilScreeningApiTest" time="1.828" classname="com.travelex.automation.api.duedil.FCPAdpaterScreening">
    <error type="java.lang.AssertionError" message="No Hit was expected but HIT FOUND expected [true] but found [false]">
      <![CDATA[java.lang.AssertionError: No Hit was expected but HIT FOUND expected [true] but found [false]
	at org.testng.Assert.fail(Assert.java:94)
	at org.testng.Assert.failNotEquals(Assert.java:494)
	at org.testng.Assert.assertTrue(Assert.java:42)
	at com.travelex.automation.api.methods.ExecuteApiMethods_FCP.executePostMethodForFCPAdapter(ExecuteApiMethods_FCP.java:140)
	at com.travelex.automation.api.duedil.FCPAdpaterScreening.duedilScreeningApiTest(FCPAdpaterScreening.java:136)
	at sun.reflect.GeneratedMethodAccessor59.invoke(Unknown Source)
	at sun.reflect.DelegatingMethodAccessorImpl.invoke(Unknown Source)
	at java.lang.reflect.Method.invoke(Unknown Source)
	at org.testng.internal.MethodInvocationHelper.invokeMethod(MethodInvocationHelper.java:85)
	at org.testng.internal.Invoker.invokeMethod(Invoker.java:696)
	at org.testng.internal.Invoker.invokeTestMethod(Invoker.java:882)
	at org.testng.internal.Invoker.invokeTestMethods(Invoker.java:1189)
	at org.testng.internal.TestMethodWorker.invokeTestMethods(TestMethodWorker.java:124)
	at org.testng.internal.TestMethodWorker.run(TestMethodWorker.java:108)
	at org.testng.TestRunner.privateRun(TestRunner.java:767)
	at org.testng.TestRunner.run(TestRunner.java:617)
	at org.testng.SuiteRunner.runTest(SuiteRunner.java:348)
	at org.testng.SuiteRunner.runSequentially(SuiteRunner.java:343)
	at org.testng.SuiteRunner.privateRun(SuiteRunner.java:305)
	at org.testng.SuiteRunner.run(SuiteRunner.java:254)
	at org.testng.SuiteRunnerWorker.runSuite(SuiteRunnerWorker.java:52)
	at org.testng.SuiteRunnerWorker.run(SuiteRunnerWorker.java:86)
	at org.testng.TestNG.runSuitesSequentially(TestNG.java:1224)
	at org.testng.TestNG.runSuitesLocally(TestNG.java:1149)
	at org.testng.TestNG.run(TestNG.java:1057)
	at org.testng.remote.AbstractRemoteTestNG.run(AbstractRemoteTestNG.java:114)
	at org.testng.remote.RemoteTestNG.initAndRun(RemoteTestNG.java:251)
	at org.testng.remote.RemoteTestNG.main(RemoteTestNG.java:77)
]]>
    </error>
  </testcase> <!-- duedilScreeningApiTest -->
  <testcase name="duedilScreeningApiTest" time="2.193" classname="com.travelex.automation.api.duedil.FCPAdpaterScreening"/>
  <testcase name="duedilScreeningApiTest" time="1.772" classname="com.travelex.automation.api.duedil.FCPAdpaterScreening"/>
  <testcase name="duedilScreeningApiTest" time="2.464" classname="com.travelex.automation.api.duedil.FCPAdpaterScreening"/>
  <testcase name="duedilScreeningApiTest" time="2.246" classname="com.travelex.automation.api.duedil.FCPAdpaterScreening">
    <error type="java.lang.AssertionError" message="No Hit was expected but HIT FOUND expected [true] but found [false]">
      <![CDATA[java.lang.AssertionError: No Hit was expected but HIT FOUND expected [true] but found [false]
	at org.testng.Assert.fail(Assert.java:94)
	at org.testng.Assert.failNotEquals(Assert.java:494)
	at org.testng.Assert.assertTrue(Assert.java:42)
	at com.travelex.automation.api.methods.ExecuteApiMethods_FCP.executePostMethodForFCPAdapter(ExecuteApiMethods_FCP.java:140)
	at com.travelex.automation.api.duedil.FCPAdpaterScreening.duedilScreeningApiTest(FCPAdpaterScreening.java:136)
	at sun.reflect.GeneratedMethodAccessor59.invoke(Unknown Source)
	at sun.reflect.DelegatingMethodAccessorImpl.invoke(Unknown Source)
	at java.lang.reflect.Method.invoke(Unknown Source)
	at org.testng.internal.MethodInvocationHelper.invokeMethod(MethodInvocationHelper.java:85)
	at org.testng.internal.Invoker.invokeMethod(Invoker.java:696)
	at org.testng.internal.Invoker.invokeTestMethod(Invoker.java:882)
	at org.testng.internal.Invoker.invokeTestMethods(Invoker.java:1189)
	at org.testng.internal.TestMethodWorker.invokeTestMethods(TestMethodWorker.java:124)
	at org.testng.internal.TestMethodWorker.run(TestMethodWorker.java:108)
	at org.testng.TestRunner.privateRun(TestRunner.java:767)
	at org.testng.TestRunner.run(TestRunner.java:617)
	at org.testng.SuiteRunner.runTest(SuiteRunner.java:348)
	at org.testng.SuiteRunner.runSequentially(SuiteRunner.java:343)
	at org.testng.SuiteRunner.privateRun(SuiteRunner.java:305)
	at org.testng.SuiteRunner.run(SuiteRunner.java:254)
	at org.testng.SuiteRunnerWorker.runSuite(SuiteRunnerWorker.java:52)
	at org.testng.SuiteRunnerWorker.run(SuiteRunnerWorker.java:86)
	at org.testng.TestNG.runSuitesSequentially(TestNG.java:1224)
	at org.testng.TestNG.runSuitesLocally(TestNG.java:1149)
	at org.testng.TestNG.run(TestNG.java:1057)
	at org.testng.remote.AbstractRemoteTestNG.run(AbstractRemoteTestNG.java:114)
	at org.testng.remote.RemoteTestNG.initAndRun(RemoteTestNG.java:251)
	at org.testng.remote.RemoteTestNG.main(RemoteTestNG.java:77)
]]>
    </error>
  </testcase> <!-- duedilScreeningApiTest -->
  <testcase name="duedilScreeningApiTest" time="2.327" classname="com.travelex.automation.api.duedil.FCPAdpaterScreening">
    <error type="java.lang.AssertionError" message="Hit was expected but NO HIT FOUND expected [true] but found [false]">
      <![CDATA[java.lang.AssertionError: Hit was expected but NO HIT FOUND expected [true] but found [false]
	at org.testng.Assert.fail(Assert.java:94)
	at org.testng.Assert.failNotEquals(Assert.java:494)
	at org.testng.Assert.assertTrue(Assert.java:42)
	at com.travelex.automation.api.methods.ExecuteApiMethods_FCP.executePostMethodForFCPAdapter(ExecuteApiMethods_FCP.java:99)
	at com.travelex.automation.api.duedil.FCPAdpaterScreening.duedilScreeningApiTest(FCPAdpaterScreening.java:136)
	at sun.reflect.GeneratedMethodAccessor59.invoke(Unknown Source)
	at sun.reflect.DelegatingMethodAccessorImpl.invoke(Unknown Source)
	at java.lang.reflect.Method.invoke(Unknown Source)
	at org.testng.internal.MethodInvocationHelper.invokeMethod(MethodInvocationHelper.java:85)
	at org.testng.internal.Invoker.invokeMethod(Invoker.java:696)
	at org.testng.internal.Invoker.invokeTestMethod(Invoker.java:882)
	at org.testng.internal.Invoker.invokeTestMethods(Invoker.java:1189)
	at org.testng.internal.TestMethodWorker.invokeTestMethods(TestMethodWorker.java:124)
	at org.testng.internal.TestMethodWorker.run(TestMethodWorker.java:108)
	at org.testng.TestRunner.privateRun(TestRunner.java:767)
	at org.testng.TestRunner.run(TestRunner.java:617)
	at org.testng.SuiteRunner.runTest(SuiteRunner.java:348)
	at org.testng.SuiteRunner.runSequentially(SuiteRunner.java:343)
	at org.testng.SuiteRunner.privateRun(SuiteRunner.java:305)
	at org.testng.SuiteRunner.run(SuiteRunner.java:254)
	at org.testng.SuiteRunnerWorker.runSuite(SuiteRunnerWorker.java:52)
	at org.testng.SuiteRunnerWorker.run(SuiteRunnerWorker.java:86)
	at org.testng.TestNG.runSuitesSequentially(TestNG.java:1224)
	at org.testng.TestNG.runSuitesLocally(TestNG.java:1149)
	at org.testng.TestNG.run(TestNG.java:1057)
	at org.testng.remote.AbstractRemoteTestNG.run(AbstractRemoteTestNG.java:114)
	at org.testng.remote.RemoteTestNG.initAndRun(RemoteTestNG.java:251)
	at org.testng.remote.RemoteTestNG.main(RemoteTestNG.java:77)
]]>
    </error>
  </testcase> <!-- duedilScreeningApiTest -->
  <testcase name="duedilScreeningApiTest" time="2.711" classname="com.travelex.automation.api.duedil.FCPAdpaterScreening"/>
  <testcase name="duedilScreeningApiTest" time="2.364" classname="com.travelex.automation.api.duedil.FCPAdpaterScreening"/>
  <testcase name="duedilScreeningApiTest" time="2.226" classname="com.travelex.automation.api.duedil.FCPAdpaterScreening"/>
  <testcase name="duedilScreeningApiTest" time="2.621" classname="com.travelex.automation.api.duedil.FCPAdpaterScreening"/>
  <testcase name="duedilScreeningApiTest" time="1.666" classname="com.travelex.automation.api.duedil.FCPAdpaterScreening"/>
  <testcase name="duedilScreeningApiTest" time="1.820" classname="com.travelex.automation.api.duedil.FCPAdpaterScreening"/>
  <testcase name="duedilScreeningApiTest" time="2.143" classname="com.travelex.automation.api.duedil.FCPAdpaterScreening"/>
  <testcase name="duedilScreeningApiTest" time="2.283" classname="com.travelex.automation.api.duedil.FCPAdpaterScreening"/>
  <testcase name="duedilScreeningApiTest" time="2.157" classname="com.travelex.automation.api.duedil.FCPAdpaterScreening"/>
  <testcase name="duedilScreeningApiTest" time="2.215" classname="com.travelex.automation.api.duedil.FCPAdpaterScreening">
    <error type="java.lang.AssertionError" message="Hit was expected but NO HIT FOUND expected [true] but found [false]">
      <![CDATA[java.lang.AssertionError: Hit was expected but NO HIT FOUND expected [true] but found [false]
	at org.testng.Assert.fail(Assert.java:94)
	at org.testng.Assert.failNotEquals(Assert.java:494)
	at org.testng.Assert.assertTrue(Assert.java:42)
	at com.travelex.automation.api.methods.ExecuteApiMethods_FCP.executePostMethodForFCPAdapter(ExecuteApiMethods_FCP.java:99)
	at com.travelex.automation.api.duedil.FCPAdpaterScreening.duedilScreeningApiTest(FCPAdpaterScreening.java:136)
	at sun.reflect.GeneratedMethodAccessor59.invoke(Unknown Source)
	at sun.reflect.DelegatingMethodAccessorImpl.invoke(Unknown Source)
	at java.lang.reflect.Method.invoke(Unknown Source)
	at org.testng.internal.MethodInvocationHelper.invokeMethod(MethodInvocationHelper.java:85)
	at org.testng.internal.Invoker.invokeMethod(Invoker.java:696)
	at org.testng.internal.Invoker.invokeTestMethod(Invoker.java:882)
	at org.testng.internal.Invoker.invokeTestMethods(Invoker.java:1189)
	at org.testng.internal.TestMethodWorker.invokeTestMethods(TestMethodWorker.java:124)
	at org.testng.internal.TestMethodWorker.run(TestMethodWorker.java:108)
	at org.testng.TestRunner.privateRun(TestRunner.java:767)
	at org.testng.TestRunner.run(TestRunner.java:617)
	at org.testng.SuiteRunner.runTest(SuiteRunner.java:348)
	at org.testng.SuiteRunner.runSequentially(SuiteRunner.java:343)
	at org.testng.SuiteRunner.privateRun(SuiteRunner.java:305)
	at org.testng.SuiteRunner.run(SuiteRunner.java:254)
	at org.testng.SuiteRunnerWorker.runSuite(SuiteRunnerWorker.java:52)
	at org.testng.SuiteRunnerWorker.run(SuiteRunnerWorker.java:86)
	at org.testng.TestNG.runSuitesSequentially(TestNG.java:1224)
	at org.testng.TestNG.runSuitesLocally(TestNG.java:1149)
	at org.testng.TestNG.run(TestNG.java:1057)
	at org.testng.remote.AbstractRemoteTestNG.run(AbstractRemoteTestNG.java:114)
	at org.testng.remote.RemoteTestNG.initAndRun(RemoteTestNG.java:251)
	at org.testng.remote.RemoteTestNG.main(RemoteTestNG.java:77)
]]>
    </error>
  </testcase> <!-- duedilScreeningApiTest -->
  <testcase name="duedilScreeningApiTest" time="2.540" classname="com.travelex.automation.api.duedil.FCPAdpaterScreening">
    <error type="java.lang.AssertionError" message="Hit was expected but NO HIT FOUND expected [true] but found [false]">
      <![CDATA[java.lang.AssertionError: Hit was expected but NO HIT FOUND expected [true] but found [false]
	at org.testng.Assert.fail(Assert.java:94)
	at org.testng.Assert.failNotEquals(Assert.java:494)
	at org.testng.Assert.assertTrue(Assert.java:42)
	at com.travelex.automation.api.methods.ExecuteApiMethods_FCP.executePostMethodForFCPAdapter(ExecuteApiMethods_FCP.java:99)
	at com.travelex.automation.api.duedil.FCPAdpaterScreening.duedilScreeningApiTest(FCPAdpaterScreening.java:136)
	at sun.reflect.GeneratedMethodAccessor59.invoke(Unknown Source)
	at sun.reflect.DelegatingMethodAccessorImpl.invoke(Unknown Source)
	at java.lang.reflect.Method.invoke(Unknown Source)
	at org.testng.internal.MethodInvocationHelper.invokeMethod(MethodInvocationHelper.java:85)
	at org.testng.internal.Invoker.invokeMethod(Invoker.java:696)
	at org.testng.internal.Invoker.invokeTestMethod(Invoker.java:882)
	at org.testng.internal.Invoker.invokeTestMethods(Invoker.java:1189)
	at org.testng.internal.TestMethodWorker.invokeTestMethods(TestMethodWorker.java:124)
	at org.testng.internal.TestMethodWorker.run(TestMethodWorker.java:108)
	at org.testng.TestRunner.privateRun(TestRunner.java:767)
	at org.testng.TestRunner.run(TestRunner.java:617)
	at org.testng.SuiteRunner.runTest(SuiteRunner.java:348)
	at org.testng.SuiteRunner.runSequentially(SuiteRunner.java:343)
	at org.testng.SuiteRunner.privateRun(SuiteRunner.java:305)
	at org.testng.SuiteRunner.run(SuiteRunner.java:254)
	at org.testng.SuiteRunnerWorker.runSuite(SuiteRunnerWorker.java:52)
	at org.testng.SuiteRunnerWorker.run(SuiteRunnerWorker.java:86)
	at org.testng.TestNG.runSuitesSequentially(TestNG.java:1224)
	at org.testng.TestNG.runSuitesLocally(TestNG.java:1149)
	at org.testng.TestNG.run(TestNG.java:1057)
	at org.testng.remote.AbstractRemoteTestNG.run(AbstractRemoteTestNG.java:114)
	at org.testng.remote.RemoteTestNG.initAndRun(RemoteTestNG.java:251)
	at org.testng.remote.RemoteTestNG.main(RemoteTestNG.java:77)
]]>
    </error>
  </testcase> <!-- duedilScreeningApiTest -->
  <testcase name="duedilScreeningApiTest" time="2.056" classname="com.travelex.automation.api.duedil.FCPAdpaterScreening"/>
  <testcase name="duedilScreeningApiTest" time="2.629" classname="com.travelex.automation.api.duedil.FCPAdpaterScreening"/>
  <testcase name="duedilScreeningApiTest" time="1.903" classname="com.travelex.automation.api.duedil.FCPAdpaterScreening"/>
  <testcase name="duedilScreeningApiTest" time="2.369" classname="com.travelex.automation.api.duedil.FCPAdpaterScreening"/>
  <testcase name="duedilScreeningApiTest" time="2.343" classname="com.travelex.automation.api.duedil.FCPAdpaterScreening"/>
  <testcase name="duedilScreeningApiTest" time="2.260" classname="com.travelex.automation.api.duedil.FCPAdpaterScreening">
    <error type="java.lang.AssertionError" message="No Hit was expected but HIT FOUND expected [true] but found [false]">
      <![CDATA[java.lang.AssertionError: No Hit was expected but HIT FOUND expected [true] but found [false]
	at org.testng.Assert.fail(Assert.java:94)
	at org.testng.Assert.failNotEquals(Assert.java:494)
	at org.testng.Assert.assertTrue(Assert.java:42)
	at com.travelex.automation.api.methods.ExecuteApiMethods_FCP.executePostMethodForFCPAdapter(ExecuteApiMethods_FCP.java:140)
	at com.travelex.automation.api.duedil.FCPAdpaterScreening.duedilScreeningApiTest(FCPAdpaterScreening.java:136)
	at sun.reflect.GeneratedMethodAccessor59.invoke(Unknown Source)
	at sun.reflect.DelegatingMethodAccessorImpl.invoke(Unknown Source)
	at java.lang.reflect.Method.invoke(Unknown Source)
	at org.testng.internal.MethodInvocationHelper.invokeMethod(MethodInvocationHelper.java:85)
	at org.testng.internal.Invoker.invokeMethod(Invoker.java:696)
	at org.testng.internal.Invoker.invokeTestMethod(Invoker.java:882)
	at org.testng.internal.Invoker.invokeTestMethods(Invoker.java:1189)
	at org.testng.internal.TestMethodWorker.invokeTestMethods(TestMethodWorker.java:124)
	at org.testng.internal.TestMethodWorker.run(TestMethodWorker.java:108)
	at org.testng.TestRunner.privateRun(TestRunner.java:767)
	at org.testng.TestRunner.run(TestRunner.java:617)
	at org.testng.SuiteRunner.runTest(SuiteRunner.java:348)
	at org.testng.SuiteRunner.runSequentially(SuiteRunner.java:343)
	at org.testng.SuiteRunner.privateRun(SuiteRunner.java:305)
	at org.testng.SuiteRunner.run(SuiteRunner.java:254)
	at org.testng.SuiteRunnerWorker.runSuite(SuiteRunnerWorker.java:52)
	at org.testng.SuiteRunnerWorker.run(SuiteRunnerWorker.java:86)
	at org.testng.TestNG.runSuitesSequentially(TestNG.java:1224)
	at org.testng.TestNG.runSuitesLocally(TestNG.java:1149)
	at org.testng.TestNG.run(TestNG.java:1057)
	at org.testng.remote.AbstractRemoteTestNG.run(AbstractRemoteTestNG.java:114)
	at org.testng.remote.RemoteTestNG.initAndRun(RemoteTestNG.java:251)
	at org.testng.remote.RemoteTestNG.main(RemoteTestNG.java:77)
]]>
    </error>
  </testcase> <!-- duedilScreeningApiTest -->
  <testcase name="duedilScreeningApiTest" time="2.150" classname="com.travelex.automation.api.duedil.FCPAdpaterScreening"/>
  <testcase name="duedilScreeningApiTest" time="1.865" classname="com.travelex.automation.api.duedil.FCPAdpaterScreening"/>
  <testcase name="duedilScreeningApiTest" time="2.544" classname="com.travelex.automation.api.duedil.FCPAdpaterScreening"/>
  <testcase name="duedilScreeningApiTest" time="2.299" classname="com.travelex.automation.api.duedil.FCPAdpaterScreening"/>
  <testcase name="duedilScreeningApiTest" time="2.155" classname="com.travelex.automation.api.duedil.FCPAdpaterScreening"/>
  <testcase name="duedilScreeningApiTest" time="3.034" classname="com.travelex.automation.api.duedil.FCPAdpaterScreening"/>
  <testcase name="duedilScreeningApiTest" time="2.039" classname="com.travelex.automation.api.duedil.FCPAdpaterScreening">
    <error type="java.lang.AssertionError" message="Hit was expected but NO HIT FOUND expected [true] but found [false]">
      <![CDATA[java.lang.AssertionError: Hit was expected but NO HIT FOUND expected [true] but found [false]
	at org.testng.Assert.fail(Assert.java:94)
	at org.testng.Assert.failNotEquals(Assert.java:494)
	at org.testng.Assert.assertTrue(Assert.java:42)
	at com.travelex.automation.api.methods.ExecuteApiMethods_FCP.executePostMethodForFCPAdapter(ExecuteApiMethods_FCP.java:99)
	at com.travelex.automation.api.duedil.FCPAdpaterScreening.duedilScreeningApiTest(FCPAdpaterScreening.java:136)
	at sun.reflect.GeneratedMethodAccessor59.invoke(Unknown Source)
	at sun.reflect.DelegatingMethodAccessorImpl.invoke(Unknown Source)
	at java.lang.reflect.Method.invoke(Unknown Source)
	at org.testng.internal.MethodInvocationHelper.invokeMethod(MethodInvocationHelper.java:85)
	at org.testng.internal.Invoker.invokeMethod(Invoker.java:696)
	at org.testng.internal.Invoker.invokeTestMethod(Invoker.java:882)
	at org.testng.internal.Invoker.invokeTestMethods(Invoker.java:1189)
	at org.testng.internal.TestMethodWorker.invokeTestMethods(TestMethodWorker.java:124)
	at org.testng.internal.TestMethodWorker.run(TestMethodWorker.java:108)
	at org.testng.TestRunner.privateRun(TestRunner.java:767)
	at org.testng.TestRunner.run(TestRunner.java:617)
	at org.testng.SuiteRunner.runTest(SuiteRunner.java:348)
	at org.testng.SuiteRunner.runSequentially(SuiteRunner.java:343)
	at org.testng.SuiteRunner.privateRun(SuiteRunner.java:305)
	at org.testng.SuiteRunner.run(SuiteRunner.java:254)
	at org.testng.SuiteRunnerWorker.runSuite(SuiteRunnerWorker.java:52)
	at org.testng.SuiteRunnerWorker.run(SuiteRunnerWorker.java:86)
	at org.testng.TestNG.runSuitesSequentially(TestNG.java:1224)
	at org.testng.TestNG.runSuitesLocally(TestNG.java:1149)
	at org.testng.TestNG.run(TestNG.java:1057)
	at org.testng.remote.AbstractRemoteTestNG.run(AbstractRemoteTestNG.java:114)
	at org.testng.remote.RemoteTestNG.initAndRun(RemoteTestNG.java:251)
	at org.testng.remote.RemoteTestNG.main(RemoteTestNG.java:77)
]]>
    </error>
  </testcase> <!-- duedilScreeningApiTest -->
  <testcase name="duedilScreeningApiTest" time="2.313" classname="com.travelex.automation.api.duedil.FCPAdpaterScreening"/>
  <testcase name="duedilScreeningApiTest" time="2.416" classname="com.travelex.automation.api.duedil.FCPAdpaterScreening"/>
  <testcase name="duedilScreeningApiTest" time="2.184" classname="com.travelex.automation.api.duedil.FCPAdpaterScreening"/>
  <testcase name="duedilScreeningApiTest" time="2.431" classname="com.travelex.automation.api.duedil.FCPAdpaterScreening"/>
  <testcase name="duedilScreeningApiTest" time="2.476" classname="com.travelex.automation.api.duedil.FCPAdpaterScreening"/>
  <testcase name="duedilScreeningApiTest" time="2.529" classname="com.travelex.automation.api.duedil.FCPAdpaterScreening"/>
  <testcase name="duedilScreeningApiTest" time="2.183" classname="com.travelex.automation.api.duedil.FCPAdpaterScreening"/>
  <testcase name="duedilScreeningApiTest" time="2.293" classname="com.travelex.automation.api.duedil.FCPAdpaterScreening"/>
  <testcase name="duedilScreeningApiTest" time="2.365" classname="com.travelex.automation.api.duedil.FCPAdpaterScreening">
    <error type="java.lang.AssertionError" message="Hit was expected but NO HIT FOUND expected [true] but found [false]">
      <![CDATA[java.lang.AssertionError: Hit was expected but NO HIT FOUND expected [true] but found [false]
	at org.testng.Assert.fail(Assert.java:94)
	at org.testng.Assert.failNotEquals(Assert.java:494)
	at org.testng.Assert.assertTrue(Assert.java:42)
	at com.travelex.automation.api.methods.ExecuteApiMethods_FCP.executePostMethodForFCPAdapter(ExecuteApiMethods_FCP.java:99)
	at com.travelex.automation.api.duedil.FCPAdpaterScreening.duedilScreeningApiTest(FCPAdpaterScreening.java:136)
	at sun.reflect.GeneratedMethodAccessor59.invoke(Unknown Source)
	at sun.reflect.DelegatingMethodAccessorImpl.invoke(Unknown Source)
	at java.lang.reflect.Method.invoke(Unknown Source)
	at org.testng.internal.MethodInvocationHelper.invokeMethod(MethodInvocationHelper.java:85)
	at org.testng.internal.Invoker.invokeMethod(Invoker.java:696)
	at org.testng.internal.Invoker.invokeTestMethod(Invoker.java:882)
	at org.testng.internal.Invoker.invokeTestMethods(Invoker.java:1189)
	at org.testng.internal.TestMethodWorker.invokeTestMethods(TestMethodWorker.java:124)
	at org.testng.internal.TestMethodWorker.run(TestMethodWorker.java:108)
	at org.testng.TestRunner.privateRun(TestRunner.java:767)
	at org.testng.TestRunner.run(TestRunner.java:617)
	at org.testng.SuiteRunner.runTest(SuiteRunner.java:348)
	at org.testng.SuiteRunner.runSequentially(SuiteRunner.java:343)
	at org.testng.SuiteRunner.privateRun(SuiteRunner.java:305)
	at org.testng.SuiteRunner.run(SuiteRunner.java:254)
	at org.testng.SuiteRunnerWorker.runSuite(SuiteRunnerWorker.java:52)
	at org.testng.SuiteRunnerWorker.run(SuiteRunnerWorker.java:86)
	at org.testng.TestNG.runSuitesSequentially(TestNG.java:1224)
	at org.testng.TestNG.runSuitesLocally(TestNG.java:1149)
	at org.testng.TestNG.run(TestNG.java:1057)
	at org.testng.remote.AbstractRemoteTestNG.run(AbstractRemoteTestNG.java:114)
	at org.testng.remote.RemoteTestNG.initAndRun(RemoteTestNG.java:251)
	at org.testng.remote.RemoteTestNG.main(RemoteTestNG.java:77)
]]>
    </error>
  </testcase> <!-- duedilScreeningApiTest -->
  <testcase name="duedilScreeningApiTest" time="2.451" classname="com.travelex.automation.api.duedil.FCPAdpaterScreening"/>
  <testcase name="duedilScreeningApiTest" time="1.708" classname="com.travelex.automation.api.duedil.FCPAdpaterScreening"/>
  <testcase name="duedilScreeningApiTest" time="2.036" classname="com.travelex.automation.api.duedil.FCPAdpaterScreening"/>
  <testcase name="duedilScreeningApiTest" time="2.272" classname="com.travelex.automation.api.duedil.FCPAdpaterScreening"/>
  <testcase name="duedilScreeningApiTest" time="2.023" classname="com.travelex.automation.api.duedil.FCPAdpaterScreening"/>
  <testcase name="duedilScreeningApiTest" time="2.312" classname="com.travelex.automation.api.duedil.FCPAdpaterScreening"/>
  <testcase name="duedilScreeningApiTest" time="2.678" classname="com.travelex.automation.api.duedil.FCPAdpaterScreening">
    <error type="java.lang.AssertionError" message="Hit was expected but NO HIT FOUND expected [true] but found [false]">
      <![CDATA[java.lang.AssertionError: Hit was expected but NO HIT FOUND expected [true] but found [false]
	at org.testng.Assert.fail(Assert.java:94)
	at org.testng.Assert.failNotEquals(Assert.java:494)
	at org.testng.Assert.assertTrue(Assert.java:42)
	at com.travelex.automation.api.methods.ExecuteApiMethods_FCP.executePostMethodForFCPAdapter(ExecuteApiMethods_FCP.java:99)
	at com.travelex.automation.api.duedil.FCPAdpaterScreening.duedilScreeningApiTest(FCPAdpaterScreening.java:136)
	at sun.reflect.GeneratedMethodAccessor59.invoke(Unknown Source)
	at sun.reflect.DelegatingMethodAccessorImpl.invoke(Unknown Source)
	at java.lang.reflect.Method.invoke(Unknown Source)
	at org.testng.internal.MethodInvocationHelper.invokeMethod(MethodInvocationHelper.java:85)
	at org.testng.internal.Invoker.invokeMethod(Invoker.java:696)
	at org.testng.internal.Invoker.invokeTestMethod(Invoker.java:882)
	at org.testng.internal.Invoker.invokeTestMethods(Invoker.java:1189)
	at org.testng.internal.TestMethodWorker.invokeTestMethods(TestMethodWorker.java:124)
	at org.testng.internal.TestMethodWorker.run(TestMethodWorker.java:108)
	at org.testng.TestRunner.privateRun(TestRunner.java:767)
	at org.testng.TestRunner.run(TestRunner.java:617)
	at org.testng.SuiteRunner.runTest(SuiteRunner.java:348)
	at org.testng.SuiteRunner.runSequentially(SuiteRunner.java:343)
	at org.testng.SuiteRunner.privateRun(SuiteRunner.java:305)
	at org.testng.SuiteRunner.run(SuiteRunner.java:254)
	at org.testng.SuiteRunnerWorker.runSuite(SuiteRunnerWorker.java:52)
	at org.testng.SuiteRunnerWorker.run(SuiteRunnerWorker.java:86)
	at org.testng.TestNG.runSuitesSequentially(TestNG.java:1224)
	at org.testng.TestNG.runSuitesLocally(TestNG.java:1149)
	at org.testng.TestNG.run(TestNG.java:1057)
	at org.testng.remote.AbstractRemoteTestNG.run(AbstractRemoteTestNG.java:114)
	at org.testng.remote.RemoteTestNG.initAndRun(RemoteTestNG.java:251)
	at org.testng.remote.RemoteTestNG.main(RemoteTestNG.java:77)
]]>
    </error>
  </testcase> <!-- duedilScreeningApiTest -->
  <testcase name="duedilScreeningApiTest" time="2.134" classname="com.travelex.automation.api.duedil.FCPAdpaterScreening"/>
  <testcase name="duedilScreeningApiTest" time="1.954" classname="com.travelex.automation.api.duedil.FCPAdpaterScreening"/>
  <testcase name="duedilScreeningApiTest" time="2.185" classname="com.travelex.automation.api.duedil.FCPAdpaterScreening"/>
  <testcase name="duedilScreeningApiTest" time="2.247" classname="com.travelex.automation.api.duedil.FCPAdpaterScreening"/>
  <testcase name="duedilScreeningApiTest" time="2.348" classname="com.travelex.automation.api.duedil.FCPAdpaterScreening"/>
  <testcase name="duedilScreeningApiTest" time="2.193" classname="com.travelex.automation.api.duedil.FCPAdpaterScreening"/>
  <testcase name="duedilScreeningApiTest" time="2.242" classname="com.travelex.automation.api.duedil.FCPAdpaterScreening">
    <error type="java.lang.AssertionError" message="Hit was expected but NO HIT FOUND expected [true] but found [false]">
      <![CDATA[java.lang.AssertionError: Hit was expected but NO HIT FOUND expected [true] but found [false]
	at org.testng.Assert.fail(Assert.java:94)
	at org.testng.Assert.failNotEquals(Assert.java:494)
	at org.testng.Assert.assertTrue(Assert.java:42)
	at com.travelex.automation.api.methods.ExecuteApiMethods_FCP.executePostMethodForFCPAdapter(ExecuteApiMethods_FCP.java:99)
	at com.travelex.automation.api.duedil.FCPAdpaterScreening.duedilScreeningApiTest(FCPAdpaterScreening.java:136)
	at sun.reflect.GeneratedMethodAccessor59.invoke(Unknown Source)
	at sun.reflect.DelegatingMethodAccessorImpl.invoke(Unknown Source)
	at java.lang.reflect.Method.invoke(Unknown Source)
	at org.testng.internal.MethodInvocationHelper.invokeMethod(MethodInvocationHelper.java:85)
	at org.testng.internal.Invoker.invokeMethod(Invoker.java:696)
	at org.testng.internal.Invoker.invokeTestMethod(Invoker.java:882)
	at org.testng.internal.Invoker.invokeTestMethods(Invoker.java:1189)
	at org.testng.internal.TestMethodWorker.invokeTestMethods(TestMethodWorker.java:124)
	at org.testng.internal.TestMethodWorker.run(TestMethodWorker.java:108)
	at org.testng.TestRunner.privateRun(TestRunner.java:767)
	at org.testng.TestRunner.run(TestRunner.java:617)
	at org.testng.SuiteRunner.runTest(SuiteRunner.java:348)
	at org.testng.SuiteRunner.runSequentially(SuiteRunner.java:343)
	at org.testng.SuiteRunner.privateRun(SuiteRunner.java:305)
	at org.testng.SuiteRunner.run(SuiteRunner.java:254)
	at org.testng.SuiteRunnerWorker.runSuite(SuiteRunnerWorker.java:52)
	at org.testng.SuiteRunnerWorker.run(SuiteRunnerWorker.java:86)
	at org.testng.TestNG.runSuitesSequentially(TestNG.java:1224)
	at org.testng.TestNG.runSuitesLocally(TestNG.java:1149)
	at org.testng.TestNG.run(TestNG.java:1057)
	at org.testng.remote.AbstractRemoteTestNG.run(AbstractRemoteTestNG.java:114)
	at org.testng.remote.RemoteTestNG.initAndRun(RemoteTestNG.java:251)
	at org.testng.remote.RemoteTestNG.main(RemoteTestNG.java:77)
]]>
    </error>
  </testcase> <!-- duedilScreeningApiTest -->
  <testcase name="duedilScreeningApiTest" time="2.225" classname="com.travelex.automation.api.duedil.FCPAdpaterScreening"/>
  <testcase name="duedilScreeningApiTest" time="2.079" classname="com.travelex.automation.api.duedil.FCPAdpaterScreening"/>
  <testcase name="duedilScreeningApiTest" time="2.118" classname="com.travelex.automation.api.duedil.FCPAdpaterScreening"/>
  <testcase name="duedilScreeningApiTest" time="2.120" classname="com.travelex.automation.api.duedil.FCPAdpaterScreening"/>
  <testcase name="duedilScreeningApiTest" time="1.893" classname="com.travelex.automation.api.duedil.FCPAdpaterScreening"/>
  <testcase name="duedilScreeningApiTest" time="2.638" classname="com.travelex.automation.api.duedil.FCPAdpaterScreening"/>
  <testcase name="duedilScreeningApiTest" time="1.715" classname="com.travelex.automation.api.duedil.FCPAdpaterScreening"/>
  <testcase name="duedilScreeningApiTest" time="2.331" classname="com.travelex.automation.api.duedil.FCPAdpaterScreening"/>
  <testcase name="duedilScreeningApiTest" time="2.075" classname="com.travelex.automation.api.duedil.FCPAdpaterScreening"/>
  <testcase name="duedilScreeningApiTest" time="2.296" classname="com.travelex.automation.api.duedil.FCPAdpaterScreening"/>
  <testcase name="duedilScreeningApiTest" time="2.049" classname="com.travelex.automation.api.duedil.FCPAdpaterScreening"/>
  <testcase name="duedilScreeningApiTest" time="3.450" classname="com.travelex.automation.api.duedil.FCPAdpaterScreening"/>
  <testcase name="duedilScreeningApiTest" time="2.231" classname="com.travelex.automation.api.duedil.FCPAdpaterScreening"/>
  <testcase name="duedilScreeningApiTest" time="2.187" classname="com.travelex.automation.api.duedil.FCPAdpaterScreening"/>
  <testcase name="duedilScreeningApiTest" time="1.964" classname="com.travelex.automation.api.duedil.FCPAdpaterScreening"/>
  <testcase name="duedilScreeningApiTest" time="2.288" classname="com.travelex.automation.api.duedil.FCPAdpaterScreening"/>
  <testcase name="duedilScreeningApiTest" time="2.298" classname="com.travelex.automation.api.duedil.FCPAdpaterScreening">
    <error type="java.lang.AssertionError" message="Hit was expected but NO HIT FOUND expected [true] but found [false]">
      <![CDATA[java.lang.AssertionError: Hit was expected but NO HIT FOUND expected [true] but found [false]
	at org.testng.Assert.fail(Assert.java:94)
	at org.testng.Assert.failNotEquals(Assert.java:494)
	at org.testng.Assert.assertTrue(Assert.java:42)
	at com.travelex.automation.api.methods.ExecuteApiMethods_FCP.executePostMethodForFCPAdapter(ExecuteApiMethods_FCP.java:99)
	at com.travelex.automation.api.duedil.FCPAdpaterScreening.duedilScreeningApiTest(FCPAdpaterScreening.java:136)
	at sun.reflect.GeneratedMethodAccessor59.invoke(Unknown Source)
	at sun.reflect.DelegatingMethodAccessorImpl.invoke(Unknown Source)
	at java.lang.reflect.Method.invoke(Unknown Source)
	at org.testng.internal.MethodInvocationHelper.invokeMethod(MethodInvocationHelper.java:85)
	at org.testng.internal.Invoker.invokeMethod(Invoker.java:696)
	at org.testng.internal.Invoker.invokeTestMethod(Invoker.java:882)
	at org.testng.internal.Invoker.invokeTestMethods(Invoker.java:1189)
	at org.testng.internal.TestMethodWorker.invokeTestMethods(TestMethodWorker.java:124)
	at org.testng.internal.TestMethodWorker.run(TestMethodWorker.java:108)
	at org.testng.TestRunner.privateRun(TestRunner.java:767)
	at org.testng.TestRunner.run(TestRunner.java:617)
	at org.testng.SuiteRunner.runTest(SuiteRunner.java:348)
	at org.testng.SuiteRunner.runSequentially(SuiteRunner.java:343)
	at org.testng.SuiteRunner.privateRun(SuiteRunner.java:305)
	at org.testng.SuiteRunner.run(SuiteRunner.java:254)
	at org.testng.SuiteRunnerWorker.runSuite(SuiteRunnerWorker.java:52)
	at org.testng.SuiteRunnerWorker.run(SuiteRunnerWorker.java:86)
	at org.testng.TestNG.runSuitesSequentially(TestNG.java:1224)
	at org.testng.TestNG.runSuitesLocally(TestNG.java:1149)
	at org.testng.TestNG.run(TestNG.java:1057)
	at org.testng.remote.AbstractRemoteTestNG.run(AbstractRemoteTestNG.java:114)
	at org.testng.remote.RemoteTestNG.initAndRun(RemoteTestNG.java:251)
	at org.testng.remote.RemoteTestNG.main(RemoteTestNG.java:77)
]]>
    </error>
  </testcase> <!-- duedilScreeningApiTest -->
  <testcase name="duedilScreeningApiTest" time="2.151" classname="com.travelex.automation.api.duedil.FCPAdpaterScreening"/>
  <testcase name="duedilScreeningApiTest" time="2.601" classname="com.travelex.automation.api.duedil.FCPAdpaterScreening"/>
  <testcase name="duedilScreeningApiTest" time="2.199" classname="com.travelex.automation.api.duedil.FCPAdpaterScreening">
    <error type="java.lang.AssertionError" message="Mark Thomas RYAN not found in the hit response object expected [true] but found [false]">
      <![CDATA[java.lang.AssertionError: Mark Thomas RYAN not found in the hit response object expected [true] but found [false]
	at org.testng.Assert.fail(Assert.java:94)
	at org.testng.Assert.failNotEquals(Assert.java:494)
	at org.testng.Assert.assertTrue(Assert.java:42)
	at com.travelex.automation.api.methods.ExecuteApiMethods_FCP.executePostMethodForFCPAdapter(ExecuteApiMethods_FCP.java:129)
	at com.travelex.automation.api.duedil.FCPAdpaterScreening.duedilScreeningApiTest(FCPAdpaterScreening.java:136)
	at sun.reflect.GeneratedMethodAccessor59.invoke(Unknown Source)
	at sun.reflect.DelegatingMethodAccessorImpl.invoke(Unknown Source)
	at java.lang.reflect.Method.invoke(Unknown Source)
	at org.testng.internal.MethodInvocationHelper.invokeMethod(MethodInvocationHelper.java:85)
	at org.testng.internal.Invoker.invokeMethod(Invoker.java:696)
	at org.testng.internal.Invoker.invokeTestMethod(Invoker.java:882)
	at org.testng.internal.Invoker.invokeTestMethods(Invoker.java:1189)
	at org.testng.internal.TestMethodWorker.invokeTestMethods(TestMethodWorker.java:124)
	at org.testng.internal.TestMethodWorker.run(TestMethodWorker.java:108)
	at org.testng.TestRunner.privateRun(TestRunner.java:767)
	at org.testng.TestRunner.run(TestRunner.java:617)
	at org.testng.SuiteRunner.runTest(SuiteRunner.java:348)
	at org.testng.SuiteRunner.runSequentially(SuiteRunner.java:343)
	at org.testng.SuiteRunner.privateRun(SuiteRunner.java:305)
	at org.testng.SuiteRunner.run(SuiteRunner.java:254)
	at org.testng.SuiteRunnerWorker.runSuite(SuiteRunnerWorker.java:52)
	at org.testng.SuiteRunnerWorker.run(SuiteRunnerWorker.java:86)
	at org.testng.TestNG.runSuitesSequentially(TestNG.java:1224)
	at org.testng.TestNG.runSuitesLocally(TestNG.java:1149)
	at org.testng.TestNG.run(TestNG.java:1057)
	at org.testng.remote.AbstractRemoteTestNG.run(AbstractRemoteTestNG.java:114)
	at org.testng.remote.RemoteTestNG.initAndRun(RemoteTestNG.java:251)
	at org.testng.remote.RemoteTestNG.main(RemoteTestNG.java:77)
]]>
    </error>
  </testcase> <!-- duedilScreeningApiTest -->
  <testcase name="duedilScreeningApiTest" time="2.633" classname="com.travelex.automation.api.duedil.FCPAdpaterScreening"/>
  <testcase name="duedilScreeningApiTest" time="2.247" classname="com.travelex.automation.api.duedil.FCPAdpaterScreening"/>
  <testcase name="duedilScreeningApiTest" time="2.243" classname="com.travelex.automation.api.duedil.FCPAdpaterScreening">
    <error type="java.lang.AssertionError" message="Hit was expected but NO HIT FOUND expected [true] but found [false]">
      <![CDATA[java.lang.AssertionError: Hit was expected but NO HIT FOUND expected [true] but found [false]
	at org.testng.Assert.fail(Assert.java:94)
	at org.testng.Assert.failNotEquals(Assert.java:494)
	at org.testng.Assert.assertTrue(Assert.java:42)
	at com.travelex.automation.api.methods.ExecuteApiMethods_FCP.executePostMethodForFCPAdapter(ExecuteApiMethods_FCP.java:99)
	at com.travelex.automation.api.duedil.FCPAdpaterScreening.duedilScreeningApiTest(FCPAdpaterScreening.java:136)
	at sun.reflect.GeneratedMethodAccessor59.invoke(Unknown Source)
	at sun.reflect.DelegatingMethodAccessorImpl.invoke(Unknown Source)
	at java.lang.reflect.Method.invoke(Unknown Source)
	at org.testng.internal.MethodInvocationHelper.invokeMethod(MethodInvocationHelper.java:85)
	at org.testng.internal.Invoker.invokeMethod(Invoker.java:696)
	at org.testng.internal.Invoker.invokeTestMethod(Invoker.java:882)
	at org.testng.internal.Invoker.invokeTestMethods(Invoker.java:1189)
	at org.testng.internal.TestMethodWorker.invokeTestMethods(TestMethodWorker.java:124)
	at org.testng.internal.TestMethodWorker.run(TestMethodWorker.java:108)
	at org.testng.TestRunner.privateRun(TestRunner.java:767)
	at org.testng.TestRunner.run(TestRunner.java:617)
	at org.testng.SuiteRunner.runTest(SuiteRunner.java:348)
	at org.testng.SuiteRunner.runSequentially(SuiteRunner.java:343)
	at org.testng.SuiteRunner.privateRun(SuiteRunner.java:305)
	at org.testng.SuiteRunner.run(SuiteRunner.java:254)
	at org.testng.SuiteRunnerWorker.runSuite(SuiteRunnerWorker.java:52)
	at org.testng.SuiteRunnerWorker.run(SuiteRunnerWorker.java:86)
	at org.testng.TestNG.runSuitesSequentially(TestNG.java:1224)
	at org.testng.TestNG.runSuitesLocally(TestNG.java:1149)
	at org.testng.TestNG.run(TestNG.java:1057)
	at org.testng.remote.AbstractRemoteTestNG.run(AbstractRemoteTestNG.java:114)
	at org.testng.remote.RemoteTestNG.initAndRun(RemoteTestNG.java:251)
	at org.testng.remote.RemoteTestNG.main(RemoteTestNG.java:77)
]]>
    </error>
  </testcase> <!-- duedilScreeningApiTest -->
  <testcase name="duedilScreeningApiTest" time="1.953" classname="com.travelex.automation.api.duedil.FCPAdpaterScreening"/>
  <testcase name="duedilScreeningApiTest" time="2.170" classname="com.travelex.automation.api.duedil.FCPAdpaterScreening"/>
  <testcase name="duedilScreeningApiTest" time="1.888" classname="com.travelex.automation.api.duedil.FCPAdpaterScreening">
    <error type="java.lang.AssertionError" message="Sergey BELOKOLODOV not found in the hit response object expected [true] but found [false]">
      <![CDATA[java.lang.AssertionError: Sergey BELOKOLODOV not found in the hit response object expected [true] but found [false]
	at org.testng.Assert.fail(Assert.java:94)
	at org.testng.Assert.failNotEquals(Assert.java:494)
	at org.testng.Assert.assertTrue(Assert.java:42)
	at com.travelex.automation.api.methods.ExecuteApiMethods_FCP.executePostMethodForFCPAdapter(ExecuteApiMethods_FCP.java:129)
	at com.travelex.automation.api.duedil.FCPAdpaterScreening.duedilScreeningApiTest(FCPAdpaterScreening.java:136)
	at sun.reflect.NativeMethodAccessorImpl.invoke0(Native Method)
	at sun.reflect.NativeMethodAccessorImpl.invoke(Unknown Source)
	at sun.reflect.DelegatingMethodAccessorImpl.invoke(Unknown Source)
	at java.lang.reflect.Method.invoke(Unknown Source)
	at org.testng.internal.MethodInvocationHelper.invokeMethod(MethodInvocationHelper.java:85)
	at org.testng.internal.Invoker.invokeMethod(Invoker.java:696)
	at org.testng.internal.Invoker.invokeTestMethod(Invoker.java:882)
	at org.testng.internal.Invoker.invokeTestMethods(Invoker.java:1189)
	at org.testng.internal.TestMethodWorker.invokeTestMethods(TestMethodWorker.java:124)
	at org.testng.internal.TestMethodWorker.run(TestMethodWorker.java:108)
	at org.testng.TestRunner.privateRun(TestRunner.java:767)
	at org.testng.TestRunner.run(TestRunner.java:617)
	at org.testng.SuiteRunner.runTest(SuiteRunner.java:348)
	at org.testng.SuiteRunner.runSequentially(SuiteRunner.java:343)
	at org.testng.SuiteRunner.privateRun(SuiteRunner.java:305)
	at org.testng.SuiteRunner.run(SuiteRunner.java:254)
	at org.testng.SuiteRunnerWorker.runSuite(SuiteRunnerWorker.java:52)
	at org.testng.SuiteRunnerWorker.run(SuiteRunnerWorker.java:86)
	at org.testng.TestNG.runSuitesSequentially(TestNG.java:1224)
	at org.testng.TestNG.runSuitesLocally(TestNG.java:1149)
	at org.testng.TestNG.run(TestNG.java:1057)
	at org.testng.remote.AbstractRemoteTestNG.run(AbstractRemoteTestNG.java:114)
	at org.testng.remote.RemoteTestNG.initAndRun(RemoteTestNG.java:251)
	at org.testng.remote.RemoteTestNG.main(RemoteTestNG.java:77)
]]>
    </error>
  </testcase> <!-- duedilScreeningApiTest -->
  <testcase name="duedilScreeningApiTest" time="2.120" classname="com.travelex.automation.api.duedil.FCPAdpaterScreening"/>
  <testcase name="duedilScreeningApiTest" time="2.182" classname="com.travelex.automation.api.duedil.FCPAdpaterScreening"/>
  <testcase name="duedilScreeningApiTest" time="2.284" classname="com.travelex.automation.api.duedil.FCPAdpaterScreening"/>
  <testcase name="duedilScreeningApiTest" time="2.383" classname="com.travelex.automation.api.duedil.FCPAdpaterScreening"/>
  <testcase name="duedilScreeningApiTest" time="1.903" classname="com.travelex.automation.api.duedil.FCPAdpaterScreening"/>
  <testcase name="duedilScreeningApiTest" time="2.126" classname="com.travelex.automation.api.duedil.FCPAdpaterScreening"/>
  <testcase name="duedilScreeningApiTest" time="2.323" classname="com.travelex.automation.api.duedil.FCPAdpaterScreening"/>
  <testcase name="duedilScreeningApiTest" time="1.928" classname="com.travelex.automation.api.duedil.FCPAdpaterScreening">
    <error type="java.lang.AssertionError" message="No Hit was expected but HIT FOUND expected [true] but found [false]">
      <![CDATA[java.lang.AssertionError: No Hit was expected but HIT FOUND expected [true] but found [false]
	at org.testng.Assert.fail(Assert.java:94)
	at org.testng.Assert.failNotEquals(Assert.java:494)
	at org.testng.Assert.assertTrue(Assert.java:42)
	at com.travelex.automation.api.methods.ExecuteApiMethods_FCP.executePostMethodForFCPAdapter(ExecuteApiMethods_FCP.java:140)
	at com.travelex.automation.api.duedil.FCPAdpaterScreening.duedilScreeningApiTest(FCPAdpaterScreening.java:136)
	at sun.reflect.GeneratedMethodAccessor59.invoke(Unknown Source)
	at sun.reflect.DelegatingMethodAccessorImpl.invoke(Unknown Source)
	at java.lang.reflect.Method.invoke(Unknown Source)
	at org.testng.internal.MethodInvocationHelper.invokeMethod(MethodInvocationHelper.java:85)
	at org.testng.internal.Invoker.invokeMethod(Invoker.java:696)
	at org.testng.internal.Invoker.invokeTestMethod(Invoker.java:882)
	at org.testng.internal.Invoker.invokeTestMethods(Invoker.java:1189)
	at org.testng.internal.TestMethodWorker.invokeTestMethods(TestMethodWorker.java:124)
	at org.testng.internal.TestMethodWorker.run(TestMethodWorker.java:108)
	at org.testng.TestRunner.privateRun(TestRunner.java:767)
	at org.testng.TestRunner.run(TestRunner.java:617)
	at org.testng.SuiteRunner.runTest(SuiteRunner.java:348)
	at org.testng.SuiteRunner.runSequentially(SuiteRunner.java:343)
	at org.testng.SuiteRunner.privateRun(SuiteRunner.java:305)
	at org.testng.SuiteRunner.run(SuiteRunner.java:254)
	at org.testng.SuiteRunnerWorker.runSuite(SuiteRunnerWorker.java:52)
	at org.testng.SuiteRunnerWorker.run(SuiteRunnerWorker.java:86)
	at org.testng.TestNG.runSuitesSequentially(TestNG.java:1224)
	at org.testng.TestNG.runSuitesLocally(TestNG.java:1149)
	at org.testng.TestNG.run(TestNG.java:1057)
	at org.testng.remote.AbstractRemoteTestNG.run(AbstractRemoteTestNG.java:114)
	at org.testng.remote.RemoteTestNG.initAndRun(RemoteTestNG.java:251)
	at org.testng.remote.RemoteTestNG.main(RemoteTestNG.java:77)
]]>
    </error>
  </testcase> <!-- duedilScreeningApiTest -->
  <testcase name="duedilScreeningApiTest" time="3.550" classname="com.travelex.automation.api.duedil.FCPAdpaterScreening">
    <error type="java.lang.AssertionError" message="Bashar Sabawi Ibrahim Hasan AL-TIKRITI not found in the hit response object expected [true] but found [false]">
      <![CDATA[java.lang.AssertionError: Bashar Sabawi Ibrahim Hasan AL-TIKRITI not found in the hit response object expected [true] but found [false]
	at org.testng.Assert.fail(Assert.java:94)
	at org.testng.Assert.failNotEquals(Assert.java:494)
	at org.testng.Assert.assertTrue(Assert.java:42)
	at com.travelex.automation.api.methods.ExecuteApiMethods_FCP.executePostMethodForFCPAdapter(ExecuteApiMethods_FCP.java:129)
	at com.travelex.automation.api.duedil.FCPAdpaterScreening.duedilScreeningApiTest(FCPAdpaterScreening.java:136)
	at sun.reflect.GeneratedMethodAccessor59.invoke(Unknown Source)
	at sun.reflect.DelegatingMethodAccessorImpl.invoke(Unknown Source)
	at java.lang.reflect.Method.invoke(Unknown Source)
	at org.testng.internal.MethodInvocationHelper.invokeMethod(MethodInvocationHelper.java:85)
	at org.testng.internal.Invoker.invokeMethod(Invoker.java:696)
	at org.testng.internal.Invoker.invokeTestMethod(Invoker.java:882)
	at org.testng.internal.Invoker.invokeTestMethods(Invoker.java:1189)
	at org.testng.internal.TestMethodWorker.invokeTestMethods(TestMethodWorker.java:124)
	at org.testng.internal.TestMethodWorker.run(TestMethodWorker.java:108)
	at org.testng.TestRunner.privateRun(TestRunner.java:767)
	at org.testng.TestRunner.run(TestRunner.java:617)
	at org.testng.SuiteRunner.runTest(SuiteRunner.java:348)
	at org.testng.SuiteRunner.runSequentially(SuiteRunner.java:343)
	at org.testng.SuiteRunner.privateRun(SuiteRunner.java:305)
	at org.testng.SuiteRunner.run(SuiteRunner.java:254)
	at org.testng.SuiteRunnerWorker.runSuite(SuiteRunnerWorker.java:52)
	at org.testng.SuiteRunnerWorker.run(SuiteRunnerWorker.java:86)
	at org.testng.TestNG.runSuitesSequentially(TestNG.java:1224)
	at org.testng.TestNG.runSuitesLocally(TestNG.java:1149)
	at org.testng.TestNG.run(TestNG.java:1057)
	at org.testng.remote.AbstractRemoteTestNG.run(AbstractRemoteTestNG.java:114)
	at org.testng.remote.RemoteTestNG.initAndRun(RemoteTestNG.java:251)
	at org.testng.remote.RemoteTestNG.main(RemoteTestNG.java:77)
]]>
    </error>
  </testcase> <!-- duedilScreeningApiTest -->
  <testcase name="duedilScreeningApiTest" time="1.891" classname="com.travelex.automation.api.duedil.FCPAdpaterScreening">
    <error type="java.lang.AssertionError" message="Hit was expected but NO HIT FOUND expected [true] but found [false]">
      <![CDATA[java.lang.AssertionError: Hit was expected but NO HIT FOUND expected [true] but found [false]
	at org.testng.Assert.fail(Assert.java:94)
	at org.testng.Assert.failNotEquals(Assert.java:494)
	at org.testng.Assert.assertTrue(Assert.java:42)
	at com.travelex.automation.api.methods.ExecuteApiMethods_FCP.executePostMethodForFCPAdapter(ExecuteApiMethods_FCP.java:99)
	at com.travelex.automation.api.duedil.FCPAdpaterScreening.duedilScreeningApiTest(FCPAdpaterScreening.java:136)
	at sun.reflect.GeneratedMethodAccessor59.invoke(Unknown Source)
	at sun.reflect.DelegatingMethodAccessorImpl.invoke(Unknown Source)
	at java.lang.reflect.Method.invoke(Unknown Source)
	at org.testng.internal.MethodInvocationHelper.invokeMethod(MethodInvocationHelper.java:85)
	at org.testng.internal.Invoker.invokeMethod(Invoker.java:696)
	at org.testng.internal.Invoker.invokeTestMethod(Invoker.java:882)
	at org.testng.internal.Invoker.invokeTestMethods(Invoker.java:1189)
	at org.testng.internal.TestMethodWorker.invokeTestMethods(TestMethodWorker.java:124)
	at org.testng.internal.TestMethodWorker.run(TestMethodWorker.java:108)
	at org.testng.TestRunner.privateRun(TestRunner.java:767)
	at org.testng.TestRunner.run(TestRunner.java:617)
	at org.testng.SuiteRunner.runTest(SuiteRunner.java:348)
	at org.testng.SuiteRunner.runSequentially(SuiteRunner.java:343)
	at org.testng.SuiteRunner.privateRun(SuiteRunner.java:305)
	at org.testng.SuiteRunner.run(SuiteRunner.java:254)
	at org.testng.SuiteRunnerWorker.runSuite(SuiteRunnerWorker.java:52)
	at org.testng.SuiteRunnerWorker.run(SuiteRunnerWorker.java:86)
	at org.testng.TestNG.runSuitesSequentially(TestNG.java:1224)
	at org.testng.TestNG.runSuitesLocally(TestNG.java:1149)
	at org.testng.TestNG.run(TestNG.java:1057)
	at org.testng.remote.AbstractRemoteTestNG.run(AbstractRemoteTestNG.java:114)
	at org.testng.remote.RemoteTestNG.initAndRun(RemoteTestNG.java:251)
	at org.testng.remote.RemoteTestNG.main(RemoteTestNG.java:77)
]]>
    </error>
  </testcase> <!-- duedilScreeningApiTest -->
  <testcase name="duedilScreeningApiTest" time="2.137" classname="com.travelex.automation.api.duedil.FCPAdpaterScreening"/>
  <testcase name="duedilScreeningApiTest" time="2.260" classname="com.travelex.automation.api.duedil.FCPAdpaterScreening">
    <error type="java.lang.AssertionError" message="Hit was expected but NO HIT FOUND expected [true] but found [false]">
      <![CDATA[java.lang.AssertionError: Hit was expected but NO HIT FOUND expected [true] but found [false]
	at org.testng.Assert.fail(Assert.java:94)
	at org.testng.Assert.failNotEquals(Assert.java:494)
	at org.testng.Assert.assertTrue(Assert.java:42)
	at com.travelex.automation.api.methods.ExecuteApiMethods_FCP.executePostMethodForFCPAdapter(ExecuteApiMethods_FCP.java:99)
	at com.travelex.automation.api.duedil.FCPAdpaterScreening.duedilScreeningApiTest(FCPAdpaterScreening.java:136)
	at sun.reflect.GeneratedMethodAccessor59.invoke(Unknown Source)
	at sun.reflect.DelegatingMethodAccessorImpl.invoke(Unknown Source)
	at java.lang.reflect.Method.invoke(Unknown Source)
	at org.testng.internal.MethodInvocationHelper.invokeMethod(MethodInvocationHelper.java:85)
	at org.testng.internal.Invoker.invokeMethod(Invoker.java:696)
	at org.testng.internal.Invoker.invokeTestMethod(Invoker.java:882)
	at org.testng.internal.Invoker.invokeTestMethods(Invoker.java:1189)
	at org.testng.internal.TestMethodWorker.invokeTestMethods(TestMethodWorker.java:124)
	at org.testng.internal.TestMethodWorker.run(TestMethodWorker.java:108)
	at org.testng.TestRunner.privateRun(TestRunner.java:767)
	at org.testng.TestRunner.run(TestRunner.java:617)
	at org.testng.SuiteRunner.runTest(SuiteRunner.java:348)
	at org.testng.SuiteRunner.runSequentially(SuiteRunner.java:343)
	at org.testng.SuiteRunner.privateRun(SuiteRunner.java:305)
	at org.testng.SuiteRunner.run(SuiteRunner.java:254)
	at org.testng.SuiteRunnerWorker.runSuite(SuiteRunnerWorker.java:52)
	at org.testng.SuiteRunnerWorker.run(SuiteRunnerWorker.java:86)
	at org.testng.TestNG.runSuitesSequentially(TestNG.java:1224)
	at org.testng.TestNG.runSuitesLocally(TestNG.java:1149)
	at org.testng.TestNG.run(TestNG.java:1057)
	at org.testng.remote.AbstractRemoteTestNG.run(AbstractRemoteTestNG.java:114)
	at org.testng.remote.RemoteTestNG.initAndRun(RemoteTestNG.java:251)
	at org.testng.remote.RemoteTestNG.main(RemoteTestNG.java:77)
]]>
    </error>
  </testcase> <!-- duedilScreeningApiTest -->
  <testcase name="duedilScreeningApiTest" time="2.222" classname="com.travelex.automation.api.duedil.FCPAdpaterScreening"/>
  <testcase name="duedilScreeningApiTest" time="2.235" classname="com.travelex.automation.api.duedil.FCPAdpaterScreening">
    <error type="java.lang.AssertionError" message="Hit was expected but NO HIT FOUND expected [true] but found [false]">
      <![CDATA[java.lang.AssertionError: Hit was expected but NO HIT FOUND expected [true] but found [false]
	at org.testng.Assert.fail(Assert.java:94)
	at org.testng.Assert.failNotEquals(Assert.java:494)
	at org.testng.Assert.assertTrue(Assert.java:42)
	at com.travelex.automation.api.methods.ExecuteApiMethods_FCP.executePostMethodForFCPAdapter(ExecuteApiMethods_FCP.java:99)
	at com.travelex.automation.api.duedil.FCPAdpaterScreening.duedilScreeningApiTest(FCPAdpaterScreening.java:136)
	at sun.reflect.GeneratedMethodAccessor59.invoke(Unknown Source)
	at sun.reflect.DelegatingMethodAccessorImpl.invoke(Unknown Source)
	at java.lang.reflect.Method.invoke(Unknown Source)
	at org.testng.internal.MethodInvocationHelper.invokeMethod(MethodInvocationHelper.java:85)
	at org.testng.internal.Invoker.invokeMethod(Invoker.java:696)
	at org.testng.internal.Invoker.invokeTestMethod(Invoker.java:882)
	at org.testng.internal.Invoker.invokeTestMethods(Invoker.java:1189)
	at org.testng.internal.TestMethodWorker.invokeTestMethods(TestMethodWorker.java:124)
	at org.testng.internal.TestMethodWorker.run(TestMethodWorker.java:108)
	at org.testng.TestRunner.privateRun(TestRunner.java:767)
	at org.testng.TestRunner.run(TestRunner.java:617)
	at org.testng.SuiteRunner.runTest(SuiteRunner.java:348)
	at org.testng.SuiteRunner.runSequentially(SuiteRunner.java:343)
	at org.testng.SuiteRunner.privateRun(SuiteRunner.java:305)
	at org.testng.SuiteRunner.run(SuiteRunner.java:254)
	at org.testng.SuiteRunnerWorker.runSuite(SuiteRunnerWorker.java:52)
	at org.testng.SuiteRunnerWorker.run(SuiteRunnerWorker.java:86)
	at org.testng.TestNG.runSuitesSequentially(TestNG.java:1224)
	at org.testng.TestNG.runSuitesLocally(TestNG.java:1149)
	at org.testng.TestNG.run(TestNG.java:1057)
	at org.testng.remote.AbstractRemoteTestNG.run(AbstractRemoteTestNG.java:114)
	at org.testng.remote.RemoteTestNG.initAndRun(RemoteTestNG.java:251)
	at org.testng.remote.RemoteTestNG.main(RemoteTestNG.java:77)
]]>
    </error>
  </testcase> <!-- duedilScreeningApiTest -->
  <testcase name="duedilScreeningApiTest" time="3.847" classname="com.travelex.automation.api.duedil.FCPAdpaterScreening"/>
  <testcase name="duedilScreeningApiTest" time="2.499" classname="com.travelex.automation.api.duedil.FCPAdpaterScreening"/>
  <testcase name="duedilScreeningApiTest" time="2.274" classname="com.travelex.automation.api.duedil.FCPAdpaterScreening">
    <error type="java.lang.AssertionError" message="Hit was expected but NO HIT FOUND expected [true] but found [false]">
      <![CDATA[java.lang.AssertionError: Hit was expected but NO HIT FOUND expected [true] but found [false]
	at org.testng.Assert.fail(Assert.java:94)
	at org.testng.Assert.failNotEquals(Assert.java:494)
	at org.testng.Assert.assertTrue(Assert.java:42)
	at com.travelex.automation.api.methods.ExecuteApiMethods_FCP.executePostMethodForFCPAdapter(ExecuteApiMethods_FCP.java:99)
	at com.travelex.automation.api.duedil.FCPAdpaterScreening.duedilScreeningApiTest(FCPAdpaterScreening.java:136)
	at sun.reflect.GeneratedMethodAccessor59.invoke(Unknown Source)
	at sun.reflect.DelegatingMethodAccessorImpl.invoke(Unknown Source)
	at java.lang.reflect.Method.invoke(Unknown Source)
	at org.testng.internal.MethodInvocationHelper.invokeMethod(MethodInvocationHelper.java:85)
	at org.testng.internal.Invoker.invokeMethod(Invoker.java:696)
	at org.testng.internal.Invoker.invokeTestMethod(Invoker.java:882)
	at org.testng.internal.Invoker.invokeTestMethods(Invoker.java:1189)
	at org.testng.internal.TestMethodWorker.invokeTestMethods(TestMethodWorker.java:124)
	at org.testng.internal.TestMethodWorker.run(TestMethodWorker.java:108)
	at org.testng.TestRunner.privateRun(TestRunner.java:767)
	at org.testng.TestRunner.run(TestRunner.java:617)
	at org.testng.SuiteRunner.runTest(SuiteRunner.java:348)
	at org.testng.SuiteRunner.runSequentially(SuiteRunner.java:343)
	at org.testng.SuiteRunner.privateRun(SuiteRunner.java:305)
	at org.testng.SuiteRunner.run(SuiteRunner.java:254)
	at org.testng.SuiteRunnerWorker.runSuite(SuiteRunnerWorker.java:52)
	at org.testng.SuiteRunnerWorker.run(SuiteRunnerWorker.java:86)
	at org.testng.TestNG.runSuitesSequentially(TestNG.java:1224)
	at org.testng.TestNG.runSuitesLocally(TestNG.java:1149)
	at org.testng.TestNG.run(TestNG.java:1057)
	at org.testng.remote.AbstractRemoteTestNG.run(AbstractRemoteTestNG.java:114)
	at org.testng.remote.RemoteTestNG.initAndRun(RemoteTestNG.java:251)
	at org.testng.remote.RemoteTestNG.main(RemoteTestNG.java:77)
]]>
    </error>
  </testcase> <!-- duedilScreeningApiTest -->
  <testcase name="duedilScreeningApiTest" time="2.032" classname="com.travelex.automation.api.duedil.FCPAdpaterScreening"/>
  <testcase name="duedilScreeningApiTest" time="2.080" classname="com.travelex.automation.api.duedil.FCPAdpaterScreening"/>
  <testcase name="duedilScreeningApiTest" time="1.950" classname="com.travelex.automation.api.duedil.FCPAdpaterScreening"/>
  <testcase name="duedilScreeningApiTest" time="1.927" classname="com.travelex.automation.api.duedil.FCPAdpaterScreening"/>
  <testcase name="duedilScreeningApiTest" time="2.453" classname="com.travelex.automation.api.duedil.FCPAdpaterScreening"/>
  <testcase name="duedilScreeningApiTest" time="2.236" classname="com.travelex.automation.api.duedil.FCPAdpaterScreening"/>
  <testcase name="duedilScreeningApiTest" time="2.416" classname="com.travelex.automation.api.duedil.FCPAdpaterScreening"/>
  <testcase name="duedilScreeningApiTest" time="2.462" classname="com.travelex.automation.api.duedil.FCPAdpaterScreening"/>
  <testcase name="duedilScreeningApiTest" time="2.709" classname="com.travelex.automation.api.duedil.FCPAdpaterScreening">
    <error type="java.lang.AssertionError" message="No Hit was expected but HIT FOUND expected [true] but found [false]">
      <![CDATA[java.lang.AssertionError: No Hit was expected but HIT FOUND expected [true] but found [false]
	at org.testng.Assert.fail(Assert.java:94)
	at org.testng.Assert.failNotEquals(Assert.java:494)
	at org.testng.Assert.assertTrue(Assert.java:42)
	at com.travelex.automation.api.methods.ExecuteApiMethods_FCP.executePostMethodForFCPAdapter(ExecuteApiMethods_FCP.java:140)
	at com.travelex.automation.api.duedil.FCPAdpaterScreening.duedilScreeningApiTest(FCPAdpaterScreening.java:136)
	at sun.reflect.GeneratedMethodAccessor59.invoke(Unknown Source)
	at sun.reflect.DelegatingMethodAccessorImpl.invoke(Unknown Source)
	at java.lang.reflect.Method.invoke(Unknown Source)
	at org.testng.internal.MethodInvocationHelper.invokeMethod(MethodInvocationHelper.java:85)
	at org.testng.internal.Invoker.invokeMethod(Invoker.java:696)
	at org.testng.internal.Invoker.invokeTestMethod(Invoker.java:882)
	at org.testng.internal.Invoker.invokeTestMethods(Invoker.java:1189)
	at org.testng.internal.TestMethodWorker.invokeTestMethods(TestMethodWorker.java:124)
	at org.testng.internal.TestMethodWorker.run(TestMethodWorker.java:108)
	at org.testng.TestRunner.privateRun(TestRunner.java:767)
	at org.testng.TestRunner.run(TestRunner.java:617)
	at org.testng.SuiteRunner.runTest(SuiteRunner.java:348)
	at org.testng.SuiteRunner.runSequentially(SuiteRunner.java:343)
	at org.testng.SuiteRunner.privateRun(SuiteRunner.java:305)
	at org.testng.SuiteRunner.run(SuiteRunner.java:254)
	at org.testng.SuiteRunnerWorker.runSuite(SuiteRunnerWorker.java:52)
	at org.testng.SuiteRunnerWorker.run(SuiteRunnerWorker.java:86)
	at org.testng.TestNG.runSuitesSequentially(TestNG.java:1224)
	at org.testng.TestNG.runSuitesLocally(TestNG.java:1149)
	at org.testng.TestNG.run(TestNG.java:1057)
	at org.testng.remote.AbstractRemoteTestNG.run(AbstractRemoteTestNG.java:114)
	at org.testng.remote.RemoteTestNG.initAndRun(RemoteTestNG.java:251)
	at org.testng.remote.RemoteTestNG.main(RemoteTestNG.java:77)
]]>
    </error>
  </testcase> <!-- duedilScreeningApiTest -->
  <testcase name="duedilScreeningApiTest" time="1.928" classname="com.travelex.automation.api.duedil.FCPAdpaterScreening"/>
  <testcase name="duedilScreeningApiTest" time="2.390" classname="com.travelex.automation.api.duedil.FCPAdpaterScreening"/>
  <testcase name="duedilScreeningApiTest" time="2.294" classname="com.travelex.automation.api.duedil.FCPAdpaterScreening"/>
  <testcase name="duedilScreeningApiTest" time="2.196" classname="com.travelex.automation.api.duedil.FCPAdpaterScreening"/>
  <testcase name="duedilScreeningApiTest" time="2.321" classname="com.travelex.automation.api.duedil.FCPAdpaterScreening"/>
  <testcase name="duedilScreeningApiTest" time="2.174" classname="com.travelex.automation.api.duedil.FCPAdpaterScreening"/>
  <testcase name="duedilScreeningApiTest" time="2.519" classname="com.travelex.automation.api.duedil.FCPAdpaterScreening"/>
  <testcase name="duedilScreeningApiTest" time="19.348" classname="com.travelex.automation.api.duedil.FCPAdpaterScreening"/>
  <testcase name="duedilScreeningApiTest" time="2.392" classname="com.travelex.automation.api.duedil.FCPAdpaterScreening"/>
  <testcase name="duedilScreeningApiTest" time="2.314" classname="com.travelex.automation.api.duedil.FCPAdpaterScreening"/>
  <testcase name="duedilScreeningApiTest" time="2.335" classname="com.travelex.automation.api.duedil.FCPAdpaterScreening"/>
  <testcase name="duedilScreeningApiTest" time="2.221" classname="com.travelex.automation.api.duedil.FCPAdpaterScreening"/>
  <testcase name="duedilScreeningApiTest" time="2.159" classname="com.travelex.automation.api.duedil.FCPAdpaterScreening"/>
  <testcase name="duedilScreeningApiTest" time="2.314" classname="com.travelex.automation.api.duedil.FCPAdpaterScreening"/>
  <testcase name="duedilScreeningApiTest" time="2.326" classname="com.travelex.automation.api.duedil.FCPAdpaterScreening"/>
  <testcase name="duedilScreeningApiTest" time="2.368" classname="com.travelex.automation.api.duedil.FCPAdpaterScreening"/>
  <testcase name="duedilScreeningApiTest" time="1.979" classname="com.travelex.automation.api.duedil.FCPAdpaterScreening"/>
  <testcase name="duedilScreeningApiTest" time="2.348" classname="com.travelex.automation.api.duedil.FCPAdpaterScreening"/>
  <testcase name="duedilScreeningApiTest" time="2.047" classname="com.travelex.automation.api.duedil.FCPAdpaterScreening"/>
  <testcase name="duedilScreeningApiTest" time="2.567" classname="com.travelex.automation.api.duedil.FCPAdpaterScreening"/>
  <testcase name="duedilScreeningApiTest" time="2.299" classname="com.travelex.automation.api.duedil.FCPAdpaterScreening"/>
  <testcase name="duedilScreeningApiTest" time="2.228" classname="com.travelex.automation.api.duedil.FCPAdpaterScreening"/>
  <testcase name="duedilScreeningApiTest" time="2.271" classname="com.travelex.automation.api.duedil.FCPAdpaterScreening">
    <error type="java.lang.AssertionError" message="Hit was expected but NO HIT FOUND expected [true] but found [false]">
      <![CDATA[java.lang.AssertionError: Hit was expected but NO HIT FOUND expected [true] but found [false]
	at org.testng.Assert.fail(Assert.java:94)
	at org.testng.Assert.failNotEquals(Assert.java:494)
	at org.testng.Assert.assertTrue(Assert.java:42)
	at com.travelex.automation.api.methods.ExecuteApiMethods_FCP.executePostMethodForFCPAdapter(ExecuteApiMethods_FCP.java:99)
	at com.travelex.automation.api.duedil.FCPAdpaterScreening.duedilScreeningApiTest(FCPAdpaterScreening.java:136)
	at sun.reflect.GeneratedMethodAccessor59.invoke(Unknown Source)
	at sun.reflect.DelegatingMethodAccessorImpl.invoke(Unknown Source)
	at java.lang.reflect.Method.invoke(Unknown Source)
	at org.testng.internal.MethodInvocationHelper.invokeMethod(MethodInvocationHelper.java:85)
	at org.testng.internal.Invoker.invokeMethod(Invoker.java:696)
	at org.testng.internal.Invoker.invokeTestMethod(Invoker.java:882)
	at org.testng.internal.Invoker.invokeTestMethods(Invoker.java:1189)
	at org.testng.internal.TestMethodWorker.invokeTestMethods(TestMethodWorker.java:124)
	at org.testng.internal.TestMethodWorker.run(TestMethodWorker.java:108)
	at org.testng.TestRunner.privateRun(TestRunner.java:767)
	at org.testng.TestRunner.run(TestRunner.java:617)
	at org.testng.SuiteRunner.runTest(SuiteRunner.java:348)
	at org.testng.SuiteRunner.runSequentially(SuiteRunner.java:343)
	at org.testng.SuiteRunner.privateRun(SuiteRunner.java:305)
	at org.testng.SuiteRunner.run(SuiteRunner.java:254)
	at org.testng.SuiteRunnerWorker.runSuite(SuiteRunnerWorker.java:52)
	at org.testng.SuiteRunnerWorker.run(SuiteRunnerWorker.java:86)
	at org.testng.TestNG.runSuitesSequentially(TestNG.java:1224)
	at org.testng.TestNG.runSuitesLocally(TestNG.java:1149)
	at org.testng.TestNG.run(TestNG.java:1057)
	at org.testng.remote.AbstractRemoteTestNG.run(AbstractRemoteTestNG.java:114)
	at org.testng.remote.RemoteTestNG.initAndRun(RemoteTestNG.java:251)
	at org.testng.remote.RemoteTestNG.main(RemoteTestNG.java:77)
]]>
    </error>
  </testcase> <!-- duedilScreeningApiTest -->
  <testcase name="duedilScreeningApiTest" time="2.520" classname="com.travelex.automation.api.duedil.FCPAdpaterScreening"/>
  <testcase name="duedilScreeningApiTest" time="2.272" classname="com.travelex.automation.api.duedil.FCPAdpaterScreening"/>
  <testcase name="duedilScreeningApiTest" time="2.054" classname="com.travelex.automation.api.duedil.FCPAdpaterScreening"/>
  <testcase name="duedilScreeningApiTest" time="2.349" classname="com.travelex.automation.api.duedil.FCPAdpaterScreening"/>
  <testcase name="duedilScreeningApiTest" time="4.973" classname="com.travelex.automation.api.duedil.FCPAdpaterScreening">
    <error type="java.lang.AssertionError" message="Hit was expected but NO HIT FOUND expected [true] but found [false]">
      <![CDATA[java.lang.AssertionError: Hit was expected but NO HIT FOUND expected [true] but found [false]
	at org.testng.Assert.fail(Assert.java:94)
	at org.testng.Assert.failNotEquals(Assert.java:494)
	at org.testng.Assert.assertTrue(Assert.java:42)
	at com.travelex.automation.api.methods.ExecuteApiMethods_FCP.executePostMethodForFCPAdapter(ExecuteApiMethods_FCP.java:99)
	at com.travelex.automation.api.duedil.FCPAdpaterScreening.duedilScreeningApiTest(FCPAdpaterScreening.java:136)
	at sun.reflect.GeneratedMethodAccessor59.invoke(Unknown Source)
	at sun.reflect.DelegatingMethodAccessorImpl.invoke(Unknown Source)
	at java.lang.reflect.Method.invoke(Unknown Source)
	at org.testng.internal.MethodInvocationHelper.invokeMethod(MethodInvocationHelper.java:85)
	at org.testng.internal.Invoker.invokeMethod(Invoker.java:696)
	at org.testng.internal.Invoker.invokeTestMethod(Invoker.java:882)
	at org.testng.internal.Invoker.invokeTestMethods(Invoker.java:1189)
	at org.testng.internal.TestMethodWorker.invokeTestMethods(TestMethodWorker.java:124)
	at org.testng.internal.TestMethodWorker.run(TestMethodWorker.java:108)
	at org.testng.TestRunner.privateRun(TestRunner.java:767)
	at org.testng.TestRunner.run(TestRunner.java:617)
	at org.testng.SuiteRunner.runTest(SuiteRunner.java:348)
	at org.testng.SuiteRunner.runSequentially(SuiteRunner.java:343)
	at org.testng.SuiteRunner.privateRun(SuiteRunner.java:305)
	at org.testng.SuiteRunner.run(SuiteRunner.java:254)
	at org.testng.SuiteRunnerWorker.runSuite(SuiteRunnerWorker.java:52)
	at org.testng.SuiteRunnerWorker.run(SuiteRunnerWorker.java:86)
	at org.testng.TestNG.runSuitesSequentially(TestNG.java:1224)
	at org.testng.TestNG.runSuitesLocally(TestNG.java:1149)
	at org.testng.TestNG.run(TestNG.java:1057)
	at org.testng.remote.AbstractRemoteTestNG.run(AbstractRemoteTestNG.java:114)
	at org.testng.remote.RemoteTestNG.initAndRun(RemoteTestNG.java:251)
	at org.testng.remote.RemoteTestNG.main(RemoteTestNG.java:77)
]]>
    </error>
  </testcase> <!-- duedilScreeningApiTest -->
  <testcase name="duedilScreeningApiTest" time="2.976" classname="com.travelex.automation.api.duedil.FCPAdpaterScreening"/>
  <testcase name="duedilScreeningApiTest" time="2.272" classname="com.travelex.automation.api.duedil.FCPAdpaterScreening"/>
  <testcase name="duedilScreeningApiTest" time="1.723" classname="com.travelex.automation.api.duedil.FCPAdpaterScreening"/>
  <testcase name="duedilScreeningApiTest" time="2.470" classname="com.travelex.automation.api.duedil.FCPAdpaterScreening"/>
  <testcase name="duedilScreeningApiTest" time="2.326" classname="com.travelex.automation.api.duedil.FCPAdpaterScreening"/>
  <testcase name="duedilScreeningApiTest" time="2.519" classname="com.travelex.automation.api.duedil.FCPAdpaterScreening"/>
  <testcase name="duedilScreeningApiTest" time="1.736" classname="com.travelex.automation.api.duedil.FCPAdpaterScreening"/>
  <testcase name="duedilScreeningApiTest" time="2.213" classname="com.travelex.automation.api.duedil.FCPAdpaterScreening"/>
  <testcase name="duedilScreeningApiTest" time="1.919" classname="com.travelex.automation.api.duedil.FCPAdpaterScreening">
    <error type="java.lang.AssertionError" message="No Hit was expected but HIT FOUND expected [true] but found [false]">
      <![CDATA[java.lang.AssertionError: No Hit was expected but HIT FOUND expected [true] but found [false]
	at org.testng.Assert.fail(Assert.java:94)
	at org.testng.Assert.failNotEquals(Assert.java:494)
	at org.testng.Assert.assertTrue(Assert.java:42)
	at com.travelex.automation.api.methods.ExecuteApiMethods_FCP.executePostMethodForFCPAdapter(ExecuteApiMethods_FCP.java:140)
	at com.travelex.automation.api.duedil.FCPAdpaterScreening.duedilScreeningApiTest(FCPAdpaterScreening.java:136)
	at sun.reflect.GeneratedMethodAccessor59.invoke(Unknown Source)
	at sun.reflect.DelegatingMethodAccessorImpl.invoke(Unknown Source)
	at java.lang.reflect.Method.invoke(Unknown Source)
	at org.testng.internal.MethodInvocationHelper.invokeMethod(MethodInvocationHelper.java:85)
	at org.testng.internal.Invoker.invokeMethod(Invoker.java:696)
	at org.testng.internal.Invoker.invokeTestMethod(Invoker.java:882)
	at org.testng.internal.Invoker.invokeTestMethods(Invoker.java:1189)
	at org.testng.internal.TestMethodWorker.invokeTestMethods(TestMethodWorker.java:124)
	at org.testng.internal.TestMethodWorker.run(TestMethodWorker.java:108)
	at org.testng.TestRunner.privateRun(TestRunner.java:767)
	at org.testng.TestRunner.run(TestRunner.java:617)
	at org.testng.SuiteRunner.runTest(SuiteRunner.java:348)
	at org.testng.SuiteRunner.runSequentially(SuiteRunner.java:343)
	at org.testng.SuiteRunner.privateRun(SuiteRunner.java:305)
	at org.testng.SuiteRunner.run(SuiteRunner.java:254)
	at org.testng.SuiteRunnerWorker.runSuite(SuiteRunnerWorker.java:52)
	at org.testng.SuiteRunnerWorker.run(SuiteRunnerWorker.java:86)
	at org.testng.TestNG.runSuitesSequentially(TestNG.java:1224)
	at org.testng.TestNG.runSuitesLocally(TestNG.java:1149)
	at org.testng.TestNG.run(TestNG.java:1057)
	at org.testng.remote.AbstractRemoteTestNG.run(AbstractRemoteTestNG.java:114)
	at org.testng.remote.RemoteTestNG.initAndRun(RemoteTestNG.java:251)
	at org.testng.remote.RemoteTestNG.main(RemoteTestNG.java:77)
]]>
    </error>
  </testcase> <!-- duedilScreeningApiTest -->
  <testcase name="duedilScreeningApiTest" time="2.172" classname="com.travelex.automation.api.duedil.FCPAdpaterScreening"/>
  <testcase name="duedilScreeningApiTest" time="2.282" classname="com.travelex.automation.api.duedil.FCPAdpaterScreening">
    <error type="java.lang.AssertionError" message="Hit was expected but NO HIT FOUND expected [true] but found [false]">
      <![CDATA[java.lang.AssertionError: Hit was expected but NO HIT FOUND expected [true] but found [false]
	at org.testng.Assert.fail(Assert.java:94)
	at org.testng.Assert.failNotEquals(Assert.java:494)
	at org.testng.Assert.assertTrue(Assert.java:42)
	at com.travelex.automation.api.methods.ExecuteApiMethods_FCP.executePostMethodForFCPAdapter(ExecuteApiMethods_FCP.java:99)
	at com.travelex.automation.api.duedil.FCPAdpaterScreening.duedilScreeningApiTest(FCPAdpaterScreening.java:136)
	at sun.reflect.GeneratedMethodAccessor59.invoke(Unknown Source)
	at sun.reflect.DelegatingMethodAccessorImpl.invoke(Unknown Source)
	at java.lang.reflect.Method.invoke(Unknown Source)
	at org.testng.internal.MethodInvocationHelper.invokeMethod(MethodInvocationHelper.java:85)
	at org.testng.internal.Invoker.invokeMethod(Invoker.java:696)
	at org.testng.internal.Invoker.invokeTestMethod(Invoker.java:882)
	at org.testng.internal.Invoker.invokeTestMethods(Invoker.java:1189)
	at org.testng.internal.TestMethodWorker.invokeTestMethods(TestMethodWorker.java:124)
	at org.testng.internal.TestMethodWorker.run(TestMethodWorker.java:108)
	at org.testng.TestRunner.privateRun(TestRunner.java:767)
	at org.testng.TestRunner.run(TestRunner.java:617)
	at org.testng.SuiteRunner.runTest(SuiteRunner.java:348)
	at org.testng.SuiteRunner.runSequentially(SuiteRunner.java:343)
	at org.testng.SuiteRunner.privateRun(SuiteRunner.java:305)
	at org.testng.SuiteRunner.run(SuiteRunner.java:254)
	at org.testng.SuiteRunnerWorker.runSuite(SuiteRunnerWorker.java:52)
	at org.testng.SuiteRunnerWorker.run(SuiteRunnerWorker.java:86)
	at org.testng.TestNG.runSuitesSequentially(TestNG.java:1224)
	at org.testng.TestNG.runSuitesLocally(TestNG.java:1149)
	at org.testng.TestNG.run(TestNG.java:1057)
	at org.testng.remote.AbstractRemoteTestNG.run(AbstractRemoteTestNG.java:114)
	at org.testng.remote.RemoteTestNG.initAndRun(RemoteTestNG.java:251)
	at org.testng.remote.RemoteTestNG.main(RemoteTestNG.java:77)
]]>
    </error>
  </testcase> <!-- duedilScreeningApiTest -->
  <testcase name="duedilScreeningApiTest" time="2.258" classname="com.travelex.automation.api.duedil.FCPAdpaterScreening"/>
  <testcase name="duedilScreeningApiTest" time="1.903" classname="com.travelex.automation.api.duedil.FCPAdpaterScreening"/>
  <testcase name="duedilScreeningApiTest" time="2.115" classname="com.travelex.automation.api.duedil.FCPAdpaterScreening">
    <error type="java.lang.AssertionError" message="Hit was expected but NO HIT FOUND expected [true] but found [false]">
      <![CDATA[java.lang.AssertionError: Hit was expected but NO HIT FOUND expected [true] but found [false]
	at org.testng.Assert.fail(Assert.java:94)
	at org.testng.Assert.failNotEquals(Assert.java:494)
	at org.testng.Assert.assertTrue(Assert.java:42)
	at com.travelex.automation.api.methods.ExecuteApiMethods_FCP.executePostMethodForFCPAdapter(ExecuteApiMethods_FCP.java:99)
	at com.travelex.automation.api.duedil.FCPAdpaterScreening.duedilScreeningApiTest(FCPAdpaterScreening.java:136)
	at sun.reflect.GeneratedMethodAccessor59.invoke(Unknown Source)
	at sun.reflect.DelegatingMethodAccessorImpl.invoke(Unknown Source)
	at java.lang.reflect.Method.invoke(Unknown Source)
	at org.testng.internal.MethodInvocationHelper.invokeMethod(MethodInvocationHelper.java:85)
	at org.testng.internal.Invoker.invokeMethod(Invoker.java:696)
	at org.testng.internal.Invoker.invokeTestMethod(Invoker.java:882)
	at org.testng.internal.Invoker.invokeTestMethods(Invoker.java:1189)
	at org.testng.internal.TestMethodWorker.invokeTestMethods(TestMethodWorker.java:124)
	at org.testng.internal.TestMethodWorker.run(TestMethodWorker.java:108)
	at org.testng.TestRunner.privateRun(TestRunner.java:767)
	at org.testng.TestRunner.run(TestRunner.java:617)
	at org.testng.SuiteRunner.runTest(SuiteRunner.java:348)
	at org.testng.SuiteRunner.runSequentially(SuiteRunner.java:343)
	at org.testng.SuiteRunner.privateRun(SuiteRunner.java:305)
	at org.testng.SuiteRunner.run(SuiteRunner.java:254)
	at org.testng.SuiteRunnerWorker.runSuite(SuiteRunnerWorker.java:52)
	at org.testng.SuiteRunnerWorker.run(SuiteRunnerWorker.java:86)
	at org.testng.TestNG.runSuitesSequentially(TestNG.java:1224)
	at org.testng.TestNG.runSuitesLocally(TestNG.java:1149)
	at org.testng.TestNG.run(TestNG.java:1057)
	at org.testng.remote.AbstractRemoteTestNG.run(AbstractRemoteTestNG.java:114)
	at org.testng.remote.RemoteTestNG.initAndRun(RemoteTestNG.java:251)
	at org.testng.remote.RemoteTestNG.main(RemoteTestNG.java:77)
]]>
    </error>
  </testcase> <!-- duedilScreeningApiTest -->
  <testcase name="duedilScreeningApiTest" time="1.688" classname="com.travelex.automation.api.duedil.FCPAdpaterScreening">
    <error type="java.lang.AssertionError" message="Hit was expected but NO HIT FOUND expected [true] but found [false]">
      <![CDATA[java.lang.AssertionError: Hit was expected but NO HIT FOUND expected [true] but found [false]
	at org.testng.Assert.fail(Assert.java:94)
	at org.testng.Assert.failNotEquals(Assert.java:494)
	at org.testng.Assert.assertTrue(Assert.java:42)
	at com.travelex.automation.api.methods.ExecuteApiMethods_FCP.executePostMethodForFCPAdapter(ExecuteApiMethods_FCP.java:99)
	at com.travelex.automation.api.duedil.FCPAdpaterScreening.duedilScreeningApiTest(FCPAdpaterScreening.java:136)
	at sun.reflect.GeneratedMethodAccessor59.invoke(Unknown Source)
	at sun.reflect.DelegatingMethodAccessorImpl.invoke(Unknown Source)
	at java.lang.reflect.Method.invoke(Unknown Source)
	at org.testng.internal.MethodInvocationHelper.invokeMethod(MethodInvocationHelper.java:85)
	at org.testng.internal.Invoker.invokeMethod(Invoker.java:696)
	at org.testng.internal.Invoker.invokeTestMethod(Invoker.java:882)
	at org.testng.internal.Invoker.invokeTestMethods(Invoker.java:1189)
	at org.testng.internal.TestMethodWorker.invokeTestMethods(TestMethodWorker.java:124)
	at org.testng.internal.TestMethodWorker.run(TestMethodWorker.java:108)
	at org.testng.TestRunner.privateRun(TestRunner.java:767)
	at org.testng.TestRunner.run(TestRunner.java:617)
	at org.testng.SuiteRunner.runTest(SuiteRunner.java:348)
	at org.testng.SuiteRunner.runSequentially(SuiteRunner.java:343)
	at org.testng.SuiteRunner.privateRun(SuiteRunner.java:305)
	at org.testng.SuiteRunner.run(SuiteRunner.java:254)
	at org.testng.SuiteRunnerWorker.runSuite(SuiteRunnerWorker.java:52)
	at org.testng.SuiteRunnerWorker.run(SuiteRunnerWorker.java:86)
	at org.testng.TestNG.runSuitesSequentially(TestNG.java:1224)
	at org.testng.TestNG.runSuitesLocally(TestNG.java:1149)
	at org.testng.TestNG.run(TestNG.java:1057)
	at org.testng.remote.AbstractRemoteTestNG.run(AbstractRemoteTestNG.java:114)
	at org.testng.remote.RemoteTestNG.initAndRun(RemoteTestNG.java:251)
	at org.testng.remote.RemoteTestNG.main(RemoteTestNG.java:77)
]]>
    </error>
  </testcase> <!-- duedilScreeningApiTest -->
  <testcase name="duedilScreeningApiTest" time="1.734" classname="com.travelex.automation.api.duedil.FCPAdpaterScreening"/>
  <testcase name="duedilScreeningApiTest" time="2.134" classname="com.travelex.automation.api.duedil.FCPAdpaterScreening"/>
  <testcase name="duedilScreeningApiTest" time="2.619" classname="com.travelex.automation.api.duedil.FCPAdpaterScreening"/>
  <testcase name="duedilScreeningApiTest" time="6.789" classname="com.travelex.automation.api.duedil.FCPAdpaterScreening"/>
  <testcase name="duedilScreeningApiTest" time="2.624" classname="com.travelex.automation.api.duedil.FCPAdpaterScreening"/>
  <testcase name="duedilScreeningApiTest" time="5.409" classname="com.travelex.automation.api.duedil.FCPAdpaterScreening"/>
  <testcase name="duedilScreeningApiTest" time="2.363" classname="com.travelex.automation.api.duedil.FCPAdpaterScreening"/>
  <testcase name="duedilScreeningApiTest" time="2.145" classname="com.travelex.automation.api.duedil.FCPAdpaterScreening"/>
  <testcase name="duedilScreeningApiTest" time="2.088" classname="com.travelex.automation.api.duedil.FCPAdpaterScreening"/>
  <testcase name="duedilScreeningApiTest" time="2.482" classname="com.travelex.automation.api.duedil.FCPAdpaterScreening"/>
  <testcase name="duedilScreeningApiTest" time="2.313" classname="com.travelex.automation.api.duedil.FCPAdpaterScreening"/>
  <testcase name="duedilScreeningApiTest" time="2.295" classname="com.travelex.automation.api.duedil.FCPAdpaterScreening"/>
  <testcase name="duedilScreeningApiTest" time="2.003" classname="com.travelex.automation.api.duedil.FCPAdpaterScreening">
    <error type="java.lang.AssertionError" message="No Hit was expected but HIT FOUND expected [true] but found [false]">
      <![CDATA[java.lang.AssertionError: No Hit was expected but HIT FOUND expected [true] but found [false]
	at org.testng.Assert.fail(Assert.java:94)
	at org.testng.Assert.failNotEquals(Assert.java:494)
	at org.testng.Assert.assertTrue(Assert.java:42)
	at com.travelex.automation.api.methods.ExecuteApiMethods_FCP.executePostMethodForFCPAdapter(ExecuteApiMethods_FCP.java:140)
	at com.travelex.automation.api.duedil.FCPAdpaterScreening.duedilScreeningApiTest(FCPAdpaterScreening.java:136)
	at sun.reflect.GeneratedMethodAccessor59.invoke(Unknown Source)
	at sun.reflect.DelegatingMethodAccessorImpl.invoke(Unknown Source)
	at java.lang.reflect.Method.invoke(Unknown Source)
	at org.testng.internal.MethodInvocationHelper.invokeMethod(MethodInvocationHelper.java:85)
	at org.testng.internal.Invoker.invokeMethod(Invoker.java:696)
	at org.testng.internal.Invoker.invokeTestMethod(Invoker.java:882)
	at org.testng.internal.Invoker.invokeTestMethods(Invoker.java:1189)
	at org.testng.internal.TestMethodWorker.invokeTestMethods(TestMethodWorker.java:124)
	at org.testng.internal.TestMethodWorker.run(TestMethodWorker.java:108)
	at org.testng.TestRunner.privateRun(TestRunner.java:767)
	at org.testng.TestRunner.run(TestRunner.java:617)
	at org.testng.SuiteRunner.runTest(SuiteRunner.java:348)
	at org.testng.SuiteRunner.runSequentially(SuiteRunner.java:343)
	at org.testng.SuiteRunner.privateRun(SuiteRunner.java:305)
	at org.testng.SuiteRunner.run(SuiteRunner.java:254)
	at org.testng.SuiteRunnerWorker.runSuite(SuiteRunnerWorker.java:52)
	at org.testng.SuiteRunnerWorker.run(SuiteRunnerWorker.java:86)
	at org.testng.TestNG.runSuitesSequentially(TestNG.java:1224)
	at org.testng.TestNG.runSuitesLocally(TestNG.java:1149)
	at org.testng.TestNG.run(TestNG.java:1057)
	at org.testng.remote.AbstractRemoteTestNG.run(AbstractRemoteTestNG.java:114)
	at org.testng.remote.RemoteTestNG.initAndRun(RemoteTestNG.java:251)
	at org.testng.remote.RemoteTestNG.main(RemoteTestNG.java:77)
]]>
    </error>
  </testcase> <!-- duedilScreeningApiTest -->
  <testcase name="duedilScreeningApiTest" time="2.457" classname="com.travelex.automation.api.duedil.FCPAdpaterScreening"/>
  <testcase name="duedilScreeningApiTest" time="2.254" classname="com.travelex.automation.api.duedil.FCPAdpaterScreening"/>
  <testcase name="duedilScreeningApiTest" time="1.785" classname="com.travelex.automation.api.duedil.FCPAdpaterScreening"/>
  <testcase name="duedilScreeningApiTest" time="1.970" classname="com.travelex.automation.api.duedil.FCPAdpaterScreening"/>
  <testcase name="duedilScreeningApiTest" time="2.265" classname="com.travelex.automation.api.duedil.FCPAdpaterScreening"/>
  <testcase name="duedilScreeningApiTest" time="2.563" classname="com.travelex.automation.api.duedil.FCPAdpaterScreening"/>
  <testcase name="duedilScreeningApiTest" time="2.152" classname="com.travelex.automation.api.duedil.FCPAdpaterScreening"/>
  <testcase name="duedilScreeningApiTest" time="2.348" classname="com.travelex.automation.api.duedil.FCPAdpaterScreening"/>
  <testcase name="duedilScreeningApiTest" time="2.330" classname="com.travelex.automation.api.duedil.FCPAdpaterScreening"/>
  <testcase name="duedilScreeningApiTest" time="2.363" classname="com.travelex.automation.api.duedil.FCPAdpaterScreening"/>
  <testcase name="duedilScreeningApiTest" time="2.695" classname="com.travelex.automation.api.duedil.FCPAdpaterScreening"/>
  <testcase name="duedilScreeningApiTest" time="2.358" classname="com.travelex.automation.api.duedil.FCPAdpaterScreening"/>
  <testcase name="duedilScreeningApiTest" time="2.370" classname="com.travelex.automation.api.duedil.FCPAdpaterScreening"/>
  <testcase name="duedilScreeningApiTest" time="1.673" classname="com.travelex.automation.api.duedil.FCPAdpaterScreening"/>
  <testcase name="duedilScreeningApiTest" time="2.387" classname="com.travelex.automation.api.duedil.FCPAdpaterScreening">
    <error type="java.lang.AssertionError" message="No Hit was expected but HIT FOUND expected [true] but found [false]">
      <![CDATA[java.lang.AssertionError: No Hit was expected but HIT FOUND expected [true] but found [false]
	at org.testng.Assert.fail(Assert.java:94)
	at org.testng.Assert.failNotEquals(Assert.java:494)
	at org.testng.Assert.assertTrue(Assert.java:42)
	at com.travelex.automation.api.methods.ExecuteApiMethods_FCP.executePostMethodForFCPAdapter(ExecuteApiMethods_FCP.java:140)
	at com.travelex.automation.api.duedil.FCPAdpaterScreening.duedilScreeningApiTest(FCPAdpaterScreening.java:136)
	at sun.reflect.GeneratedMethodAccessor59.invoke(Unknown Source)
	at sun.reflect.DelegatingMethodAccessorImpl.invoke(Unknown Source)
	at java.lang.reflect.Method.invoke(Unknown Source)
	at org.testng.internal.MethodInvocationHelper.invokeMethod(MethodInvocationHelper.java:85)
	at org.testng.internal.Invoker.invokeMethod(Invoker.java:696)
	at org.testng.internal.Invoker.invokeTestMethod(Invoker.java:882)
	at org.testng.internal.Invoker.invokeTestMethods(Invoker.java:1189)
	at org.testng.internal.TestMethodWorker.invokeTestMethods(TestMethodWorker.java:124)
	at org.testng.internal.TestMethodWorker.run(TestMethodWorker.java:108)
	at org.testng.TestRunner.privateRun(TestRunner.java:767)
	at org.testng.TestRunner.run(TestRunner.java:617)
	at org.testng.SuiteRunner.runTest(SuiteRunner.java:348)
	at org.testng.SuiteRunner.runSequentially(SuiteRunner.java:343)
	at org.testng.SuiteRunner.privateRun(SuiteRunner.java:305)
	at org.testng.SuiteRunner.run(SuiteRunner.java:254)
	at org.testng.SuiteRunnerWorker.runSuite(SuiteRunnerWorker.java:52)
	at org.testng.SuiteRunnerWorker.run(SuiteRunnerWorker.java:86)
	at org.testng.TestNG.runSuitesSequentially(TestNG.java:1224)
	at org.testng.TestNG.runSuitesLocally(TestNG.java:1149)
	at org.testng.TestNG.run(TestNG.java:1057)
	at org.testng.remote.AbstractRemoteTestNG.run(AbstractRemoteTestNG.java:114)
	at org.testng.remote.RemoteTestNG.initAndRun(RemoteTestNG.java:251)
	at org.testng.remote.RemoteTestNG.main(RemoteTestNG.java:77)
]]>
    </error>
  </testcase> <!-- duedilScreeningApiTest -->
  <testcase name="duedilScreeningApiTest" time="2.288" classname="com.travelex.automation.api.duedil.FCPAdpaterScreening">
    <error type="java.lang.AssertionError" message="Hit was expected but NO HIT FOUND expected [true] but found [false]">
      <![CDATA[java.lang.AssertionError: Hit was expected but NO HIT FOUND expected [true] but found [false]
	at org.testng.Assert.fail(Assert.java:94)
	at org.testng.Assert.failNotEquals(Assert.java:494)
	at org.testng.Assert.assertTrue(Assert.java:42)
	at com.travelex.automation.api.methods.ExecuteApiMethods_FCP.executePostMethodForFCPAdapter(ExecuteApiMethods_FCP.java:99)
	at com.travelex.automation.api.duedil.FCPAdpaterScreening.duedilScreeningApiTest(FCPAdpaterScreening.java:136)
	at sun.reflect.GeneratedMethodAccessor59.invoke(Unknown Source)
	at sun.reflect.DelegatingMethodAccessorImpl.invoke(Unknown Source)
	at java.lang.reflect.Method.invoke(Unknown Source)
	at org.testng.internal.MethodInvocationHelper.invokeMethod(MethodInvocationHelper.java:85)
	at org.testng.internal.Invoker.invokeMethod(Invoker.java:696)
	at org.testng.internal.Invoker.invokeTestMethod(Invoker.java:882)
	at org.testng.internal.Invoker.invokeTestMethods(Invoker.java:1189)
	at org.testng.internal.TestMethodWorker.invokeTestMethods(TestMethodWorker.java:124)
	at org.testng.internal.TestMethodWorker.run(TestMethodWorker.java:108)
	at org.testng.TestRunner.privateRun(TestRunner.java:767)
	at org.testng.TestRunner.run(TestRunner.java:617)
	at org.testng.SuiteRunner.runTest(SuiteRunner.java:348)
	at org.testng.SuiteRunner.runSequentially(SuiteRunner.java:343)
	at org.testng.SuiteRunner.privateRun(SuiteRunner.java:305)
	at org.testng.SuiteRunner.run(SuiteRunner.java:254)
	at org.testng.SuiteRunnerWorker.runSuite(SuiteRunnerWorker.java:52)
	at org.testng.SuiteRunnerWorker.run(SuiteRunnerWorker.java:86)
	at org.testng.TestNG.runSuitesSequentially(TestNG.java:1224)
	at org.testng.TestNG.runSuitesLocally(TestNG.java:1149)
	at org.testng.TestNG.run(TestNG.java:1057)
	at org.testng.remote.AbstractRemoteTestNG.run(AbstractRemoteTestNG.java:114)
	at org.testng.remote.RemoteTestNG.initAndRun(RemoteTestNG.java:251)
	at org.testng.remote.RemoteTestNG.main(RemoteTestNG.java:77)
]]>
    </error>
  </testcase> <!-- duedilScreeningApiTest -->
  <testcase name="duedilScreeningApiTest" time="2.587" classname="com.travelex.automation.api.duedil.FCPAdpaterScreening"/>
  <testcase name="duedilScreeningApiTest" time="2.307" classname="com.travelex.automation.api.duedil.FCPAdpaterScreening"/>
  <testcase name="duedilScreeningApiTest" time="2.363" classname="com.travelex.automation.api.duedil.FCPAdpaterScreening"/>
  <testcase name="duedilScreeningApiTest" time="2.292" classname="com.travelex.automation.api.duedil.FCPAdpaterScreening">
    <error type="java.lang.AssertionError" message="No Hit was expected but HIT FOUND expected [true] but found [false]">
      <![CDATA[java.lang.AssertionError: No Hit was expected but HIT FOUND expected [true] but found [false]
	at org.testng.Assert.fail(Assert.java:94)
	at org.testng.Assert.failNotEquals(Assert.java:494)
	at org.testng.Assert.assertTrue(Assert.java:42)
	at com.travelex.automation.api.methods.ExecuteApiMethods_FCP.executePostMethodForFCPAdapter(ExecuteApiMethods_FCP.java:140)
	at com.travelex.automation.api.duedil.FCPAdpaterScreening.duedilScreeningApiTest(FCPAdpaterScreening.java:136)
	at sun.reflect.GeneratedMethodAccessor59.invoke(Unknown Source)
	at sun.reflect.DelegatingMethodAccessorImpl.invoke(Unknown Source)
	at java.lang.reflect.Method.invoke(Unknown Source)
	at org.testng.internal.MethodInvocationHelper.invokeMethod(MethodInvocationHelper.java:85)
	at org.testng.internal.Invoker.invokeMethod(Invoker.java:696)
	at org.testng.internal.Invoker.invokeTestMethod(Invoker.java:882)
	at org.testng.internal.Invoker.invokeTestMethods(Invoker.java:1189)
	at org.testng.internal.TestMethodWorker.invokeTestMethods(TestMethodWorker.java:124)
	at org.testng.internal.TestMethodWorker.run(TestMethodWorker.java:108)
	at org.testng.TestRunner.privateRun(TestRunner.java:767)
	at org.testng.TestRunner.run(TestRunner.java:617)
	at org.testng.SuiteRunner.runTest(SuiteRunner.java:348)
	at org.testng.SuiteRunner.runSequentially(SuiteRunner.java:343)
	at org.testng.SuiteRunner.privateRun(SuiteRunner.java:305)
	at org.testng.SuiteRunner.run(SuiteRunner.java:254)
	at org.testng.SuiteRunnerWorker.runSuite(SuiteRunnerWorker.java:52)
	at org.testng.SuiteRunnerWorker.run(SuiteRunnerWorker.java:86)
	at org.testng.TestNG.runSuitesSequentially(TestNG.java:1224)
	at org.testng.TestNG.runSuitesLocally(TestNG.java:1149)
	at org.testng.TestNG.run(TestNG.java:1057)
	at org.testng.remote.AbstractRemoteTestNG.run(AbstractRemoteTestNG.java:114)
	at org.testng.remote.RemoteTestNG.initAndRun(RemoteTestNG.java:251)
	at org.testng.remote.RemoteTestNG.main(RemoteTestNG.java:77)
]]>
    </error>
  </testcase> <!-- duedilScreeningApiTest -->
  <testcase name="duedilScreeningApiTest" time="2.644" classname="com.travelex.automation.api.duedil.FCPAdpaterScreening"/>
  <testcase name="duedilScreeningApiTest" time="2.127" classname="com.travelex.automation.api.duedil.FCPAdpaterScreening"/>
  <testcase name="duedilScreeningApiTest" time="2.010" classname="com.travelex.automation.api.duedil.FCPAdpaterScreening"/>
  <testcase name="duedilScreeningApiTest" time="2.514" classname="com.travelex.automation.api.duedil.FCPAdpaterScreening"/>
  <testcase name="duedilScreeningApiTest" time="1.876" classname="com.travelex.automation.api.duedil.FCPAdpaterScreening">
    <error type="java.lang.AssertionError" message="Hit was expected but NO HIT FOUND expected [true] but found [false]">
      <![CDATA[java.lang.AssertionError: Hit was expected but NO HIT FOUND expected [true] but found [false]
	at org.testng.Assert.fail(Assert.java:94)
	at org.testng.Assert.failNotEquals(Assert.java:494)
	at org.testng.Assert.assertTrue(Assert.java:42)
	at com.travelex.automation.api.methods.ExecuteApiMethods_FCP.executePostMethodForFCPAdapter(ExecuteApiMethods_FCP.java:99)
	at com.travelex.automation.api.duedil.FCPAdpaterScreening.duedilScreeningApiTest(FCPAdpaterScreening.java:136)
	at sun.reflect.GeneratedMethodAccessor59.invoke(Unknown Source)
	at sun.reflect.DelegatingMethodAccessorImpl.invoke(Unknown Source)
	at java.lang.reflect.Method.invoke(Unknown Source)
	at org.testng.internal.MethodInvocationHelper.invokeMethod(MethodInvocationHelper.java:85)
	at org.testng.internal.Invoker.invokeMethod(Invoker.java:696)
	at org.testng.internal.Invoker.invokeTestMethod(Invoker.java:882)
	at org.testng.internal.Invoker.invokeTestMethods(Invoker.java:1189)
	at org.testng.internal.TestMethodWorker.invokeTestMethods(TestMethodWorker.java:124)
	at org.testng.internal.TestMethodWorker.run(TestMethodWorker.java:108)
	at org.testng.TestRunner.privateRun(TestRunner.java:767)
	at org.testng.TestRunner.run(TestRunner.java:617)
	at org.testng.SuiteRunner.runTest(SuiteRunner.java:348)
	at org.testng.SuiteRunner.runSequentially(SuiteRunner.java:343)
	at org.testng.SuiteRunner.privateRun(SuiteRunner.java:305)
	at org.testng.SuiteRunner.run(SuiteRunner.java:254)
	at org.testng.SuiteRunnerWorker.runSuite(SuiteRunnerWorker.java:52)
	at org.testng.SuiteRunnerWorker.run(SuiteRunnerWorker.java:86)
	at org.testng.TestNG.runSuitesSequentially(TestNG.java:1224)
	at org.testng.TestNG.runSuitesLocally(TestNG.java:1149)
	at org.testng.TestNG.run(TestNG.java:1057)
	at org.testng.remote.AbstractRemoteTestNG.run(AbstractRemoteTestNG.java:114)
	at org.testng.remote.RemoteTestNG.initAndRun(RemoteTestNG.java:251)
	at org.testng.remote.RemoteTestNG.main(RemoteTestNG.java:77)
]]>
    </error>
  </testcase> <!-- duedilScreeningApiTest -->
  <testcase name="duedilScreeningApiTest" time="2.184" classname="com.travelex.automation.api.duedil.FCPAdpaterScreening"/>
  <testcase name="duedilScreeningApiTest" time="1.955" classname="com.travelex.automation.api.duedil.FCPAdpaterScreening"/>
  <testcase name="duedilScreeningApiTest" time="2.291" classname="com.travelex.automation.api.duedil.FCPAdpaterScreening"/>
  <testcase name="duedilScreeningApiTest" time="2.272" classname="com.travelex.automation.api.duedil.FCPAdpaterScreening">
    <error type="java.lang.AssertionError" message="Hit was expected but NO HIT FOUND expected [true] but found [false]">
      <![CDATA[java.lang.AssertionError: Hit was expected but NO HIT FOUND expected [true] but found [false]
	at org.testng.Assert.fail(Assert.java:94)
	at org.testng.Assert.failNotEquals(Assert.java:494)
	at org.testng.Assert.assertTrue(Assert.java:42)
	at com.travelex.automation.api.methods.ExecuteApiMethods_FCP.executePostMethodForFCPAdapter(ExecuteApiMethods_FCP.java:99)
	at com.travelex.automation.api.duedil.FCPAdpaterScreening.duedilScreeningApiTest(FCPAdpaterScreening.java:136)
	at sun.reflect.GeneratedMethodAccessor59.invoke(Unknown Source)
	at sun.reflect.DelegatingMethodAccessorImpl.invoke(Unknown Source)
	at java.lang.reflect.Method.invoke(Unknown Source)
	at org.testng.internal.MethodInvocationHelper.invokeMethod(MethodInvocationHelper.java:85)
	at org.testng.internal.Invoker.invokeMethod(Invoker.java:696)
	at org.testng.internal.Invoker.invokeTestMethod(Invoker.java:882)
	at org.testng.internal.Invoker.invokeTestMethods(Invoker.java:1189)
	at org.testng.internal.TestMethodWorker.invokeTestMethods(TestMethodWorker.java:124)
	at org.testng.internal.TestMethodWorker.run(TestMethodWorker.java:108)
	at org.testng.TestRunner.privateRun(TestRunner.java:767)
	at org.testng.TestRunner.run(TestRunner.java:617)
	at org.testng.SuiteRunner.runTest(SuiteRunner.java:348)
	at org.testng.SuiteRunner.runSequentially(SuiteRunner.java:343)
	at org.testng.SuiteRunner.privateRun(SuiteRunner.java:305)
	at org.testng.SuiteRunner.run(SuiteRunner.java:254)
	at org.testng.SuiteRunnerWorker.runSuite(SuiteRunnerWorker.java:52)
	at org.testng.SuiteRunnerWorker.run(SuiteRunnerWorker.java:86)
	at org.testng.TestNG.runSuitesSequentially(TestNG.java:1224)
	at org.testng.TestNG.runSuitesLocally(TestNG.java:1149)
	at org.testng.TestNG.run(TestNG.java:1057)
	at org.testng.remote.AbstractRemoteTestNG.run(AbstractRemoteTestNG.java:114)
	at org.testng.remote.RemoteTestNG.initAndRun(RemoteTestNG.java:251)
	at org.testng.remote.RemoteTestNG.main(RemoteTestNG.java:77)
]]>
    </error>
  </testcase> <!-- duedilScreeningApiTest -->
  <testcase name="duedilScreeningApiTest" time="2.002" classname="com.travelex.automation.api.duedil.FCPAdpaterScreening"/>
  <testcase name="duedilScreeningApiTest" time="2.319" classname="com.travelex.automation.api.duedil.FCPAdpaterScreening"/>
  <testcase name="duedilScreeningApiTest" time="2.897" classname="com.travelex.automation.api.duedil.FCPAdpaterScreening"/>
  <testcase name="duedilScreeningApiTest" time="2.306" classname="com.travelex.automation.api.duedil.FCPAdpaterScreening"/>
  <testcase name="duedilScreeningApiTest" time="2.483" classname="com.travelex.automation.api.duedil.FCPAdpaterScreening">
    <error type="java.lang.AssertionError" message="No Hit was expected but HIT FOUND expected [true] but found [false]">
      <![CDATA[java.lang.AssertionError: No Hit was expected but HIT FOUND expected [true] but found [false]
	at org.testng.Assert.fail(Assert.java:94)
	at org.testng.Assert.failNotEquals(Assert.java:494)
	at org.testng.Assert.assertTrue(Assert.java:42)
	at com.travelex.automation.api.methods.ExecuteApiMethods_FCP.executePostMethodForFCPAdapter(ExecuteApiMethods_FCP.java:140)
	at com.travelex.automation.api.duedil.FCPAdpaterScreening.duedilScreeningApiTest(FCPAdpaterScreening.java:136)
	at sun.reflect.GeneratedMethodAccessor59.invoke(Unknown Source)
	at sun.reflect.DelegatingMethodAccessorImpl.invoke(Unknown Source)
	at java.lang.reflect.Method.invoke(Unknown Source)
	at org.testng.internal.MethodInvocationHelper.invokeMethod(MethodInvocationHelper.java:85)
	at org.testng.internal.Invoker.invokeMethod(Invoker.java:696)
	at org.testng.internal.Invoker.invokeTestMethod(Invoker.java:882)
	at org.testng.internal.Invoker.invokeTestMethods(Invoker.java:1189)
	at org.testng.internal.TestMethodWorker.invokeTestMethods(TestMethodWorker.java:124)
	at org.testng.internal.TestMethodWorker.run(TestMethodWorker.java:108)
	at org.testng.TestRunner.privateRun(TestRunner.java:767)
	at org.testng.TestRunner.run(TestRunner.java:617)
	at org.testng.SuiteRunner.runTest(SuiteRunner.java:348)
	at org.testng.SuiteRunner.runSequentially(SuiteRunner.java:343)
	at org.testng.SuiteRunner.privateRun(SuiteRunner.java:305)
	at org.testng.SuiteRunner.run(SuiteRunner.java:254)
	at org.testng.SuiteRunnerWorker.runSuite(SuiteRunnerWorker.java:52)
	at org.testng.SuiteRunnerWorker.run(SuiteRunnerWorker.java:86)
	at org.testng.TestNG.runSuitesSequentially(TestNG.java:1224)
	at org.testng.TestNG.runSuitesLocally(TestNG.java:1149)
	at org.testng.TestNG.run(TestNG.java:1057)
	at org.testng.remote.AbstractRemoteTestNG.run(AbstractRemoteTestNG.java:114)
	at org.testng.remote.RemoteTestNG.initAndRun(RemoteTestNG.java:251)
	at org.testng.remote.RemoteTestNG.main(RemoteTestNG.java:77)
]]>
    </error>
  </testcase> <!-- duedilScreeningApiTest -->
  <testcase name="duedilScreeningApiTest" time="2.049" classname="com.travelex.automation.api.duedil.FCPAdpaterScreening">
    <error type="java.lang.AssertionError" message="Hit was expected but NO HIT FOUND expected [true] but found [false]">
      <![CDATA[java.lang.AssertionError: Hit was expected but NO HIT FOUND expected [true] but found [false]
	at org.testng.Assert.fail(Assert.java:94)
	at org.testng.Assert.failNotEquals(Assert.java:494)
	at org.testng.Assert.assertTrue(Assert.java:42)
	at com.travelex.automation.api.methods.ExecuteApiMethods_FCP.executePostMethodForFCPAdapter(ExecuteApiMethods_FCP.java:99)
	at com.travelex.automation.api.duedil.FCPAdpaterScreening.duedilScreeningApiTest(FCPAdpaterScreening.java:136)
	at sun.reflect.GeneratedMethodAccessor59.invoke(Unknown Source)
	at sun.reflect.DelegatingMethodAccessorImpl.invoke(Unknown Source)
	at java.lang.reflect.Method.invoke(Unknown Source)
	at org.testng.internal.MethodInvocationHelper.invokeMethod(MethodInvocationHelper.java:85)
	at org.testng.internal.Invoker.invokeMethod(Invoker.java:696)
	at org.testng.internal.Invoker.invokeTestMethod(Invoker.java:882)
	at org.testng.internal.Invoker.invokeTestMethods(Invoker.java:1189)
	at org.testng.internal.TestMethodWorker.invokeTestMethods(TestMethodWorker.java:124)
	at org.testng.internal.TestMethodWorker.run(TestMethodWorker.java:108)
	at org.testng.TestRunner.privateRun(TestRunner.java:767)
	at org.testng.TestRunner.run(TestRunner.java:617)
	at org.testng.SuiteRunner.runTest(SuiteRunner.java:348)
	at org.testng.SuiteRunner.runSequentially(SuiteRunner.java:343)
	at org.testng.SuiteRunner.privateRun(SuiteRunner.java:305)
	at org.testng.SuiteRunner.run(SuiteRunner.java:254)
	at org.testng.SuiteRunnerWorker.runSuite(SuiteRunnerWorker.java:52)
	at org.testng.SuiteRunnerWorker.run(SuiteRunnerWorker.java:86)
	at org.testng.TestNG.runSuitesSequentially(TestNG.java:1224)
	at org.testng.TestNG.runSuitesLocally(TestNG.java:1149)
	at org.testng.TestNG.run(TestNG.java:1057)
	at org.testng.remote.AbstractRemoteTestNG.run(AbstractRemoteTestNG.java:114)
	at org.testng.remote.RemoteTestNG.initAndRun(RemoteTestNG.java:251)
	at org.testng.remote.RemoteTestNG.main(RemoteTestNG.java:77)
]]>
    </error>
  </testcase> <!-- duedilScreeningApiTest -->
  <testcase name="duedilScreeningApiTest" time="2.311" classname="com.travelex.automation.api.duedil.FCPAdpaterScreening"/>
  <testcase name="duedilScreeningApiTest" time="2.472" classname="com.travelex.automation.api.duedil.FCPAdpaterScreening"/>
  <testcase name="duedilScreeningApiTest" time="2.242" classname="com.travelex.automation.api.duedil.FCPAdpaterScreening"/>
  <testcase name="duedilScreeningApiTest" time="2.566" classname="com.travelex.automation.api.duedil.FCPAdpaterScreening"/>
  <testcase name="duedilScreeningApiTest" time="1.918" classname="com.travelex.automation.api.duedil.FCPAdpaterScreening"/>
  <testcase name="duedilScreeningApiTest" time="2.293" classname="com.travelex.automation.api.duedil.FCPAdpaterScreening"/>
  <testcase name="duedilScreeningApiTest" time="2.075" classname="com.travelex.automation.api.duedil.FCPAdpaterScreening"/>
  <testcase name="duedilScreeningApiTest" time="2.075" classname="com.travelex.automation.api.duedil.FCPAdpaterScreening"/>
  <testcase name="duedilScreeningApiTest" time="1.925" classname="com.travelex.automation.api.duedil.FCPAdpaterScreening"/>
</testsuite> <!-- com.travelex.automation.api.duedil.FCPAdpaterScreening -->
